#
# There is insufficient memory for the Java Runtime Environment to continue.
# Native memory allocation (malloc) failed to allocate 1656976 bytes for Chunk::new
# Possible reasons:
#   The system is out of physical RAM or swap space
#   The process is running with CompressedOops enabled, and the Java Heap may be blocking the growth of the native heap
# Possible solutions:
#   Reduce memory load on the system
#   Increase physical memory or swap space
#   Check if swap backing store is full
#   Decrease Java heap size (-Xmx/-Xms)
#   Decrease number of Java threads
#   Decrease Java thread stack sizes (-Xss)
#   Set larger code cache with -XX:ReservedCodeCacheSize=
#   JVM is running with Unscaled Compressed Oops mode in which the Java heap is
#     placed in the first 4GB address space. The Java Heap base address is the
#     maximum limit for the native heap growth. Please use -XX:HeapBaseMinAddress
#     to set the Java Heap base and to place the Java Heap above 4GB virtual address.
# This output file may be truncated or incomplete.
#
#  Out of Memory Error (./src/hotspot/share/memory/arena.cpp:197), pid=9268, tid=14004
#
# JRE version: OpenJDK Runtime Environment (11.0.12+7) (build 11.0.12+7-b1504.28-7817840)
# Java VM: OpenJDK 64-Bit Server VM (11.0.12+7-b1504.28-7817840, mixed mode, tiered, compressed oops, g1 gc, windows-amd64)
# No core dump will be written. Minidumps are not enabled by default on client versions of Windows
#

---------------  S U M M A R Y ------------

Command Line: org.jetbrains.kotlin.cli.jvm.K2JVMCompiler @C:\Users\Horvath\AndroidStudioProjects\Android-11.eloadas\app\build\20221219_2276041297529127057.compiler.options

Host: Intel(R) Core(TM) i5-9300H CPU @ 2.40GHz, 8 cores, 7G,  Windows 10 , 64 bit Build 19041 (10.0.19041.2364)
Time: Mon Dec 19 21:34:00 2022 2. orosz idõzóna, téli idõ elapsed time: 2.441747 seconds (0d 0h 0m 2s)

---------------  T H R E A D  ---------------

Current thread (0x00000296480eb000):  JavaThread "C2 CompilerThread1" daemon [_thread_in_native, id=14004, stack(0x000000ef32700000,0x000000ef32800000)]


Current CompileTask:
C2:   2441 2964       4       java.lang.ClassLoader::loadClass (7 bytes)

Stack: [0x000000ef32700000,0x000000ef32800000]
Native frames: (J=compiled Java code, j=interpreted, Vv=VM code, C=native code)
V  [jvm.dll+0x5fbcea]
V  [jvm.dll+0x731905]
V  [jvm.dll+0x732f1d]
V  [jvm.dll+0x7335d3]
V  [jvm.dll+0x247bf8]
V  [jvm.dll+0xc018c]
V  [jvm.dll+0xc06cc]
V  [jvm.dll+0x35b31d]
V  [jvm.dll+0x19cebc]
V  [jvm.dll+0x20070e]
V  [jvm.dll+0x1ff794]
V  [jvm.dll+0x18868c]
V  [jvm.dll+0x20e0d7]
V  [jvm.dll+0x20c901]
V  [jvm.dll+0x6f9b7f]
V  [jvm.dll+0x6f26a5]
V  [jvm.dll+0x5fabf6]
C  [ucrtbase.dll+0x21bb2]
C  [KERNEL32.DLL+0x17614]
C  [ntdll.dll+0x526a1]


---------------  P R O C E S S  ---------------

Threads class SMR info:
_java_thread_list=0x000002964aefa2b0, length=12, elements={
0x000002962ac9d800, 0x0000029646f7c000, 0x0000029646f87000, 0x0000029646f9d000,
0x0000029646f9e800, 0x0000029646fa0800, 0x0000029646fa1800, 0x0000029647914800,
0x0000029647917000, 0x0000029647a73800, 0x00000296480eb000, 0x0000029649914000
}

Java Threads: ( => current thread )
  0x000002962ac9d800 JavaThread "main" [_thread_in_vm, id=14372, stack(0x000000ef31600000,0x000000ef31700000)]
  0x0000029646f7c000 JavaThread "Reference Handler" daemon [_thread_blocked, id=8320, stack(0x000000ef31d00000,0x000000ef31e00000)]
  0x0000029646f87000 JavaThread "Finalizer" daemon [_thread_blocked, id=13172, stack(0x000000ef31e00000,0x000000ef31f00000)]
  0x0000029646f9d000 JavaThread "Signal Dispatcher" daemon [_thread_blocked, id=14720, stack(0x000000ef31f00000,0x000000ef32000000)]
  0x0000029646f9e800 JavaThread "Attach Listener" daemon [_thread_blocked, id=10464, stack(0x000000ef32000000,0x000000ef32100000)]
  0x0000029646fa0800 JavaThread "Service Thread" daemon [_thread_blocked, id=5624, stack(0x000000ef32100000,0x000000ef32200000)]
  0x0000029646fa1800 JavaThread "C2 CompilerThread0" daemon [_thread_in_native, id=2104, stack(0x000000ef32200000,0x000000ef32300000)]
  0x0000029647914800 JavaThread "C1 CompilerThread0" daemon [_thread_blocked, id=8776, stack(0x000000ef32300000,0x000000ef32400000)]
  0x0000029647917000 JavaThread "Sweeper thread" daemon [_thread_blocked, id=13512, stack(0x000000ef32400000,0x000000ef32500000)]
  0x0000029647a73800 JavaThread "Common-Cleaner" daemon [_thread_blocked, id=2112, stack(0x000000ef32600000,0x000000ef32700000)]
=>0x00000296480eb000 JavaThread "C2 CompilerThread1" daemon [_thread_in_native, id=14004, stack(0x000000ef32700000,0x000000ef32800000)]
  0x0000029649914000 JavaThread "C2 CompilerThread2" daemon [_thread_in_native, id=10820, stack(0x000000ef32800000,0x000000ef32900000)]

Other Threads:
  0x0000029646f56800 VMThread "VM Thread" [stack: 0x000000ef31c00000,0x000000ef31d00000] [id=7808]
  0x0000029647a66800 WatcherThread [stack: 0x000000ef32500000,0x000000ef32600000] [id=13588]
  0x000002962acb4800 GCTaskThread "GC Thread#0" [stack: 0x000000ef31700000,0x000000ef31800000] [id=12552]
  0x0000029648115000 GCTaskThread "GC Thread#1" [stack: 0x000000ef32900000,0x000000ef32a00000] [id=10436]
  0x0000029647d25800 GCTaskThread "GC Thread#2" [stack: 0x000000ef32a00000,0x000000ef32b00000] [id=15236]
  0x000002962ace6800 ConcurrentGCThread "G1 Main Marker" [stack: 0x000000ef31800000,0x000000ef31900000] [id=5472]
  0x000002962ace8800 ConcurrentGCThread "G1 Conc#0" [stack: 0x000000ef31900000,0x000000ef31a00000] [id=13416]
  0x0000029648446000 ConcurrentGCThread "G1 Conc#1" [stack: 0x000000ef32b00000,0x000000ef32c00000] [id=10824]
  0x0000029646dc0800 ConcurrentGCThread "G1 Refine#0" [stack: 0x000000ef31a00000,0x000000ef31b00000] [id=12784]
  0x000002964b246800 ConcurrentGCThread "G1 Refine#1" [stack: 0x000000ef32c00000,0x000000ef32d00000] [id=11072]
  0x0000029649469000 ConcurrentGCThread "G1 Refine#2" [stack: 0x000000ef32d00000,0x000000ef32e00000] [id=848]
  0x000002964c0b6000 ConcurrentGCThread "G1 Refine#3" [stack: 0x000000ef32e00000,0x000000ef32f00000] [id=4248]
  0x0000029646dc1800 ConcurrentGCThread "G1 Young RemSet Sampling" [stack: 0x000000ef31b00000,0x000000ef31c00000] [id=11276]

Threads with active compile tasks:
C2 CompilerThread0   2456 3200       4       jdk.internal.loader.ClassLoaders$AppClassLoader::loadClass (40 bytes)
C2 CompilerThread1   2456 2964       4       java.lang.ClassLoader::loadClass (7 bytes)
C2 CompilerThread2   2456 3191   !   4       jdk.internal.loader.BuiltinClassLoader::findClassOnClassPathOrNull (64 bytes)

VM state:not at safepoint (normal execution)

VM Mutex/Monitor currently owned by a thread: None

Heap address: 0x0000000082400000, size: 2012 MB, Compressed Oops mode: 32-bit
Narrow klass base: 0x0000000000000000, Narrow klass shift: 3
Compressed class space size: 1073741824 Address: 0x0000000100000000

Heap:
 garbage-first heap   total 162816K, used 26709K [0x0000000082400000, 0x0000000100000000)
  region size 1024K, 9 young (9216K), 7 survivors (7168K)
 Metaspace       used 46374K, capacity 46850K, committed 47024K, reserved 1091584K
  class space    used 5512K, capacity 5710K, committed 5808K, reserved 1048576K
Heap Regions: E=young(eden), S=young(survivor), O=old, HS=humongous(starts), HC=humongous(continues), CS=collection set, F=free, A=archive, TAMS=top-at-mark-start (previous, next)
|   0|0x0000000082400000, 0x0000000082500000, 0x0000000082500000|100%|HS|  |TAMS 0x0000000082500000, 0x0000000082400000| Complete 
|   1|0x0000000082500000, 0x0000000082600000, 0x0000000082600000|100%|HC|  |TAMS 0x0000000082600000, 0x0000000082500000| Complete 
|   2|0x0000000082600000, 0x0000000082700000, 0x0000000082700000|100%|HC|  |TAMS 0x0000000082700000, 0x0000000082600000| Complete 
|   3|0x0000000082700000, 0x0000000082800000, 0x0000000082800000|100%| O|  |TAMS 0x0000000082800000, 0x0000000082700000| Untracked 
|   4|0x0000000082800000, 0x0000000082900000, 0x0000000082900000|100%| O|  |TAMS 0x0000000082900000, 0x0000000082800000| Untracked 
|   5|0x0000000082900000, 0x0000000082a00000, 0x0000000082a00000|100%|HS|  |TAMS 0x0000000082a00000, 0x0000000082900000| Complete 
|   6|0x0000000082a00000, 0x0000000082b00000, 0x0000000082b00000|100%|HC|  |TAMS 0x0000000082b00000, 0x0000000082a00000| Complete 
|   7|0x0000000082b00000, 0x0000000082c00000, 0x0000000082c00000|100%|HC|  |TAMS 0x0000000082c00000, 0x0000000082b00000| Complete 
|   8|0x0000000082c00000, 0x0000000082c00000, 0x0000000082d00000|  0%| F|  |TAMS 0x0000000082c00000, 0x0000000082c00000| Untracked 
|   9|0x0000000082d00000, 0x0000000082d00000, 0x0000000082e00000|  0%| F|  |TAMS 0x0000000082d00000, 0x0000000082d00000| Untracked 
|  10|0x0000000082e00000, 0x0000000082f00000, 0x0000000082f00000|100%| O|  |TAMS 0x0000000082f00000, 0x0000000082e00000| Untracked 
|  11|0x0000000082f00000, 0x0000000083000000, 0x0000000083000000|100%| O|  |TAMS 0x0000000083000000, 0x0000000082f00000| Untracked 
|  12|0x0000000083000000, 0x0000000083100000, 0x0000000083100000|100%| O|  |TAMS 0x0000000083100000, 0x0000000083000000| Untracked 
|  13|0x0000000083100000, 0x0000000083200000, 0x0000000083200000|100%| O|  |TAMS 0x0000000083200000, 0x0000000083100000| Untracked 
|  14|0x0000000083200000, 0x0000000083300000, 0x0000000083300000|100%| O|  |TAMS 0x0000000083300000, 0x0000000083200000| Untracked 
|  15|0x0000000083300000, 0x0000000083400000, 0x0000000083400000|100%| O|  |TAMS 0x0000000083400000, 0x0000000083300000| Untracked 
|  16|0x0000000083400000, 0x0000000083500000, 0x0000000083500000|100%| O|  |TAMS 0x0000000083500000, 0x0000000083400000| Untracked 
|  17|0x0000000083500000, 0x0000000083600000, 0x0000000083600000|100%| O|  |TAMS 0x0000000083600000, 0x0000000083500000| Untracked 
|  18|0x0000000083600000, 0x0000000083700000, 0x0000000083700000|100%| O|  |TAMS 0x0000000083700000, 0x0000000083600000| Untracked 
|  19|0x0000000083700000, 0x0000000083800000, 0x0000000083800000|100%| O|  |TAMS 0x0000000083800000, 0x0000000083700000| Untracked 
|  20|0x0000000083800000, 0x00000000838df600, 0x0000000083900000| 87%| O|  |TAMS 0x00000000838df600, 0x0000000083800000| Untracked 
|  21|0x0000000083900000, 0x0000000083900000, 0x0000000083a00000|  0%| F|  |TAMS 0x0000000083900000, 0x0000000083900000| Untracked 
|  22|0x0000000083a00000, 0x0000000083a00000, 0x0000000083b00000|  0%| F|  |TAMS 0x0000000083a00000, 0x0000000083a00000| Untracked 
|  23|0x0000000083b00000, 0x0000000083b00000, 0x0000000083c00000|  0%| F|  |TAMS 0x0000000083b00000, 0x0000000083b00000| Untracked 
|  24|0x0000000083c00000, 0x0000000083c00000, 0x0000000083d00000|  0%| F|  |TAMS 0x0000000083c00000, 0x0000000083c00000| Untracked 
|  25|0x0000000083d00000, 0x0000000083d00000, 0x0000000083e00000|  0%| F|  |TAMS 0x0000000083d00000, 0x0000000083d00000| Untracked 
|  26|0x0000000083e00000, 0x0000000083e00000, 0x0000000083f00000|  0%| F|  |TAMS 0x0000000083e00000, 0x0000000083e00000| Untracked 
|  27|0x0000000083f00000, 0x0000000083f00000, 0x0000000084000000|  0%| F|  |TAMS 0x0000000083f00000, 0x0000000083f00000| Untracked 
|  28|0x0000000084000000, 0x0000000084000000, 0x0000000084100000|  0%| F|  |TAMS 0x0000000084000000, 0x0000000084000000| Untracked 
|  29|0x0000000084100000, 0x0000000084100000, 0x0000000084200000|  0%| F|  |TAMS 0x0000000084100000, 0x0000000084100000| Untracked 
|  30|0x0000000084200000, 0x0000000084200000, 0x0000000084300000|  0%| F|  |TAMS 0x0000000084200000, 0x0000000084200000| Untracked 
|  31|0x0000000084300000, 0x0000000084300000, 0x0000000084400000|  0%| F|  |TAMS 0x0000000084300000, 0x0000000084300000| Untracked 
|  32|0x0000000084400000, 0x0000000084400000, 0x0000000084500000|  0%| F|  |TAMS 0x0000000084400000, 0x0000000084400000| Untracked 
|  33|0x0000000084500000, 0x0000000084500000, 0x0000000084600000|  0%| F|  |TAMS 0x0000000084500000, 0x0000000084500000| Untracked 
|  34|0x0000000084600000, 0x0000000084600000, 0x0000000084700000|  0%| F|  |TAMS 0x0000000084600000, 0x0000000084600000| Untracked 
|  35|0x0000000084700000, 0x0000000084700000, 0x0000000084800000|  0%| F|  |TAMS 0x0000000084700000, 0x0000000084700000| Untracked 
|  36|0x0000000084800000, 0x0000000084800000, 0x0000000084900000|  0%| F|  |TAMS 0x0000000084800000, 0x0000000084800000| Untracked 
|  37|0x0000000084900000, 0x0000000084900000, 0x0000000084a00000|  0%| F|  |TAMS 0x0000000084900000, 0x0000000084900000| Untracked 
|  38|0x0000000084a00000, 0x0000000084a00000, 0x0000000084b00000|  0%| F|  |TAMS 0x0000000084a00000, 0x0000000084a00000| Untracked 
|  39|0x0000000084b00000, 0x0000000084b00000, 0x0000000084c00000|  0%| F|  |TAMS 0x0000000084b00000, 0x0000000084b00000| Untracked 
|  40|0x0000000084c00000, 0x0000000084c00000, 0x0000000084d00000|  0%| F|  |TAMS 0x0000000084c00000, 0x0000000084c00000| Untracked 
|  41|0x0000000084d00000, 0x0000000084d00000, 0x0000000084e00000|  0%| F|  |TAMS 0x0000000084d00000, 0x0000000084d00000| Untracked 
|  42|0x0000000084e00000, 0x0000000084e00000, 0x0000000084f00000|  0%| F|  |TAMS 0x0000000084e00000, 0x0000000084e00000| Untracked 
|  43|0x0000000084f00000, 0x0000000084f00000, 0x0000000085000000|  0%| F|  |TAMS 0x0000000084f00000, 0x0000000084f00000| Untracked 
|  44|0x0000000085000000, 0x0000000085000000, 0x0000000085100000|  0%| F|  |TAMS 0x0000000085000000, 0x0000000085000000| Untracked 
|  45|0x0000000085100000, 0x0000000085100000, 0x0000000085200000|  0%| F|  |TAMS 0x0000000085100000, 0x0000000085100000| Untracked 
|  46|0x0000000085200000, 0x0000000085200000, 0x0000000085300000|  0%| F|  |TAMS 0x0000000085200000, 0x0000000085200000| Untracked 
|  47|0x0000000085300000, 0x0000000085300000, 0x0000000085400000|  0%| F|  |TAMS 0x0000000085300000, 0x0000000085300000| Untracked 
|  48|0x0000000085400000, 0x0000000085400000, 0x0000000085500000|  0%| F|  |TAMS 0x0000000085400000, 0x0000000085400000| Untracked 
|  49|0x0000000085500000, 0x0000000085500000, 0x0000000085600000|  0%| F|  |TAMS 0x0000000085500000, 0x0000000085500000| Untracked 
|  50|0x0000000085600000, 0x0000000085600000, 0x0000000085700000|  0%| F|  |TAMS 0x0000000085600000, 0x0000000085600000| Untracked 
|  51|0x0000000085700000, 0x0000000085700000, 0x0000000085800000|  0%| F|  |TAMS 0x0000000085700000, 0x0000000085700000| Untracked 
|  52|0x0000000085800000, 0x0000000085800000, 0x0000000085900000|  0%| F|  |TAMS 0x0000000085800000, 0x0000000085800000| Untracked 
|  53|0x0000000085900000, 0x0000000085900000, 0x0000000085a00000|  0%| F|  |TAMS 0x0000000085900000, 0x0000000085900000| Untracked 
|  54|0x0000000085a00000, 0x0000000085a00000, 0x0000000085b00000|  0%| F|  |TAMS 0x0000000085a00000, 0x0000000085a00000| Untracked 
|  55|0x0000000085b00000, 0x0000000085b00000, 0x0000000085c00000|  0%| F|  |TAMS 0x0000000085b00000, 0x0000000085b00000| Untracked 
|  56|0x0000000085c00000, 0x0000000085c00000, 0x0000000085d00000|  0%| F|  |TAMS 0x0000000085c00000, 0x0000000085c00000| Untracked 
|  57|0x0000000085d00000, 0x0000000085d00000, 0x0000000085e00000|  0%| F|  |TAMS 0x0000000085d00000, 0x0000000085d00000| Untracked 
|  58|0x0000000085e00000, 0x0000000085e00000, 0x0000000085f00000|  0%| F|  |TAMS 0x0000000085e00000, 0x0000000085e00000| Untracked 
|  59|0x0000000085f00000, 0x0000000085f00000, 0x0000000086000000|  0%| F|  |TAMS 0x0000000085f00000, 0x0000000085f00000| Untracked 
|  60|0x0000000086000000, 0x0000000086000000, 0x0000000086100000|  0%| F|  |TAMS 0x0000000086000000, 0x0000000086000000| Untracked 
|  61|0x0000000086100000, 0x0000000086100000, 0x0000000086200000|  0%| F|  |TAMS 0x0000000086100000, 0x0000000086100000| Untracked 
|  62|0x0000000086200000, 0x0000000086200000, 0x0000000086300000|  0%| F|  |TAMS 0x0000000086200000, 0x0000000086200000| Untracked 
|  63|0x0000000086300000, 0x0000000086300000, 0x0000000086400000|  0%| F|  |TAMS 0x0000000086300000, 0x0000000086300000| Untracked 
|  64|0x0000000086400000, 0x0000000086400000, 0x0000000086500000|  0%| F|  |TAMS 0x0000000086400000, 0x0000000086400000| Untracked 
|  65|0x0000000086500000, 0x0000000086500000, 0x0000000086600000|  0%| F|  |TAMS 0x0000000086500000, 0x0000000086500000| Untracked 
|  66|0x0000000086600000, 0x0000000086600000, 0x0000000086700000|  0%| F|  |TAMS 0x0000000086600000, 0x0000000086600000| Untracked 
|  67|0x0000000086700000, 0x0000000086700000, 0x0000000086800000|  0%| F|  |TAMS 0x0000000086700000, 0x0000000086700000| Untracked 
|  68|0x0000000086800000, 0x0000000086800000, 0x0000000086900000|  0%| F|  |TAMS 0x0000000086800000, 0x0000000086800000| Untracked 
|  69|0x0000000086900000, 0x0000000086935e50, 0x0000000086a00000| 21%| S|CS|TAMS 0x0000000086900000, 0x0000000086900000| Complete 
|  70|0x0000000086a00000, 0x0000000086b00000, 0x0000000086b00000|100%| S|CS|TAMS 0x0000000086a00000, 0x0000000086a00000| Complete 
|  71|0x0000000086b00000, 0x0000000086c00000, 0x0000000086c00000|100%| S|CS|TAMS 0x0000000086b00000, 0x0000000086b00000| Complete 
|  72|0x0000000086c00000, 0x0000000086d00000, 0x0000000086d00000|100%| S|CS|TAMS 0x0000000086c00000, 0x0000000086c00000| Complete 
|  73|0x0000000086d00000, 0x0000000086e00000, 0x0000000086e00000|100%| S|CS|TAMS 0x0000000086d00000, 0x0000000086d00000| Complete 
|  74|0x0000000086e00000, 0x0000000086f00000, 0x0000000086f00000|100%| S|CS|TAMS 0x0000000086e00000, 0x0000000086e00000| Complete 
|  75|0x0000000086f00000, 0x0000000087000000, 0x0000000087000000|100%| S|CS|TAMS 0x0000000086f00000, 0x0000000086f00000| Complete 
|  76|0x0000000087000000, 0x0000000087000000, 0x0000000087100000|  0%| F|  |TAMS 0x0000000087000000, 0x0000000087000000| Untracked 
|  77|0x0000000087100000, 0x0000000087100000, 0x0000000087200000|  0%| F|  |TAMS 0x0000000087100000, 0x0000000087100000| Untracked 
|  78|0x0000000087200000, 0x0000000087200000, 0x0000000087300000|  0%| F|  |TAMS 0x0000000087200000, 0x0000000087200000| Untracked 
|  79|0x0000000087300000, 0x0000000087300000, 0x0000000087400000|  0%| F|  |TAMS 0x0000000087300000, 0x0000000087300000| Untracked 
|  80|0x0000000087400000, 0x0000000087400000, 0x0000000087500000|  0%| F|  |TAMS 0x0000000087400000, 0x0000000087400000| Untracked 
|  81|0x0000000087500000, 0x0000000087500000, 0x0000000087600000|  0%| F|  |TAMS 0x0000000087500000, 0x0000000087500000| Untracked 
|  82|0x0000000087600000, 0x0000000087600000, 0x0000000087700000|  0%| F|  |TAMS 0x0000000087600000, 0x0000000087600000| Untracked 
|  83|0x0000000087700000, 0x0000000087700000, 0x0000000087800000|  0%| F|  |TAMS 0x0000000087700000, 0x0000000087700000| Untracked 
|  84|0x0000000087800000, 0x0000000087800000, 0x0000000087900000|  0%| F|  |TAMS 0x0000000087800000, 0x0000000087800000| Untracked 
|  85|0x0000000087900000, 0x0000000087900000, 0x0000000087a00000|  0%| F|  |TAMS 0x0000000087900000, 0x0000000087900000| Untracked 
|  86|0x0000000087a00000, 0x0000000087a00000, 0x0000000087b00000|  0%| F|  |TAMS 0x0000000087a00000, 0x0000000087a00000| Untracked 
|  87|0x0000000087b00000, 0x0000000087b00000, 0x0000000087c00000|  0%| F|  |TAMS 0x0000000087b00000, 0x0000000087b00000| Untracked 
|  88|0x0000000087c00000, 0x0000000087c00000, 0x0000000087d00000|  0%| F|  |TAMS 0x0000000087c00000, 0x0000000087c00000| Untracked 
|  89|0x0000000087d00000, 0x0000000087d00000, 0x0000000087e00000|  0%| F|  |TAMS 0x0000000087d00000, 0x0000000087d00000| Untracked 
|  90|0x0000000087e00000, 0x0000000087e00000, 0x0000000087f00000|  0%| F|  |TAMS 0x0000000087e00000, 0x0000000087e00000| Untracked 
|  91|0x0000000087f00000, 0x0000000087f00000, 0x0000000088000000|  0%| F|  |TAMS 0x0000000087f00000, 0x0000000087f00000| Untracked 
|  92|0x0000000088000000, 0x0000000088000000, 0x0000000088100000|  0%| F|  |TAMS 0x0000000088000000, 0x0000000088000000| Untracked 
|  93|0x0000000088100000, 0x0000000088100000, 0x0000000088200000|  0%| F|  |TAMS 0x0000000088100000, 0x0000000088100000| Untracked 
|  94|0x0000000088200000, 0x0000000088200000, 0x0000000088300000|  0%| F|  |TAMS 0x0000000088200000, 0x0000000088200000| Untracked 
|  95|0x0000000088300000, 0x0000000088300000, 0x0000000088400000|  0%| F|  |TAMS 0x0000000088300000, 0x0000000088300000| Untracked 
|  96|0x0000000088400000, 0x0000000088400000, 0x0000000088500000|  0%| F|  |TAMS 0x0000000088400000, 0x0000000088400000| Untracked 
|  97|0x0000000088500000, 0x0000000088500000, 0x0000000088600000|  0%| F|  |TAMS 0x0000000088500000, 0x0000000088500000| Untracked 
|  98|0x0000000088600000, 0x0000000088600000, 0x0000000088700000|  0%| F|  |TAMS 0x0000000088600000, 0x0000000088600000| Untracked 
|  99|0x0000000088700000, 0x0000000088700000, 0x0000000088800000|  0%| F|  |TAMS 0x0000000088700000, 0x0000000088700000| Untracked 
| 100|0x0000000088800000, 0x0000000088800000, 0x0000000088900000|  0%| F|  |TAMS 0x0000000088800000, 0x0000000088800000| Untracked 
| 101|0x0000000088900000, 0x0000000088900000, 0x0000000088a00000|  0%| F|  |TAMS 0x0000000088900000, 0x0000000088900000| Untracked 
| 102|0x0000000088a00000, 0x0000000088a00000, 0x0000000088b00000|  0%| F|  |TAMS 0x0000000088a00000, 0x0000000088a00000| Untracked 
| 103|0x0000000088b00000, 0x0000000088b00000, 0x0000000088c00000|  0%| F|  |TAMS 0x0000000088b00000, 0x0000000088b00000| Untracked 
| 104|0x0000000088c00000, 0x0000000088c00000, 0x0000000088d00000|  0%| F|  |TAMS 0x0000000088c00000, 0x0000000088c00000| Untracked 
| 105|0x0000000088d00000, 0x0000000088d00000, 0x0000000088e00000|  0%| F|  |TAMS 0x0000000088d00000, 0x0000000088d00000| Untracked 
| 106|0x0000000088e00000, 0x0000000088e00000, 0x0000000088f00000|  0%| F|  |TAMS 0x0000000088e00000, 0x0000000088e00000| Untracked 
| 107|0x0000000088f00000, 0x0000000088f00000, 0x0000000089000000|  0%| F|  |TAMS 0x0000000088f00000, 0x0000000088f00000| Untracked 
| 108|0x0000000089000000, 0x0000000089000000, 0x0000000089100000|  0%| F|  |TAMS 0x0000000089000000, 0x0000000089000000| Untracked 
| 109|0x0000000089100000, 0x0000000089100000, 0x0000000089200000|  0%| F|  |TAMS 0x0000000089100000, 0x0000000089100000| Untracked 
| 110|0x0000000089200000, 0x0000000089200000, 0x0000000089300000|  0%| F|  |TAMS 0x0000000089200000, 0x0000000089200000| Untracked 
| 111|0x0000000089300000, 0x0000000089300000, 0x0000000089400000|  0%| F|  |TAMS 0x0000000089300000, 0x0000000089300000| Untracked 
| 112|0x0000000089400000, 0x0000000089400000, 0x0000000089500000|  0%| F|  |TAMS 0x0000000089400000, 0x0000000089400000| Untracked 
| 113|0x0000000089500000, 0x0000000089500000, 0x0000000089600000|  0%| F|  |TAMS 0x0000000089500000, 0x0000000089500000| Untracked 
| 114|0x0000000089600000, 0x0000000089600000, 0x0000000089700000|  0%| F|  |TAMS 0x0000000089600000, 0x0000000089600000| Untracked 
| 115|0x0000000089700000, 0x0000000089700000, 0x0000000089800000|  0%| F|  |TAMS 0x0000000089700000, 0x0000000089700000| Untracked 
| 116|0x0000000089800000, 0x0000000089800000, 0x0000000089900000|  0%| F|  |TAMS 0x0000000089800000, 0x0000000089800000| Untracked 
| 117|0x0000000089900000, 0x0000000089900000, 0x0000000089a00000|  0%| F|  |TAMS 0x0000000089900000, 0x0000000089900000| Untracked 
| 118|0x0000000089a00000, 0x0000000089a00000, 0x0000000089b00000|  0%| F|  |TAMS 0x0000000089a00000, 0x0000000089a00000| Untracked 
| 119|0x0000000089b00000, 0x0000000089b00000, 0x0000000089c00000|  0%| F|  |TAMS 0x0000000089b00000, 0x0000000089b00000| Untracked 
| 120|0x0000000089c00000, 0x0000000089c00000, 0x0000000089d00000|  0%| F|  |TAMS 0x0000000089c00000, 0x0000000089c00000| Untracked 
| 121|0x0000000089d00000, 0x0000000089d00000, 0x0000000089e00000|  0%| F|  |TAMS 0x0000000089d00000, 0x0000000089d00000| Untracked 
| 122|0x0000000089e00000, 0x0000000089e00000, 0x0000000089f00000|  0%| F|  |TAMS 0x0000000089e00000, 0x0000000089e00000| Untracked 
| 123|0x0000000089f00000, 0x0000000089f00000, 0x000000008a000000|  0%| F|  |TAMS 0x0000000089f00000, 0x0000000089f00000| Untracked 
| 124|0x000000008a000000, 0x000000008a000000, 0x000000008a100000|  0%| F|  |TAMS 0x000000008a000000, 0x000000008a000000| Untracked 
| 125|0x000000008a100000, 0x000000008a100000, 0x000000008a200000|  0%| F|  |TAMS 0x000000008a100000, 0x000000008a100000| Untracked 
| 126|0x000000008a200000, 0x000000008a200000, 0x000000008a300000|  0%| F|  |TAMS 0x000000008a200000, 0x000000008a200000| Untracked 
| 127|0x000000008a300000, 0x000000008a300000, 0x000000008a400000|  0%| F|  |TAMS 0x000000008a300000, 0x000000008a300000| Untracked 
| 128|0x000000008a400000, 0x000000008a400000, 0x000000008a500000|  0%| F|  |TAMS 0x000000008a400000, 0x000000008a400000| Untracked 
| 129|0x000000008a500000, 0x000000008a500000, 0x000000008a600000|  0%| F|  |TAMS 0x000000008a500000, 0x000000008a500000| Untracked 
| 130|0x000000008a600000, 0x000000008a600000, 0x000000008a700000|  0%| F|  |TAMS 0x000000008a600000, 0x000000008a600000| Untracked 
| 131|0x000000008a700000, 0x000000008a700000, 0x000000008a800000|  0%| F|  |TAMS 0x000000008a700000, 0x000000008a700000| Untracked 
| 132|0x000000008a800000, 0x000000008a800000, 0x000000008a900000|  0%| F|  |TAMS 0x000000008a800000, 0x000000008a800000| Untracked 
| 133|0x000000008a900000, 0x000000008a900000, 0x000000008aa00000|  0%| F|  |TAMS 0x000000008a900000, 0x000000008a900000| Untracked 
| 134|0x000000008aa00000, 0x000000008aa00000, 0x000000008ab00000|  0%| F|  |TAMS 0x000000008aa00000, 0x000000008aa00000| Untracked 
| 135|0x000000008ab00000, 0x000000008ab00000, 0x000000008ac00000|  0%| F|  |TAMS 0x000000008ab00000, 0x000000008ab00000| Untracked 
| 136|0x000000008ac00000, 0x000000008ac00000, 0x000000008ad00000|  0%| F|  |TAMS 0x000000008ac00000, 0x000000008ac00000| Untracked 
| 137|0x000000008ad00000, 0x000000008ad00000, 0x000000008ae00000|  0%| F|  |TAMS 0x000000008ad00000, 0x000000008ad00000| Untracked 
| 138|0x000000008ae00000, 0x000000008ae00000, 0x000000008af00000|  0%| F|  |TAMS 0x000000008ae00000, 0x000000008ae00000| Untracked 
| 139|0x000000008af00000, 0x000000008af00000, 0x000000008b000000|  0%| F|  |TAMS 0x000000008af00000, 0x000000008af00000| Untracked 
| 140|0x000000008b000000, 0x000000008b000000, 0x000000008b100000|  0%| F|  |TAMS 0x000000008b000000, 0x000000008b000000| Untracked 
| 141|0x000000008b100000, 0x000000008b100000, 0x000000008b200000|  0%| F|  |TAMS 0x000000008b100000, 0x000000008b100000| Untracked 
| 142|0x000000008b200000, 0x000000008b200000, 0x000000008b300000|  0%| F|  |TAMS 0x000000008b200000, 0x000000008b200000| Untracked 
| 143|0x000000008b300000, 0x000000008b300000, 0x000000008b400000|  0%| F|  |TAMS 0x000000008b300000, 0x000000008b300000| Untracked 
| 144|0x000000008b400000, 0x000000008b400000, 0x000000008b500000|  0%| F|  |TAMS 0x000000008b400000, 0x000000008b400000| Untracked 
| 145|0x000000008b500000, 0x000000008b500000, 0x000000008b600000|  0%| F|  |TAMS 0x000000008b500000, 0x000000008b500000| Untracked 
| 146|0x000000008b600000, 0x000000008b600000, 0x000000008b700000|  0%| F|  |TAMS 0x000000008b600000, 0x000000008b600000| Untracked 
| 147|0x000000008b700000, 0x000000008b700000, 0x000000008b800000|  0%| F|  |TAMS 0x000000008b700000, 0x000000008b700000| Untracked 
| 148|0x000000008b800000, 0x000000008b800000, 0x000000008b900000|  0%| F|  |TAMS 0x000000008b800000, 0x000000008b800000| Untracked 
| 149|0x000000008b900000, 0x000000008b900000, 0x000000008ba00000|  0%| F|  |TAMS 0x000000008b900000, 0x000000008b900000| Untracked 
| 150|0x000000008ba00000, 0x000000008ba00000, 0x000000008bb00000|  0%| F|  |TAMS 0x000000008ba00000, 0x000000008ba00000| Untracked 
| 151|0x000000008bb00000, 0x000000008bb00000, 0x000000008bc00000|  0%| F|  |TAMS 0x000000008bb00000, 0x000000008bb00000| Untracked 
| 152|0x000000008bc00000, 0x000000008bc00000, 0x000000008bd00000|  0%| F|  |TAMS 0x000000008bc00000, 0x000000008bc00000| Untracked 
| 153|0x000000008bd00000, 0x000000008bd00000, 0x000000008be00000|  0%| F|  |TAMS 0x000000008bd00000, 0x000000008bd00000| Untracked 
| 154|0x000000008be00000, 0x000000008be00000, 0x000000008bf00000|  0%| F|  |TAMS 0x000000008be00000, 0x000000008be00000| Untracked 
| 155|0x000000008bf00000, 0x000000008bf00000, 0x000000008c000000|  0%| F|  |TAMS 0x000000008bf00000, 0x000000008bf00000| Untracked 
| 156|0x000000008c000000, 0x000000008c000000, 0x000000008c100000|  0%| F|  |TAMS 0x000000008c000000, 0x000000008c000000| Untracked 
| 157|0x000000008c100000, 0x000000008c200000, 0x000000008c200000|100%| E|  |TAMS 0x000000008c100000, 0x000000008c100000| Complete 
| 158|0x000000008c200000, 0x000000008c300000, 0x000000008c300000|100%| E|CS|TAMS 0x000000008c200000, 0x000000008c200000| Complete 

Card table byte_map: [0x000002963fde0000,0x00000296401d0000] _byte_map_base: 0x000002963f9ce000

Marking Bits (Prev, Next): (CMBitMap*) 0x000002962acddd08, (CMBitMap*) 0x000002962acddd40
 Prev Bits: [0x00000296405c0000, 0x0000029642530000)
 Next Bits: [0x0000029642530000, 0x00000296444a0000)

Polling page: 0x000002962ff60000

Metaspace:

Usage:
  Non-class:     40.24 MB capacity,    39.96 MB (>99%) used,   222.05 KB ( <1%) free+waste,    67.50 KB ( <1%) overhead. 
      Class:      5.58 MB capacity,     5.39 MB ( 97%) used,   164.09 KB (  3%) free+waste,    29.94 KB ( <1%) overhead. 
       Both:     45.81 MB capacity,    45.34 MB ( 99%) used,   386.15 KB ( <1%) free+waste,    97.44 KB ( <1%) overhead. 

Virtual space:
  Non-class space:       42.00 MB reserved,      40.25 MB ( 96%) committed 
      Class space:        1.00 GB reserved,       5.67 MB ( <1%) committed 
             Both:        1.04 GB reserved,      45.92 MB (  4%) committed 

Chunk freelists:
   Non-Class:  12.00 KB
       Class:  18.00 KB
        Both:  30.00 KB

MaxMetaspaceSize: 17179869184.00 GB
CompressedClassSpaceSize: 1.00 GB
Initial GC threshold: 20.80 MB
Current GC threshold: 58.83 MB
CDS: off

CodeHeap 'non-profiled nmethods': size=120000Kb used=1408Kb max_used=1408Kb free=118591Kb
 bounds [0x0000029637a50000, 0x0000029637cc0000, 0x000002963ef80000]
CodeHeap 'profiled nmethods': size=120000Kb used=6827Kb max_used=6827Kb free=113172Kb
 bounds [0x0000029630520000, 0x0000029630bd0000, 0x0000029637a50000]
CodeHeap 'non-nmethods': size=5760Kb used=1271Kb max_used=1316Kb free=4489Kb
 bounds [0x000002962ff80000, 0x00000296301f0000, 0x0000029630520000]
 total_blobs=3851 nmethods=3302 adapters=461
 compilation: enabled
              stopped_count=0, restarted_count=0
 full_count=0

Compilation events (20 events):
Event: 2.408 Thread 0x0000029647914800 3295       3       org.jetbrains.kotlin.com.intellij.util.containers.IntArrayList::get (12 bytes)
Event: 2.408 Thread 0x0000029647914800 nmethod 3295 0x0000029630bc2010 code [0x0000029630bc21c0, 0x0000029630bc2328]
Event: 2.408 Thread 0x0000029647914800 3296       3       org.jetbrains.kotlin.com.intellij.util.containers.IntArrayList::checkRange (52 bytes)
Event: 2.409 Thread 0x0000029647914800 nmethod 3296 0x0000029630bc2410 code [0x0000029630bc26a0, 0x0000029630bc30b8]
Event: 2.413 Thread 0x0000029647914800 3297       3       java.lang.String::indexOf (29 bytes)
Event: 2.413 Thread 0x0000029647914800 nmethod 3297 0x0000029630bc3490 code [0x0000029630bc3660, 0x0000029630bc38d8]
Event: 2.429 Thread 0x0000029647914800 3298       3       java.util.HashMap::removeNode (291 bytes)
Event: 2.430 Thread 0x0000029647914800 nmethod 3298 0x0000029630bc3a10 code [0x0000029630bc3ca0, 0x0000029630bc4f18]
Event: 2.430 Thread 0x0000029647914800 3299       3       org.jetbrains.kotlin.com.intellij.util.containers.FastUtilCaseInsensitiveStringHashingStrategy::hashCode (9 bytes)
Event: 2.430 Thread 0x0000029647914800 nmethod 3299 0x0000029630bc5390 code [0x0000029630bc55e0, 0x0000029630bc5d08]
Event: 2.430 Thread 0x0000029647914800 3300       3       org.jetbrains.kotlin.com.intellij.util.containers.FastUtilCaseInsensitiveStringHashingStrategy::hashCode (13 bytes)
Event: 2.431 Thread 0x0000029647914800 nmethod 3300 0x0000029630bc5f90 code [0x0000029630bc61c0, 0x0000029630bc67a8]
Event: 2.431 Thread 0x0000029647914800 3301       3       org.jetbrains.kotlin.com.intellij.openapi.util.text.StringUtil::stringHashCodeInsensitive (14 bytes)
Event: 2.431 Thread 0x0000029647914800 nmethod 3301 0x0000029630bc6a10 code [0x0000029630bc6c40, 0x0000029630bc70f8]
Event: 2.431 Thread 0x0000029647914800 3302       3       org.jetbrains.kotlin.com.intellij.openapi.util.text.Strings::stringHashCodeInsensitive (14 bytes)
Event: 2.431 Thread 0x0000029647914800 nmethod 3302 0x0000029630bc7310 code [0x0000029630bc7520, 0x0000029630bc7908]
Event: 2.431 Thread 0x0000029647914800 3303       3       org.jetbrains.kotlin.com.intellij.openapi.util.text.StringUtilRt::stringHashCodeInsensitive (21 bytes)
Event: 2.431 Thread 0x0000029647914800 nmethod 3303 0x0000029630bc7a90 code [0x0000029630bc7c80, 0x0000029630bc7f98]
Event: 2.431 Thread 0x0000029647914800 3304       3       org.jetbrains.kotlin.com.intellij.openapi.util.text.StringUtilRt::stringHashCodeInsensitive (17 bytes)
Event: 2.431 Thread 0x0000029647914800 nmethod 3304 0x0000029630bc8110 code [0x0000029630bc82e0, 0x0000029630bc8478]

GC Heap History (10 events):
Event: 0.404 GC heap before
{Heap before GC invocations=0 (full 0):
 garbage-first heap   total 129024K, used 27648K [0x0000000082400000, 0x0000000100000000)
  region size 1024K, 24 young (24576K), 0 survivors (0K)
 Metaspace       used 12420K, capacity 12561K, committed 12800K, reserved 1060864K
  class space    used 1135K, capacity 1182K, committed 1280K, reserved 1048576K
}
Event: 0.408 GC heap after
{Heap after GC invocations=1 (full 0):
 garbage-first heap   total 129024K, used 6278K [0x0000000082400000, 0x0000000100000000)
  region size 1024K, 3 young (3072K), 3 survivors (3072K)
 Metaspace       used 12420K, capacity 12561K, committed 12800K, reserved 1060864K
  class space    used 1135K, capacity 1182K, committed 1280K, reserved 1048576K
}
Event: 0.847 GC heap before
{Heap before GC invocations=1 (full 0):
 garbage-first heap   total 129024K, used 42118K [0x0000000082400000, 0x0000000100000000)
  region size 1024K, 39 young (39936K), 3 survivors (3072K)
 Metaspace       used 20985K, capacity 21199K, committed 21296K, reserved 1069056K
  class space    used 2227K, capacity 2305K, committed 2352K, reserved 1048576K
}
Event: 0.858 GC heap after
{Heap after GC invocations=2 (full 0):
 garbage-first heap   total 129024K, used 9769K [0x0000000082400000, 0x0000000100000000)
  region size 1024K, 7 young (7168K), 7 survivors (7168K)
 Metaspace       used 20985K, capacity 21199K, committed 21296K, reserved 1069056K
  class space    used 2227K, capacity 2305K, committed 2352K, reserved 1048576K
}
Event: 1.536 GC heap before
{Heap before GC invocations=3 (full 0):
 garbage-first heap   total 129024K, used 64041K [0x0000000082400000, 0x0000000100000000)
  region size 1024K, 55 young (56320K), 7 survivors (7168K)
 Metaspace       used 31463K, capacity 31935K, committed 32176K, reserved 1077248K
  class space    used 3811K, capacity 3986K, committed 4016K, reserved 1048576K
}
Event: 1.551 GC heap after
{Heap after GC invocations=4 (full 0):
 garbage-first heap   total 129024K, used 21335K [0x0000000082400000, 0x0000000100000000)
  region size 1024K, 7 young (7168K), 7 survivors (7168K)
 Metaspace       used 31463K, capacity 31935K, committed 32176K, reserved 1077248K
  class space    used 3811K, capacity 3986K, committed 4016K, reserved 1048576K
}
Event: 1.765 GC heap before
{Heap before GC invocations=4 (full 0):
 garbage-first heap   total 129024K, used 40791K [0x0000000082400000, 0x0000000100000000)
  region size 1024K, 27 young (27648K), 7 survivors (7168K)
 Metaspace       used 35414K, capacity 35791K, committed 35888K, reserved 1081344K
  class space    used 4384K, capacity 4568K, committed 4656K, reserved 1048576K
}
Event: 1.773 GC heap after
{Heap after GC invocations=5 (full 0):
 garbage-first heap   total 129024K, used 22240K [0x0000000082400000, 0x0000000100000000)
  region size 1024K, 3 young (3072K), 3 survivors (3072K)
 Metaspace       used 35414K, capacity 35791K, committed 35888K, reserved 1081344K
  class space    used 4384K, capacity 4568K, committed 4656K, reserved 1048576K
}
Event: 2.421 GC heap before
{Heap before GC invocations=6 (full 0):
 garbage-first heap   total 129024K, used 70368K [0x0000000082400000, 0x0000000100000000)
  region size 1024K, 50 young (51200K), 3 survivors (3072K)
 Metaspace       used 45889K, capacity 46338K, committed 46384K, reserved 1089536K
  class space    used 5465K, capacity 5646K, committed 5680K, reserved 1048576K
}
Event: 2.428 GC heap after
{Heap after GC invocations=7 (full 0):
 garbage-first heap   total 162816K, used 25685K [0x0000000082400000, 0x0000000100000000)
  region size 1024K, 7 young (7168K), 7 survivors (7168K)
 Metaspace       used 45889K, capacity 46338K, committed 46384K, reserved 1089536K
  class space    used 5465K, capacity 5646K, committed 5680K, reserved 1048576K
}

Deoptimization events (20 events):
Event: 2.400 Thread 0x000002962ac9d800 Uncommon trap: trap_request=0xffffffde fr.pc=0x0000029637ba3f28 relative=0x0000000000000168
Event: 2.400 Thread 0x000002962ac9d800 Uncommon trap: reason=class_check action=maybe_recompile pc=0x0000029637ba3f28 method=java.lang.Character.codePointAt(Ljava/lang/CharSequence;I)I @ 2 c2
Event: 2.400 Thread 0x000002962ac9d800 DEOPT PACKING pc=0x0000029637ba3f28 sp=0x000000ef316fa2d0
Event: 2.400 Thread 0x000002962ac9d800 DEOPT UNPACKING pc=0x000002962ffca1af sp=0x000000ef316fa288 mode 2
Event: 2.400 Thread 0x000002962ac9d800 Uncommon trap: trap_request=0xffffffde fr.pc=0x0000029637ba3f28 relative=0x0000000000000168
Event: 2.400 Thread 0x000002962ac9d800 Uncommon trap: reason=class_check action=maybe_recompile pc=0x0000029637ba3f28 method=java.lang.Character.codePointAt(Ljava/lang/CharSequence;I)I @ 2 c2
Event: 2.400 Thread 0x000002962ac9d800 DEOPT PACKING pc=0x0000029637ba3f28 sp=0x000000ef316fa2d0
Event: 2.400 Thread 0x000002962ac9d800 DEOPT UNPACKING pc=0x000002962ffca1af sp=0x000000ef316fa288 mode 2
Event: 2.400 Thread 0x000002962ac9d800 Uncommon trap: trap_request=0xffffffde fr.pc=0x0000029637ba3f28 relative=0x0000000000000168
Event: 2.400 Thread 0x000002962ac9d800 Uncommon trap: reason=class_check action=maybe_recompile pc=0x0000029637ba3f28 method=java.lang.Character.codePointAt(Ljava/lang/CharSequence;I)I @ 2 c2
Event: 2.400 Thread 0x000002962ac9d800 DEOPT PACKING pc=0x0000029637ba3f28 sp=0x000000ef316fa2d0
Event: 2.400 Thread 0x000002962ac9d800 DEOPT UNPACKING pc=0x000002962ffca1af sp=0x000000ef316fa288 mode 2
Event: 2.400 Thread 0x000002962ac9d800 Uncommon trap: trap_request=0xffffffde fr.pc=0x0000029637ba3f28 relative=0x0000000000000168
Event: 2.400 Thread 0x000002962ac9d800 Uncommon trap: reason=class_check action=maybe_recompile pc=0x0000029637ba3f28 method=java.lang.Character.codePointAt(Ljava/lang/CharSequence;I)I @ 2 c2
Event: 2.400 Thread 0x000002962ac9d800 DEOPT PACKING pc=0x0000029637ba3f28 sp=0x000000ef316fa2d0
Event: 2.400 Thread 0x000002962ac9d800 DEOPT UNPACKING pc=0x000002962ffca1af sp=0x000000ef316fa288 mode 2
Event: 2.413 Thread 0x000002962ac9d800 Uncommon trap: trap_request=0xffffffc6 fr.pc=0x0000029637b1aa04 relative=0x0000000000001364
Event: 2.413 Thread 0x000002962ac9d800 Uncommon trap: reason=bimorphic_or_optimized_type_check action=maybe_recompile pc=0x0000029637b1aa04 method=java.util.zip.ZipFile.getZipEntry(Ljava/lang/String;[BILjava/util/function/Function;)Ljava/util/zip/ZipEntry; @ 108 c2
Event: 2.413 Thread 0x000002962ac9d800 DEOPT PACKING pc=0x0000029637b1aa04 sp=0x000000ef316fa0c0
Event: 2.413 Thread 0x000002962ac9d800 DEOPT UNPACKING pc=0x000002962ffca1af sp=0x000000ef316fa078 mode 2

Classes redefined (0 events):
No events

Internal exceptions (20 events):
Event: 0.838 Thread 0x000002962ac9d800 Exception <a 'java/lang/NoSuchMethodError'{0x0000000087b52308}: 'java.lang.Object java.lang.invoke.DirectMethodHandle$Holder.invokeStaticInit(java.lang.Object, int)'> (0x0000000087b52308) thrown at [./src/hotspot/share/interpreter/linkResolver.cpp, line 773]
Event: 0.879 Thread 0x000002962ac9d800 Exception <a 'java/lang/NoSuchMethodError'{0x000000008a037150}: 'long java.lang.invoke.DirectMethodHandle$Holder.invokeStatic(java.lang.Object)'> (0x000000008a037150) thrown at [./src/hotspot/share/interpreter/linkResolver.cpp, line 773]
Event: 0.879 Thread 0x000002962ac9d800 Exception <a 'java/lang/NoSuchMethodError'{0x000000008a039fa8}: 'long java.lang.invoke.DirectMethodHandle$Holder.invokeStaticInit(java.lang.Object)'> (0x000000008a039fa8) thrown at [./src/hotspot/share/interpreter/linkResolver.cpp, line 773]
Event: 0.927 Thread 0x000002962ac9d800 Exception <a 'java/lang/NoSuchMethodError'{0x0000000089c62050}: 'int java.lang.invoke.DirectMethodHandle$Holder.invokeStaticInit(java.lang.Object, java.lang.Object, java.lang.Object)'> (0x0000000089c62050) thrown at [./src/hotspot/share/interpreter/linkResolver.cpp, line 773]
Event: 0.931 Thread 0x000002962ac9d800 Exception <a 'java/lang/NoSuchMethodError'{0x0000000089c8dab8}: 'int java.lang.invoke.DirectMethodHandle$Holder.invokeStaticInit(java.lang.Object, java.lang.Object)'> (0x0000000089c8dab8) thrown at [./src/hotspot/share/interpreter/linkResolver.cpp, line 773]
Event: 0.968 Thread 0x000002962ac9d800 Exception <a 'java/lang/NoSuchMethodError'{0x0000000089a9f320}: 'void java.lang.invoke.DirectMethodHandle$Holder.invokeSpecial(java.lang.Object, java.lang.Object)'> (0x0000000089a9f320) thrown at [./src/hotspot/share/interpreter/linkResolver.cpp, line 773]
Event: 1.105 Thread 0x000002962ac9d800 Exception <a 'java/lang/NoSuchMethodError'{0x00000000891071f8}: 'java.lang.Object java.lang.invoke.DirectMethodHandle$Holder.invokeStatic(java.lang.Object, java.lang.Object, java.lang.Object, java.lang.Object, java.lang.Object, java.lang.Object, java.lang.Object, java.lang.Object, java.lang.Object, java.lang.Object, java.lang.Object, java.lang.Object, java.lang.Object, java.lang.Object, java.lang.Object)'> (0x00000000891071f8) thrown at [./src/hotspot/share/interpreter/linkResolver.cpp, line 773]
Event: 1.106 Thread 0x000002962ac9d800 Exception <a 'java/lang/NoSuchMethodError'{0x0000000089115200}: 'java.lang.Object java.lang.invoke.DirectMethodHandle$Holder.invokeStatic(java.lang.Object, java.lang.Object, java.lang.Object, java.lang.Object, java.lang.Object, java.lang.Object, java.lang.Object, java.lang.Object, java.lang.Object, java.lang.Object, java.lang.Object, java.lang.Object, java.lang.Object, java.lang.Object, java.lang.Object, java.lang.Object)'> (0x0000000089115200) thrown at [./src/hotspot/share/interpreter/linkResolver.cpp, l
Event: 1.107 Thread 0x000002962ac9d800 Exception <a 'java/lang/NoSuchMethodError'{0x0000000089123118}: 'java.lang.Object java.lang.invoke.DirectMethodHandle$Holder.invokeSpecial(java.lang.Object, java.lang.Object, int, int, java.lang.Object, java.lang.Object, java.lang.Object)'> (0x0000000089123118) thrown at [./src/hotspot/share/interpreter/linkResolver.cpp, line 773]
Event: 1.107 Thread 0x000002962ac9d800 Exception <a 'java/lang/NoSuchMethodError'{0x0000000089126950}: 'java.lang.Object java.lang.invoke.DelegatingMethodHandle$Holder.reinvoke_L(java.lang.Object, int, int, java.lang.Object, java.lang.Object, java.lang.Object)'> (0x0000000089126950) thrown at [./src/hotspot/share/interpreter/linkResolver.cpp, line 773]
Event: 1.107 Thread 0x000002962ac9d800 Exception <a 'java/lang/NoSuchMethodError'{0x000000008912acd8}: 'java.lang.Object java.lang.invoke.DirectMethodHandle$Holder.invokeStatic(java.lang.Object, java.lang.Object, java.lang.Object, java.lang.Object, int)'> (0x000000008912acd8) thrown at [./src/hotspot/share/interpreter/linkResolver.cpp, line 773]
Event: 1.134 Thread 0x000002962ac9d800 Exception <a 'java/lang/NoSuchMethodError'{0x0000000089050fb0}: 'void java.lang.invoke.DirectMethodHandle$Holder.invokeStatic(java.lang.Object, java.lang.Object, java.lang.Object, java.lang.Object)'> (0x0000000089050fb0) thrown at [./src/hotspot/share/interpreter/linkResolver.cpp, line 773]
Event: 1.177 Thread 0x000002962ac9d800 Exception <a 'java/lang/NoSuchMethodError'{0x0000000088c34a00}: 'void java.lang.invoke.DirectMethodHandle$Holder.invokeStaticInit(java.lang.Object, java.lang.Object)'> (0x0000000088c34a00) thrown at [./src/hotspot/share/interpreter/linkResolver.cpp, line 773]
Event: 1.232 Thread 0x000002962ac9d800 Exception <a 'java/lang/NoSuchMethodError'{0x000000008885e500}: 'void java.lang.invoke.DirectMethodHandle$Holder.invokeVirtual(java.lang.Object, java.lang.Object)'> (0x000000008885e500) thrown at [./src/hotspot/share/interpreter/linkResolver.cpp, line 773]
Event: 1.238 Thread 0x000002962ac9d800 Exception <a 'java/lang/NoSuchMethodError'{0x00000000888e6918}: 'int java.lang.invoke.DirectMethodHandle$Holder.invokeVirtual(java.lang.Object, java.lang.Object)'> (0x00000000888e6918) thrown at [./src/hotspot/share/interpreter/linkResolver.cpp, line 773]
Event: 1.729 Thread 0x000002962ac9d800 Exception <a 'java/lang/NoSuchMethodError'{0x00000000891d04c8}: 'java.lang.Object java.lang.invoke.DirectMethodHandle$Holder.invokeVirtual(java.lang.Object, java.lang.Object, java.lang.Object)'> (0x00000000891d04c8) thrown at [./src/hotspot/share/interpreter/linkResolver.cpp, line 773]
Event: 2.194 Thread 0x000002962ac9d800 Exception <a 'java/lang/NoSuchMethodError'{0x00000000879daa90}: 'java.lang.Object java.lang.invoke.Invokers$Holder.linkToTargetMethod(java.lang.Object, int, java.lang.Object)'> (0x00000000879daa90) thrown at [./src/hotspot/share/interpreter/linkResolver.cpp, line 773]
Event: 2.291 Thread 0x000002962ac9d800 Exception <a 'java/lang/NoSuchMethodError'{0x0000000087596e30}: 'java.lang.Object java.lang.invoke.DirectMethodHandle$Holder.invokeStatic(java.lang.Object, java.lang.Object, java.lang.Object, int)'> (0x0000000087596e30) thrown at [./src/hotspot/share/interpreter/linkResolver.cpp, line 773]
Event: 2.291 Thread 0x000002962ac9d800 Exception <a 'java/lang/NoSuchMethodError'{0x000000008759aaa0}: 'java.lang.Object java.lang.invoke.DirectMethodHandle$Holder.invokeSpecial(java.lang.Object, java.lang.Object, java.lang.Object, java.lang.Object, int)'> (0x000000008759aaa0) thrown at [./src/hotspot/share/interpreter/linkResolver.cpp, line 773]
Event: 2.291 Thread 0x000002962ac9d800 Exception <a 'java/lang/NoSuchMethodError'{0x000000008759ddb0}: 'java.lang.Object java.lang.invoke.Invokers$Holder.linkToTargetMethod(java.lang.Object, java.lang.Object, int, java.lang.Object)'> (0x000000008759ddb0) thrown at [./src/hotspot/share/interpreter/linkResolver.cpp, line 773]

Events (20 events):
Event: 2.437 loading class org/jetbrains/kotlin/load/java/structure/JavaEnumValueAnnotationArgument
Event: 2.437 loading class org/jetbrains/kotlin/load/java/structure/JavaEnumValueAnnotationArgument done
Event: 2.437 loading class org/jetbrains/kotlin/load/java/structure/JavaAnnotationArgument
Event: 2.437 loading class org/jetbrains/kotlin/load/java/structure/JavaAnnotationArgument done
Event: 2.437 loading class org/jetbrains/kotlin/load/java/structure/impl/classFiles/PlainJavaAnnotationArgument
Event: 2.437 loading class org/jetbrains/kotlin/load/java/structure/impl/classFiles/PlainJavaAnnotationArgument done
Event: 2.438 loading class org/jetbrains/kotlin/load/java/structure/impl/classFiles/CommonMixinsKt
Event: 2.438 loading class org/jetbrains/kotlin/load/java/structure/impl/classFiles/CommonMixinsKt done
Event: 2.438 loading class org/jetbrains/kotlin/load/java/structure/impl/classFiles/BinaryJavaModifierListOwner$DefaultImpls
Event: 2.438 loading class org/jetbrains/kotlin/load/java/structure/impl/classFiles/BinaryJavaModifierListOwner$DefaultImpls done
Event: 2.438 loading class org/jetbrains/kotlin/load/java/structure/impl/classFiles/BinaryJavaMethodBase
Event: 2.438 loading class org/jetbrains/kotlin/load/java/structure/impl/classFiles/BinaryJavaMethodBase done
Event: 2.438 loading class org/jetbrains/kotlin/load/java/structure/impl/classFiles/BinaryJavaMethodBase$Companion
Event: 2.438 loading class org/jetbrains/kotlin/load/java/structure/impl/classFiles/BinaryJavaMethodBase$Companion done
Event: 2.439 loading class java/text/StringCharacterIterator
Event: 2.439 loading class java/text/CharacterIterator
Event: 2.439 loading class java/text/CharacterIterator done
Event: 2.439 loading class java/text/StringCharacterIterator done
Event: 2.439 loading class org/jetbrains/kotlin/load/java/structure/impl/classFiles/PlainJavaPrimitiveType
Event: 2.439 loading class org/jetbrains/kotlin/load/java/structure/impl/classFiles/PlainJavaPrimitiveType done


Dynamic libraries:
0x00007ff665000000 - 0x00007ff66500a000 	C:\Program Files\Android\Android Studio1\jre\bin\java.exe
0x00007ffef7310000 - 0x00007ffef7508000 	C:\WINDOWS\SYSTEM32\ntdll.dll
0x00007ffef7210000 - 0x00007ffef72cf000 	C:\WINDOWS\System32\KERNEL32.DLL
0x00007ffef4dc0000 - 0x00007ffef5092000 	C:\WINDOWS\System32\KERNELBASE.dll
0x00007ffef50a0000 - 0x00007ffef51a0000 	C:\WINDOWS\System32\ucrtbase.dll
0x00007ffeedb10000 - 0x00007ffeedb29000 	C:\Program Files\Android\Android Studio1\jre\bin\jli.dll
0x00007ffeef8a0000 - 0x00007ffeef8b7000 	C:\Program Files\Android\Android Studio1\jre\bin\VCRUNTIME140.dll
0x00007ffef5640000 - 0x00007ffef57e1000 	C:\WINDOWS\System32\USER32.dll
0x00007ffef4a00000 - 0x00007ffef4a22000 	C:\WINDOWS\System32\win32u.dll
0x00007ffee1290000 - 0x00007ffee152a000 	C:\WINDOWS\WinSxS\amd64_microsoft.windows.common-controls_6595b64144ccf1df_6.0.19041.1110_none_60b5254171f9507e\COMCTL32.dll
0x00007ffef5460000 - 0x00007ffef548b000 	C:\WINDOWS\System32\GDI32.dll
0x00007ffef5540000 - 0x00007ffef55de000 	C:\WINDOWS\System32\msvcrt.dll
0x00007ffef51a0000 - 0x00007ffef52af000 	C:\WINDOWS\System32\gdi32full.dll
0x00007ffef52b0000 - 0x00007ffef534d000 	C:\WINDOWS\System32\msvcp_win.dll
0x00007ffef67b0000 - 0x00007ffef67e2000 	C:\WINDOWS\System32\IMM32.DLL
0x00007ffee0f40000 - 0x00007ffee0fdd000 	C:\Program Files\Android\Android Studio1\jre\bin\msvcp140.dll
0x00007ffeb5be0000 - 0x00007ffeb66c5000 	C:\Program Files\Android\Android Studio1\jre\bin\server\jvm.dll
0x00007ffef6060000 - 0x00007ffef610e000 	C:\WINDOWS\System32\ADVAPI32.dll
0x00007ffef67f0000 - 0x00007ffef688c000 	C:\WINDOWS\System32\sechost.dll
0x00007ffef59a0000 - 0x00007ffef5ac5000 	C:\WINDOWS\System32\RPCRT4.dll
0x00007ffef7200000 - 0x00007ffef7208000 	C:\WINDOWS\System32\PSAPI.DLL
0x00007ffeedad0000 - 0x00007ffeedad9000 	C:\WINDOWS\SYSTEM32\WSOCK32.dll
0x00007ffee1f30000 - 0x00007ffee1f57000 	C:\WINDOWS\SYSTEM32\WINMM.dll
0x00007ffef66e0000 - 0x00007ffef674b000 	C:\WINDOWS\System32\WS2_32.dll
0x00007ffeee710000 - 0x00007ffeee71a000 	C:\WINDOWS\SYSTEM32\VERSION.dll
0x00007ffef3250000 - 0x00007ffef3262000 	C:\WINDOWS\SYSTEM32\kernel.appcore.dll
0x00007ffeed480000 - 0x00007ffeed491000 	C:\Program Files\Android\Android Studio1\jre\bin\verify.dll
0x00007ffef2650000 - 0x00007ffef2834000 	C:\WINDOWS\SYSTEM32\DBGHELP.DLL
0x00007ffeeba90000 - 0x00007ffeebac5000 	C:\WINDOWS\SYSTEM32\dbgcore.DLL
0x00007ffef4cb0000 - 0x00007ffef4d32000 	C:\WINDOWS\System32\bcryptPrimitives.dll
0x00007ffee9720000 - 0x00007ffee9749000 	C:\Program Files\Android\Android Studio1\jre\bin\java.dll
0x00007ffeeda50000 - 0x00007ffeeda5b000 	C:\Program Files\Android\Android Studio1\jre\bin\jimage.dll
0x00007ffed8ab0000 - 0x00007ffed8ac8000 	C:\Program Files\Android\Android Studio1\jre\bin\zip.dll
0x00007ffef68b0000 - 0x00007ffef6ff4000 	C:\WINDOWS\System32\SHELL32.dll
0x00007ffef2aa0000 - 0x00007ffef3232000 	C:\WINDOWS\SYSTEM32\windows.storage.dll
0x00007ffef5d00000 - 0x00007ffef6055000 	C:\WINDOWS\System32\combase.dll
0x00007ffef4460000 - 0x00007ffef4490000 	C:\WINDOWS\SYSTEM32\Wldp.dll
0x00007ffef5350000 - 0x00007ffef53fd000 	C:\WINDOWS\System32\SHCORE.dll
0x00007ffef6750000 - 0x00007ffef67a5000 	C:\WINDOWS\System32\shlwapi.dll
0x00007ffef4940000 - 0x00007ffef495f000 	C:\WINDOWS\SYSTEM32\profapi.dll
0x00007ffed8a90000 - 0x00007ffed8aaa000 	C:\Program Files\Android\Android Studio1\jre\bin\net.dll
0x00007ffeea6d0000 - 0x00007ffeea7dc000 	C:\WINDOWS\SYSTEM32\WINHTTP.dll
0x00007ffef41c0000 - 0x00007ffef422a000 	C:\WINDOWS\system32\mswsock.dll
0x00007ffec5060000 - 0x00007ffec5074000 	C:\Program Files\Android\Android Studio1\jre\bin\nio.dll

dbghelp: loaded successfully - version: 4.0.5 - missing functions: none
symbol engine: initialized successfully - sym options: 0x614 - pdb path: .;C:\Program Files\Android\Android Studio1\jre\bin;C:\WINDOWS\SYSTEM32;C:\WINDOWS\WinSxS\amd64_microsoft.windows.common-controls_6595b64144ccf1df_6.0.19041.1110_none_60b5254171f9507e;C:\Program Files\Android\Android Studio1\jre\bin\server

VM Arguments:
java_command: org.jetbrains.kotlin.cli.jvm.K2JVMCompiler @C:\Users\Horvath\AndroidStudioProjects\Android-11.eloadas\app\build\20221219_2276041297529127057.compiler.options
java_class_path (initial): C:\Users\Horvath\.gradle\caches\modules-2\files-2.1\org.jetbrains.kotlin\kotlin-compiler-embeddable\1.7.10\909803167c98606fcf22b4c848647c68e351d48d\kotlin-compiler-embeddable-1.7.10.jar;C:\Users\Horvath\.gradle\caches\modules-2\files-2.1\org.jetbrains.kotlin\kotlin-reflect\1.7.10\165e600dfea6185cf5efa700756294cc4904dbeb\kotlin-reflect-1.7.10.jar;C:\Users\Horvath\.gradle\caches\modules-2\files-2.1\org.jetbrains.kotlin\kotlin-stdlib\1.7.10\d2abf9e77736acc4450dc4a3f707fa2c10f5099d\kotlin-stdlib-1.7.10.jar;C:\Users\Horvath\.gradle\caches\modules-2\files-2.1\org.jetbrains.kotlin\kotlin-script-runtime\1.7.10\c99c87a6988d8fd8d5142e9ed5c9f34a7cf561ee\kotlin-script-runtime-1.7.10.jar;C:\Users\Horvath\.gradle\caches\modules-2\files-2.1\org.jetbrains.kotlin\kotlin-daemon-embeddable\1.7.10\3a9f7aef7080d3ae63126cbba4f827ed664f32fa\kotlin-daemon-embeddable-1.7.10.jar;C:\Users\Horvath\.gradle\caches\modules-2\files-2.1\org.jetbrains.intellij.deps\trove4j\1.0.20200330\3afb14d5f9ceb459d724e907a21145e8ff394f02\trove4j-1.0.20200330.jar;C:\Users\Horvath\.gradle\caches\modules-2\files-2.1\net.java.dev.jna\jna\5.6.0\330f2244e9030119ab3030fc3fededc86713d9cc\jna-5.6.0.jar;C:\Users\Horvath\.gradle\caches\modules-2\files-2.1\org.jetbrains.kotlin\kotlin-stdlib-common\1.7.10\bac80c520d0a9e3f3673bc2658c6ed02ef45a76a\kotlin-stdlib-common-1.7.10.jar;C:\Users\Horvath\.gradle\caches\modules-2\files-2.1\org.jetbrains\annotations\13.0\919f0dfe192fb4e063e7dacadee7f8bb9a2672a9\annotations-13.0.jar
Launcher Type: SUN_STANDARD

[Global flags]
     intx CICompilerCount                          = 4                                         {product} {ergonomic}
     uint ConcGCThreads                            = 2                                         {product} {ergonomic}
     uint G1ConcRefinementThreads                  = 8                                         {product} {ergonomic}
   size_t G1HeapRegionSize                         = 1048576                                   {product} {ergonomic}
    uintx GCDrainStackTargetSize                   = 64                                        {product} {ergonomic}
   size_t InitialHeapSize                          = 132120576                                 {product} {ergonomic}
   size_t MarkStackSize                            = 4194304                                   {product} {ergonomic}
   size_t MaxHeapSize                              = 2109734912                                {product} {ergonomic}
   size_t MaxNewSize                               = 1265631232                                {product} {ergonomic}
   size_t MinHeapDeltaBytes                        = 1048576                                   {product} {ergonomic}
    uintx NonNMethodCodeHeapSize                   = 5836300                                {pd product} {ergonomic}
    uintx NonProfiledCodeHeapSize                  = 122910970                              {pd product} {ergonomic}
    uintx ProfiledCodeHeapSize                     = 122910970                              {pd product} {ergonomic}
    uintx ReservedCodeCacheSize                    = 251658240                              {pd product} {ergonomic}
     bool SegmentedCodeCache                       = true                                      {product} {ergonomic}
     bool UseCompressedClassPointers               = true                                 {lp64_product} {ergonomic}
     bool UseCompressedOops                        = true                                 {lp64_product} {ergonomic}
     bool UseG1GC                                  = true                                      {product} {ergonomic}
     bool UseLargePagesIndividualAllocation        = false                                  {pd product} {ergonomic}

Logging:
Log output configuration:
 #0: stdout all=warning uptime,level,tags
 #1: stderr all=off uptime,level,tags

Environment Variables:
PATH=C:\Program Files\Common Files\Oracle\Java\javapath;C:\Program Files (x86)\Common Files\Oracle\Java\javapath;C:\WINDOWS\system32;C:\WINDOWS;C:\WINDOWS\System32\Wbem;C:\WINDOWS\System32\WindowsPowerShell\v1.0\;C:\WINDOWS\System32\OpenSSH\;C:\TDM-GCC-64\bin;C:\Users\Horvath\AppData\Roaming\Microsoft\Windows\Start Menu\Programs\Python 3.8;C:\Users\Horvath\AppData\Local\Programs\Python\Python38-32;C:\Program Files\dotnet\;C:\Program Files\Microsoft SQL Server\130\Tools\Binn\;C:\Program Files\Microsoft SQL Server\Client SDK\ODBC\170\Tools\Binn\;C:\TDM-GCC-64;C:\Program Files\swipl\bin;C:\ProgramData\chocolatey\bin;C:\Program Files\Git\cmd;C:\Program Files\MATLAB\R2022b\bin;C:\Program Files\nodejs\;C:\Program Files\MySQL\MySQL Shell 8.0\bin\;C:\Users\Horvath\AppData\Local\Microsoft\WindowsApps;C:\Users\Horvath\.dotnet\tools;C:\Program Files\JetBrains\CLion 2020.3.2\bin;C:\Users\Horvath\AppData\Local\atom\bin;C:\Users\Horvath\AppData\Local\GitHubDesktop\bin;D:\Microsoft VS Code\bin;C:\Users\Horvath\AppData\Roaming\cabal\bin;C:\tools\ghc-9.2.1\bin;C:\tools\msys64;C:\Users\Horvath\AppData\Roaming\local\bin;C:\Users\Horvath\.dotnet\tools;D:\mongoShell\mongosh-1.5.0-win32-x64\bin;C:\src\flutter\flutter\bin;C:\Users\Horvath\AppData\Roaming\npm
USERNAME=Horvath
OS=Windows_NT
PROCESSOR_IDENTIFIER=Intel64 Family 6 Model 158 Stepping 10, GenuineIntel



---------------  S Y S T E M  ---------------

OS: Windows 10 , 64 bit Build 19041 (10.0.19041.2364)
OS uptime: 0 days 7:51 hours

CPU:total 8 (initial active 8) (4 cores per cpu, 2 threads per core) family 6 model 158 stepping 10 microcode 0xca, cmov, cx8, fxsr, mmx, sse, sse2, sse3, ssse3, sse4.1, sse4.2, popcnt, avx, avx2, aes, clmul, erms, 3dnowpref, lzcnt, ht, tsc, tscinvbit, bmi1, bmi2, adx, fma

Memory: 4k page, system-wide physical 8044M (572M free)
TotalPageFile size 12140M (AvailPageFile size 5M)
current process WorkingSet (physical memory assigned to process): 245M, peak: 245M
current process commit charge ("private bytes"): 357M, peak: 359M

vm_info: OpenJDK 64-Bit Server VM (11.0.12+7-b1504.28-7817840) for windows-amd64 JRE (11.0.12+7-b1504.28-7817840), built on Oct 13 2021 22:12:33 by "builder" with MS VC++ 14.0 (VS2015)

END.
