#
# There is insufficient memory for the Java Runtime Environment to continue.
# Native memory allocation (mmap) failed to map 65536 bytes for Failed to commit area from 0x0000020016f10000 to 0x0000020016f20000 of length 65536.
# Possible reasons:
#   The system is out of physical RAM or swap space
#   The process is running with CompressedOops enabled, and the Java Heap may be blocking the growth of the native heap
# Possible solutions:
#   Reduce memory load on the system
#   Increase physical memory or swap space
#   Check if swap backing store is full
#   Decrease Java heap size (-Xmx/-Xms)
#   Decrease number of Java threads
#   Decrease Java thread stack sizes (-Xss)
#   Set larger code cache with -XX:ReservedCodeCacheSize=
#   JVM is running with Unscaled Compressed Oops mode in which the Java heap is
#     placed in the first 4GB address space. The Java Heap base address is the
#     maximum limit for the native heap growth. Please use -XX:HeapBaseMinAddress
#     to set the Java Heap base and to place the Java Heap above 4GB virtual address.
# This output file may be truncated or incomplete.
#
#  Out of Memory Error (./src/hotspot/os/windows/os_windows.cpp:3521), pid=11216, tid=14720
#
# JRE version: OpenJDK Runtime Environment (11.0.12+7) (build 11.0.12+7-b1504.28-7817840)
# Java VM: OpenJDK 64-Bit Server VM (11.0.12+7-b1504.28-7817840, mixed mode, tiered, compressed oops, g1 gc, windows-amd64)
# No core dump will be written. Minidumps are not enabled by default on client versions of Windows
#

---------------  S U M M A R Y ------------

Command Line: org.jetbrains.kotlin.cli.jvm.K2JVMCompiler @C:\Users\Horvath\AndroidStudioProjects\Android-11.eloadas\app\build\20221219_4851110057698904890.compiler.options

Host: Intel(R) Core(TM) i5-9300H CPU @ 2.40GHz, 8 cores, 7G,  Windows 10 , 64 bit Build 19041 (10.0.19041.2364)
Time: Mon Dec 19 21:32:27 2022 2. orosz idõzóna, téli idõ elapsed time: 5.350153 seconds (0d 0h 0m 5s)

---------------  T H R E A D  ---------------

Current thread (0x000002001e440800):  VMThread "VM Thread" [stack: 0x000000365e400000,0x000000365e500000] [id=14720]

Stack: [0x000000365e400000,0x000000365e500000]
[error occurred during error reporting (printing stack bounds), id 0xc0000005, EXCEPTION_ACCESS_VIOLATION (0xc0000005) at pc=0x000002000745112d]

Native frames: (J=compiled Java code, j=interpreted, Vv=VM code, C=native code)
V  [jvm.dll+0x5fbcea]
V  [jvm.dll+0x731905]
V  [jvm.dll+0x732f1d]
V  [jvm.dll+0x733535]
V  [jvm.dll+0x7334eb]
V  [jvm.dll+0x5fb080]
V  [jvm.dll+0x5fb818]
C  [ntdll.dll+0xa241f]
C  [ntdll.dll+0x514a4]
C  [ntdll.dll+0xa0f4e]
C  0x000002000745112d

VM_Operation (0x000000365defe2a0): G1CollectForAllocation, mode: safepoint, requested by thread 0x000002000215c800


---------------  P R O C E S S  ---------------

Threads class SMR info:
_java_thread_list=0x000002001ee388e0, length=12, elements={
0x000002000215c800, 0x000002001e467800, 0x000002001e468800, 0x000002001ecc8000,
0x000002001ecc9000, 0x000002001eccb000, 0x000002001ecd0800, 0x000002001ecd1800,
0x000002001ecd3000, 0x000002001ee42000, 0x000002001ee3d000, 0x000002001ee3b800
}

Java Threads: ( => current thread )
  0x000002000215c800 JavaThread "main" [_thread_blocked, id=11416, stack(0x000000365de00000,0x000000365df00000)]
  0x000002001e467800 JavaThread "Reference Handler" daemon [_thread_blocked, id=13516, stack(0x000000365e500000,0x000000365e600000)]
  0x000002001e468800 JavaThread "Finalizer" daemon [_thread_blocked, id=13612, stack(0x000000365e600000,0x000000365e700000)]
  0x000002001ecc8000 JavaThread "Signal Dispatcher" daemon [_thread_blocked, id=9644, stack(0x000000365e700000,0x000000365e800000)]
  0x000002001ecc9000 JavaThread "Attach Listener" daemon [_thread_blocked, id=9472, stack(0x000000365e800000,0x000000365e900000)]
  0x000002001eccb000 JavaThread "Service Thread" daemon [_thread_blocked, id=5524, stack(0x000000365e900000,0x000000365ea00000)]
  0x000002001ecd0800 JavaThread "C2 CompilerThread0" daemon [_thread_blocked, id=10416, stack(0x000000365ea00000,0x000000365eb00000)]
  0x000002001ecd1800 JavaThread "C1 CompilerThread0" daemon [_thread_blocked, id=8984, stack(0x000000365eb00000,0x000000365ec00000)]
  0x000002001ecd3000 JavaThread "Sweeper thread" daemon [_thread_blocked, id=13444, stack(0x000000365ec00000,0x000000365ed00000)]
  0x000002001ee42000 JavaThread "Common-Cleaner" daemon [_thread_blocked, id=14776, stack(0x000000365ee00000,0x000000365ef00000)]
  0x000002001ee3d000 JavaThread "C2 CompilerThread1" daemon [_thread_blocked, id=8236, stack(0x000000365ef00000,0x000000365f000000)]
  0x000002001ee3b800 JavaThread "C2 CompilerThread2" daemon [_thread_blocked, id=8124, stack(0x000000365f000000,0x000000365f100000)]

Other Threads:
=>0x000002001e440800 VMThread "VM Thread" [stack: 0x000000365e400000,0x000000365e500000] [id=14720]
  0x000002001ee35800 WatcherThread [stack: 0x000000365ed00000,0x000000365ee00000] [id=13352]
  0x0000020002174000 GCTaskThread "GC Thread#0" [stack: 0x000000365df00000,0x000000365e000000] [id=10252]
  0x000002001f5e1800 GCTaskThread "GC Thread#1" [stack: 0x000000365f100000,0x000000365f200000] [id=14372]
  0x000002001f513800 GCTaskThread "GC Thread#2" [stack: 0x000000365f200000,0x000000365f300000] [id=12552]
  0x00000200021a5800 ConcurrentGCThread "G1 Main Marker" [stack: 0x000000365e000000,0x000000365e100000] [id=13508]
  0x00000200021a7800 ConcurrentGCThread "G1 Conc#0" [stack: 0x000000365e100000,0x000000365e200000] [id=9268]
  0x0000020020536000 ConcurrentGCThread "G1 Conc#1" [stack: 0x000000365f300000,0x000000365f400000] [id=5472]
  0x000002001e2a6800 ConcurrentGCThread "G1 Refine#0" [stack: 0x000000365e200000,0x000000365e300000] [id=6852]
  0x000002001e2a7800 ConcurrentGCThread "G1 Young RemSet Sampling" [stack: 0x000000365e300000,0x000000365e400000] [id=8656]

Threads with active compile tasks:
C2 CompilerThread0   5358 8602       4       java.lang.ClassLoader::defineClass (43 bytes)
C1 CompilerThread0   5358 8652       3       jdk.internal.reflect.UnsafeQualifiedObjectFieldAccessorImpl::get (17 bytes)

VM state:at safepoint (normal execution)

VM Mutex/Monitor currently owned by a thread:  ([mutex/lock_event])
[0x0000020002159620] Threads_lock - owner thread: 0x000002001e440800
[0x0000020002158e40] Heap_lock - owner thread: 0x000002000215c800

Heap address: 0x0000000082400000, size: 2012 MB, Compressed Oops mode: 32-bit
Narrow klass base: 0x0000000000000000, Narrow klass shift: 3
Compressed class space size: 1073741824 Address: 0x0000000100000000

Heap:
 garbage-first heap   total 211968K, used 54784K [0x0000000082400000, 0x0000000100000000)
  region size 1024K, 7 young (7168K), 7 survivors (7168K)
 Metaspace       used 64571K, capacity 65247K, committed 65584K, reserved 1107968K
  class space    used 7312K, capacity 7602K, committed 7728K, reserved 1048576K
Heap Regions: E=young(eden), S=young(survivor), O=old, HS=humongous(starts), HC=humongous(continues), CS=collection set, F=free, A=archive, TAMS=top-at-mark-start (previous, next)
|   0|0x0000000082400000, 0x0000000082500000, 0x0000000082500000|100%|HS|  |TAMS 0x0000000082500000, 0x0000000082400000| Complete 
|   1|0x0000000082500000, 0x0000000082600000, 0x0000000082600000|100%|HC|  |TAMS 0x0000000082600000, 0x0000000082500000| Complete 
|   2|0x0000000082600000, 0x0000000082700000, 0x0000000082700000|100%|HC|  |TAMS 0x0000000082700000, 0x0000000082600000| Complete 
|   3|0x0000000082700000, 0x0000000082800000, 0x0000000082800000|100%| O|  |TAMS 0x0000000082800000, 0x0000000082700000| Untracked 
|   4|0x0000000082800000, 0x0000000082900000, 0x0000000082900000|100%| O|  |TAMS 0x0000000082900000, 0x0000000082800000| Untracked 
|   5|0x0000000082900000, 0x0000000082a00000, 0x0000000082a00000|100%|HS|  |TAMS 0x0000000082a00000, 0x0000000082900000| Complete 
|   6|0x0000000082a00000, 0x0000000082b00000, 0x0000000082b00000|100%|HC|  |TAMS 0x0000000082b00000, 0x0000000082a00000| Complete 
|   7|0x0000000082b00000, 0x0000000082c00000, 0x0000000082c00000|100%|HC|  |TAMS 0x0000000082c00000, 0x0000000082b00000| Complete 
|   8|0x0000000082c00000, 0x0000000082d00000, 0x0000000082d00000|100%|HS|  |TAMS 0x0000000082d00000, 0x0000000082c00000| Complete 
|   9|0x0000000082d00000, 0x0000000082e00000, 0x0000000082e00000|100%|HC|  |TAMS 0x0000000082e00000, 0x0000000082d00000| Complete 
|  10|0x0000000082e00000, 0x0000000082f00000, 0x0000000082f00000|100%| O|  |TAMS 0x0000000082f00000, 0x0000000082e00000| Untracked 
|  11|0x0000000082f00000, 0x0000000083000000, 0x0000000083000000|100%| O|  |TAMS 0x0000000083000000, 0x0000000082f00000| Untracked 
|  12|0x0000000083000000, 0x0000000083100000, 0x0000000083100000|100%| O|  |TAMS 0x0000000083100000, 0x0000000083000000| Untracked 
|  13|0x0000000083100000, 0x0000000083200000, 0x0000000083200000|100%| O|  |TAMS 0x0000000083200000, 0x0000000083100000| Untracked 
|  14|0x0000000083200000, 0x0000000083300000, 0x0000000083300000|100%| O|  |TAMS 0x0000000083300000, 0x0000000083200000| Untracked 
|  15|0x0000000083300000, 0x0000000083400000, 0x0000000083400000|100%| O|  |TAMS 0x0000000083400000, 0x0000000083300000| Untracked 
|  16|0x0000000083400000, 0x0000000083500000, 0x0000000083500000|100%| O|  |TAMS 0x0000000083500000, 0x0000000083400000| Untracked 
|  17|0x0000000083500000, 0x0000000083600000, 0x0000000083600000|100%| O|  |TAMS 0x0000000083600000, 0x0000000083500000| Untracked 
|  18|0x0000000083600000, 0x0000000083700000, 0x0000000083700000|100%| O|  |TAMS 0x0000000083700000, 0x0000000083600000| Untracked 
|  19|0x0000000083700000, 0x0000000083800000, 0x0000000083800000|100%| O|  |TAMS 0x0000000083800000, 0x0000000083700000| Untracked 
|  20|0x0000000083800000, 0x0000000083900000, 0x0000000083900000|100%| O|  |TAMS 0x0000000083900000, 0x0000000083800000| Untracked 
|  21|0x0000000083900000, 0x0000000083a00000, 0x0000000083a00000|100%| O|  |TAMS 0x0000000083a00000, 0x0000000083900000| Untracked 
|  22|0x0000000083a00000, 0x0000000083b00000, 0x0000000083b00000|100%| O|  |TAMS 0x0000000083b00000, 0x0000000083a00000| Untracked 
|  23|0x0000000083b00000, 0x0000000083c00000, 0x0000000083c00000|100%| O|  |TAMS 0x0000000083c00000, 0x0000000083b00000| Untracked 
|  24|0x0000000083c00000, 0x0000000083d00000, 0x0000000083d00000|100%| O|  |TAMS 0x0000000083d00000, 0x0000000083c00000| Untracked 
|  25|0x0000000083d00000, 0x0000000083e00000, 0x0000000083e00000|100%| O|  |TAMS 0x0000000083e00000, 0x0000000083d00000| Untracked 
|  26|0x0000000083e00000, 0x0000000083f00000, 0x0000000083f00000|100%| O|  |TAMS 0x0000000083f00000, 0x0000000083e00000| Untracked 
|  27|0x0000000083f00000, 0x0000000084000000, 0x0000000084000000|100%| O|  |TAMS 0x0000000084000000, 0x0000000083f00000| Untracked 
|  28|0x0000000084000000, 0x0000000084100000, 0x0000000084100000|100%| O|  |TAMS 0x0000000084100000, 0x0000000084000000| Untracked 
|  29|0x0000000084100000, 0x0000000084200000, 0x0000000084200000|100%| O|  |TAMS 0x0000000084200000, 0x0000000084100000| Untracked 
|  30|0x0000000084200000, 0x0000000084300000, 0x0000000084300000|100%| O|  |TAMS 0x0000000084300000, 0x0000000084200000| Untracked 
|  31|0x0000000084300000, 0x0000000084400000, 0x0000000084400000|100%| O|  |TAMS 0x0000000084400000, 0x0000000084300000| Untracked 
|  32|0x0000000084400000, 0x0000000084500000, 0x0000000084500000|100%| O|  |TAMS 0x0000000084500000, 0x0000000084400000| Untracked 
|  33|0x0000000084500000, 0x0000000084600000, 0x0000000084600000|100%| O|  |TAMS 0x0000000084600000, 0x0000000084500000| Untracked 
|  34|0x0000000084600000, 0x0000000084700000, 0x0000000084700000|100%| O|  |TAMS 0x0000000084700000, 0x0000000084600000| Untracked 
|  35|0x0000000084700000, 0x0000000084800000, 0x0000000084800000|100%| O|  |TAMS 0x0000000084800000, 0x0000000084700000| Untracked 
|  36|0x0000000084800000, 0x0000000084900000, 0x0000000084900000|100%| O|  |TAMS 0x0000000084900000, 0x0000000084800000| Untracked 
|  37|0x0000000084900000, 0x0000000084a00000, 0x0000000084a00000|100%| O|  |TAMS 0x0000000084a00000, 0x0000000084900000| Untracked 
|  38|0x0000000084a00000, 0x0000000084b00000, 0x0000000084b00000|100%| O|  |TAMS 0x0000000084b00000, 0x0000000084a00000| Untracked 
|  39|0x0000000084b00000, 0x0000000084c00000, 0x0000000084c00000|100%| O|  |TAMS 0x0000000084c00000, 0x0000000084b00000| Untracked 
|  40|0x0000000084c00000, 0x0000000084d00000, 0x0000000084d00000|100%| O|  |TAMS 0x0000000084d00000, 0x0000000084c00000| Untracked 
|  41|0x0000000084d00000, 0x0000000084e00000, 0x0000000084e00000|100%| O|  |TAMS 0x0000000084e00000, 0x0000000084d00000| Untracked 
|  42|0x0000000084e00000, 0x0000000084f00000, 0x0000000084f00000|100%| O|  |TAMS 0x0000000084f00000, 0x0000000084e00000| Untracked 
|  43|0x0000000084f00000, 0x0000000085000000, 0x0000000085000000|100%| O|  |TAMS 0x0000000085000000, 0x0000000084f00000| Untracked 
|  44|0x0000000085000000, 0x0000000085100000, 0x0000000085100000|100%| O|  |TAMS 0x000000008507c400, 0x0000000085000000| Untracked 
|  45|0x0000000085100000, 0x0000000085100000, 0x0000000085200000|  0%| F|  |TAMS 0x0000000085100000, 0x0000000085100000| Untracked 
|  46|0x0000000085200000, 0x0000000085300000, 0x0000000085300000|100%| O|  |TAMS 0x0000000085200000, 0x0000000085200000| Untracked 
|  47|0x0000000085300000, 0x0000000085380000, 0x0000000085400000| 50%| O|  |TAMS 0x0000000085300000, 0x0000000085300000| Untracked 
|  48|0x0000000085400000, 0x0000000085400000, 0x0000000085500000|  0%| F|  |TAMS 0x0000000085400000, 0x0000000085400000| Untracked 
|  49|0x0000000085500000, 0x0000000085500000, 0x0000000085600000|  0%| F|  |TAMS 0x0000000085500000, 0x0000000085500000| Untracked 
|  50|0x0000000085600000, 0x0000000085600000, 0x0000000085700000|  0%| F|  |TAMS 0x0000000085600000, 0x0000000085600000| Untracked 
|  51|0x0000000085700000, 0x0000000085700000, 0x0000000085800000|  0%| F|  |TAMS 0x0000000085700000, 0x0000000085700000| Untracked 
|  52|0x0000000085800000, 0x0000000085800000, 0x0000000085900000|  0%| F|  |TAMS 0x0000000085800000, 0x0000000085800000| Untracked 
|  53|0x0000000085900000, 0x0000000085900000, 0x0000000085a00000|  0%| F|  |TAMS 0x0000000085900000, 0x0000000085900000| Untracked 
|  54|0x0000000085a00000, 0x0000000085a00000, 0x0000000085b00000|  0%| F|  |TAMS 0x0000000085a00000, 0x0000000085a00000| Untracked 
|  55|0x0000000085b00000, 0x0000000085b00000, 0x0000000085c00000|  0%| F|  |TAMS 0x0000000085b00000, 0x0000000085b00000| Untracked 
|  56|0x0000000085c00000, 0x0000000085c00000, 0x0000000085d00000|  0%| F|  |TAMS 0x0000000085c00000, 0x0000000085c00000| Untracked 
|  57|0x0000000085d00000, 0x0000000085d00000, 0x0000000085e00000|  0%| F|  |TAMS 0x0000000085d00000, 0x0000000085d00000| Untracked 
|  58|0x0000000085e00000, 0x0000000085e00000, 0x0000000085f00000|  0%| F|  |TAMS 0x0000000085e00000, 0x0000000085e00000| Untracked 
|  59|0x0000000085f00000, 0x0000000085f00000, 0x0000000086000000|  0%| F|  |TAMS 0x0000000085f00000, 0x0000000085f00000| Untracked 
|  60|0x0000000086000000, 0x0000000086000000, 0x0000000086100000|  0%| F|  |TAMS 0x0000000086000000, 0x0000000086000000| Untracked 
|  61|0x0000000086100000, 0x0000000086100000, 0x0000000086200000|  0%| F|  |TAMS 0x0000000086100000, 0x0000000086100000| Untracked 
|  62|0x0000000086200000, 0x0000000086200000, 0x0000000086300000|  0%| F|  |TAMS 0x0000000086200000, 0x0000000086200000| Untracked 
|  63|0x0000000086300000, 0x0000000086300000, 0x0000000086400000|  0%| F|  |TAMS 0x0000000086300000, 0x0000000086300000| Untracked 
|  64|0x0000000086400000, 0x0000000086400000, 0x0000000086500000|  0%| F|  |TAMS 0x0000000086400000, 0x0000000086400000| Untracked 
|  65|0x0000000086500000, 0x0000000086500000, 0x0000000086600000|  0%| F|  |TAMS 0x0000000086500000, 0x0000000086500000| Untracked 
|  66|0x0000000086600000, 0x0000000086600000, 0x0000000086700000|  0%| F|  |TAMS 0x0000000086600000, 0x0000000086600000| Untracked 
|  67|0x0000000086700000, 0x0000000086700000, 0x0000000086800000|  0%| F|  |TAMS 0x0000000086700000, 0x0000000086700000| Untracked 
|  68|0x0000000086800000, 0x0000000086800000, 0x0000000086900000|  0%| F|  |TAMS 0x0000000086800000, 0x0000000086800000| Untracked 
|  69|0x0000000086900000, 0x0000000086900000, 0x0000000086a00000|  0%| F|  |TAMS 0x0000000086900000, 0x0000000086900000| Untracked 
|  70|0x0000000086a00000, 0x0000000086a00000, 0x0000000086b00000|  0%| F|  |TAMS 0x0000000086a00000, 0x0000000086a00000| Untracked 
|  71|0x0000000086b00000, 0x0000000086b00000, 0x0000000086c00000|  0%| F|  |TAMS 0x0000000086b00000, 0x0000000086b00000| Untracked 
|  72|0x0000000086c00000, 0x0000000086c00000, 0x0000000086d00000|  0%| F|  |TAMS 0x0000000086c00000, 0x0000000086c00000| Untracked 
|  73|0x0000000086d00000, 0x0000000086d00000, 0x0000000086e00000|  0%| F|  |TAMS 0x0000000086d00000, 0x0000000086d00000| Untracked 
|  74|0x0000000086e00000, 0x0000000086e00000, 0x0000000086f00000|  0%| F|  |TAMS 0x0000000086e00000, 0x0000000086e00000| Untracked 
|  75|0x0000000086f00000, 0x0000000086f00000, 0x0000000087000000|  0%| F|  |TAMS 0x0000000086f00000, 0x0000000086f00000| Untracked 
|  76|0x0000000087000000, 0x0000000087000000, 0x0000000087100000|  0%| F|  |TAMS 0x0000000087000000, 0x0000000087000000| Untracked 
|  77|0x0000000087100000, 0x0000000087100000, 0x0000000087200000|  0%| F|  |TAMS 0x0000000087100000, 0x0000000087100000| Untracked 
|  78|0x0000000087200000, 0x0000000087200000, 0x0000000087300000|  0%| F|  |TAMS 0x0000000087200000, 0x0000000087200000| Untracked 
|  79|0x0000000087300000, 0x0000000087300000, 0x0000000087400000|  0%| F|  |TAMS 0x0000000087300000, 0x0000000087300000| Untracked 
|  80|0x0000000087400000, 0x0000000087400000, 0x0000000087500000|  0%| F|  |TAMS 0x0000000087400000, 0x0000000087400000| Untracked 
|  81|0x0000000087500000, 0x0000000087500000, 0x0000000087600000|  0%| F|  |TAMS 0x0000000087500000, 0x0000000087500000| Untracked 
|  82|0x0000000087600000, 0x0000000087600000, 0x0000000087700000|  0%| F|  |TAMS 0x0000000087600000, 0x0000000087600000| Untracked 
|  83|0x0000000087700000, 0x0000000087700000, 0x0000000087800000|  0%| F|  |TAMS 0x0000000087700000, 0x0000000087700000| Untracked 
|  84|0x0000000087800000, 0x0000000087800000, 0x0000000087900000|  0%| F|  |TAMS 0x0000000087800000, 0x0000000087800000| Untracked 
|  85|0x0000000087900000, 0x0000000087900000, 0x0000000087a00000|  0%| F|  |TAMS 0x0000000087900000, 0x0000000087900000| Untracked 
|  86|0x0000000087a00000, 0x0000000087a00000, 0x0000000087b00000|  0%| F|  |TAMS 0x0000000087a00000, 0x0000000087a00000| Untracked 
|  87|0x0000000087b00000, 0x0000000087b00000, 0x0000000087c00000|  0%| F|  |TAMS 0x0000000087b00000, 0x0000000087b00000| Untracked 
|  88|0x0000000087c00000, 0x0000000087c00000, 0x0000000087d00000|  0%| F|  |TAMS 0x0000000087c00000, 0x0000000087c00000| Untracked 
|  89|0x0000000087d00000, 0x0000000087d00000, 0x0000000087e00000|  0%| F|  |TAMS 0x0000000087d00000, 0x0000000087d00000| Untracked 
|  90|0x0000000087e00000, 0x0000000087e00000, 0x0000000087f00000|  0%| F|  |TAMS 0x0000000087e00000, 0x0000000087e00000| Untracked 
|  91|0x0000000087f00000, 0x0000000087f00000, 0x0000000088000000|  0%| F|  |TAMS 0x0000000087f00000, 0x0000000087f00000| Untracked 
|  92|0x0000000088000000, 0x0000000088000000, 0x0000000088100000|  0%| F|  |TAMS 0x0000000088000000, 0x0000000088000000| Untracked 
|  93|0x0000000088100000, 0x0000000088100000, 0x0000000088200000|  0%| F|  |TAMS 0x0000000088100000, 0x0000000088100000| Untracked 
|  94|0x0000000088200000, 0x0000000088200000, 0x0000000088300000|  0%| F|  |TAMS 0x0000000088200000, 0x0000000088200000| Untracked 
|  95|0x0000000088300000, 0x0000000088300000, 0x0000000088400000|  0%| F|  |TAMS 0x0000000088300000, 0x0000000088300000| Untracked 
|  96|0x0000000088400000, 0x0000000088400000, 0x0000000088500000|  0%| F|  |TAMS 0x0000000088400000, 0x0000000088400000| Untracked 
|  97|0x0000000088500000, 0x0000000088500000, 0x0000000088600000|  0%| F|  |TAMS 0x0000000088500000, 0x0000000088500000| Untracked 
|  98|0x0000000088600000, 0x0000000088700000, 0x0000000088700000|100%| S|CS|TAMS 0x0000000088600000, 0x0000000088600000| Complete 
|  99|0x0000000088700000, 0x0000000088800000, 0x0000000088800000|100%| S|CS|TAMS 0x0000000088700000, 0x0000000088700000| Complete 
| 100|0x0000000088800000, 0x0000000088900000, 0x0000000088900000|100%| S|CS|TAMS 0x0000000088800000, 0x0000000088800000| Complete 
| 101|0x0000000088900000, 0x0000000088a00000, 0x0000000088a00000|100%| S|CS|TAMS 0x0000000088900000, 0x0000000088900000| Complete 
| 102|0x0000000088a00000, 0x0000000088b00000, 0x0000000088b00000|100%| S|CS|TAMS 0x0000000088a00000, 0x0000000088a00000| Complete 
| 103|0x0000000088b00000, 0x0000000088c00000, 0x0000000088c00000|100%| S|CS|TAMS 0x0000000088b00000, 0x0000000088b00000| Complete 
| 104|0x0000000088c00000, 0x0000000088d00000, 0x0000000088d00000|100%| S|CS|TAMS 0x0000000088c00000, 0x0000000088c00000| Complete 
| 105|0x0000000088d00000, 0x0000000088d00000, 0x0000000088e00000|  0%| F|  |TAMS 0x0000000088d00000, 0x0000000088d00000| Untracked 
| 106|0x0000000088e00000, 0x0000000088e00000, 0x0000000088f00000|  0%| F|  |TAMS 0x0000000088e00000, 0x0000000088e00000| Untracked 
| 107|0x0000000088f00000, 0x0000000088f00000, 0x0000000089000000|  0%| F|  |TAMS 0x0000000088f00000, 0x0000000088f00000| Untracked 
| 108|0x0000000089000000, 0x0000000089000000, 0x0000000089100000|  0%| F|  |TAMS 0x0000000089000000, 0x0000000089000000| Untracked 
| 109|0x0000000089100000, 0x0000000089100000, 0x0000000089200000|  0%| F|  |TAMS 0x0000000089100000, 0x0000000089100000| Untracked 
| 110|0x0000000089200000, 0x0000000089200000, 0x0000000089300000|  0%| F|  |TAMS 0x0000000089200000, 0x0000000089200000| Untracked 
| 111|0x0000000089300000, 0x0000000089300000, 0x0000000089400000|  0%| F|  |TAMS 0x0000000089300000, 0x0000000089300000| Untracked 
| 112|0x0000000089400000, 0x0000000089400000, 0x0000000089500000|  0%| F|  |TAMS 0x0000000089400000, 0x0000000089400000| Untracked 
| 113|0x0000000089500000, 0x0000000089500000, 0x0000000089600000|  0%| F|  |TAMS 0x0000000089500000, 0x0000000089500000| Untracked 
| 114|0x0000000089600000, 0x0000000089600000, 0x0000000089700000|  0%| F|  |TAMS 0x0000000089600000, 0x0000000089600000| Untracked 
| 115|0x0000000089700000, 0x0000000089700000, 0x0000000089800000|  0%| F|  |TAMS 0x0000000089700000, 0x0000000089700000| Untracked 
| 116|0x0000000089800000, 0x0000000089800000, 0x0000000089900000|  0%| F|  |TAMS 0x0000000089800000, 0x0000000089800000| Untracked 
| 117|0x0000000089900000, 0x0000000089900000, 0x0000000089a00000|  0%| F|  |TAMS 0x0000000089900000, 0x0000000089900000| Untracked 
| 118|0x0000000089a00000, 0x0000000089a00000, 0x0000000089b00000|  0%| F|  |TAMS 0x0000000089a00000, 0x0000000089a00000| Untracked 
| 119|0x0000000089b00000, 0x0000000089b00000, 0x0000000089c00000|  0%| F|  |TAMS 0x0000000089b00000, 0x0000000089b00000| Untracked 
| 120|0x0000000089c00000, 0x0000000089c00000, 0x0000000089d00000|  0%| F|  |TAMS 0x0000000089c00000, 0x0000000089c00000| Untracked 
| 121|0x0000000089d00000, 0x0000000089d00000, 0x0000000089e00000|  0%| F|  |TAMS 0x0000000089d00000, 0x0000000089d00000| Untracked 
| 122|0x0000000089e00000, 0x0000000089e00000, 0x0000000089f00000|  0%| F|  |TAMS 0x0000000089e00000, 0x0000000089e00000| Untracked 
| 123|0x0000000089f00000, 0x0000000089f00000, 0x000000008a000000|  0%| F|  |TAMS 0x0000000089f00000, 0x0000000089f00000| Untracked 
| 124|0x000000008a000000, 0x000000008a000000, 0x000000008a100000|  0%| F|  |TAMS 0x000000008a000000, 0x000000008a000000| Untracked 
| 125|0x000000008a100000, 0x000000008a100000, 0x000000008a200000|  0%| F|  |TAMS 0x000000008a100000, 0x000000008a100000| Untracked 
| 126|0x000000008a200000, 0x000000008a200000, 0x000000008a300000|  0%| F|  |TAMS 0x000000008a200000, 0x000000008a200000| Untracked 
| 127|0x000000008a300000, 0x000000008a300000, 0x000000008a400000|  0%| F|  |TAMS 0x000000008a300000, 0x000000008a300000| Untracked 
| 128|0x000000008a400000, 0x000000008a400000, 0x000000008a500000|  0%| F|  |TAMS 0x000000008a400000, 0x000000008a400000| Untracked 
| 129|0x000000008a500000, 0x000000008a500000, 0x000000008a600000|  0%| F|  |TAMS 0x000000008a500000, 0x000000008a500000| Untracked 
| 130|0x000000008a600000, 0x000000008a600000, 0x000000008a700000|  0%| F|  |TAMS 0x000000008a600000, 0x000000008a600000| Untracked 
| 131|0x000000008a700000, 0x000000008a700000, 0x000000008a800000|  0%| F|  |TAMS 0x000000008a700000, 0x000000008a700000| Untracked 
| 132|0x000000008a800000, 0x000000008a800000, 0x000000008a900000|  0%| F|  |TAMS 0x000000008a800000, 0x000000008a800000| Untracked 
| 133|0x000000008a900000, 0x000000008a900000, 0x000000008aa00000|  0%| F|  |TAMS 0x000000008a900000, 0x000000008a900000| Untracked 
| 134|0x000000008aa00000, 0x000000008aa00000, 0x000000008ab00000|  0%| F|  |TAMS 0x000000008aa00000, 0x000000008aa00000| Untracked 
| 135|0x000000008ab00000, 0x000000008ab00000, 0x000000008ac00000|  0%| F|  |TAMS 0x000000008ab00000, 0x000000008ab00000| Untracked 
| 136|0x000000008ac00000, 0x000000008ac00000, 0x000000008ad00000|  0%| F|  |TAMS 0x000000008ac00000, 0x000000008ac00000| Untracked 
| 137|0x000000008ad00000, 0x000000008ad00000, 0x000000008ae00000|  0%| F|  |TAMS 0x000000008ad00000, 0x000000008ad00000| Untracked 
| 138|0x000000008ae00000, 0x000000008ae00000, 0x000000008af00000|  0%| F|  |TAMS 0x000000008ae00000, 0x000000008ae00000| Untracked 
| 139|0x000000008af00000, 0x000000008af00000, 0x000000008b000000|  0%| F|  |TAMS 0x000000008af00000, 0x000000008af00000| Untracked 
| 140|0x000000008b000000, 0x000000008b000000, 0x000000008b100000|  0%| F|  |TAMS 0x000000008b000000, 0x000000008b000000| Untracked 
| 141|0x000000008b100000, 0x000000008b100000, 0x000000008b200000|  0%| F|  |TAMS 0x000000008b100000, 0x000000008b100000| Untracked 
| 142|0x000000008b200000, 0x000000008b200000, 0x000000008b300000|  0%| F|  |TAMS 0x000000008b200000, 0x000000008b200000| Untracked 
| 143|0x000000008b300000, 0x000000008b300000, 0x000000008b400000|  0%| F|  |TAMS 0x000000008b300000, 0x000000008b300000| Untracked 
| 144|0x000000008b400000, 0x000000008b400000, 0x000000008b500000|  0%| F|  |TAMS 0x000000008b400000, 0x000000008b400000| Untracked 
| 145|0x000000008b500000, 0x000000008b500000, 0x000000008b600000|  0%| F|  |TAMS 0x000000008b500000, 0x000000008b500000| Untracked 
| 146|0x000000008b600000, 0x000000008b600000, 0x000000008b700000|  0%| F|  |TAMS 0x000000008b600000, 0x000000008b600000| Untracked 
| 147|0x000000008b700000, 0x000000008b700000, 0x000000008b800000|  0%| F|  |TAMS 0x000000008b700000, 0x000000008b700000| Untracked 
| 148|0x000000008b800000, 0x000000008b800000, 0x000000008b900000|  0%| F|  |TAMS 0x000000008b800000, 0x000000008b800000| Untracked 
| 149|0x000000008b900000, 0x000000008b900000, 0x000000008ba00000|  0%| F|  |TAMS 0x000000008b900000, 0x000000008b900000| Untracked 
| 150|0x000000008ba00000, 0x000000008ba00000, 0x000000008bb00000|  0%| F|  |TAMS 0x000000008ba00000, 0x000000008ba00000| Untracked 
| 151|0x000000008bb00000, 0x000000008bb00000, 0x000000008bc00000|  0%| F|  |TAMS 0x000000008bb00000, 0x000000008bb00000| Untracked 
| 152|0x000000008bc00000, 0x000000008bc00000, 0x000000008bd00000|  0%| F|  |TAMS 0x000000008bc00000, 0x000000008bc00000| Untracked 
| 153|0x000000008bd00000, 0x000000008bd00000, 0x000000008be00000|  0%| F|  |TAMS 0x000000008bd00000, 0x000000008bd00000| Untracked 
| 154|0x000000008be00000, 0x000000008be00000, 0x000000008bf00000|  0%| F|  |TAMS 0x000000008be00000, 0x000000008be00000| Untracked 
| 155|0x000000008bf00000, 0x000000008bf00000, 0x000000008c000000|  0%| F|  |TAMS 0x000000008bf00000, 0x000000008bf00000| Untracked 
| 156|0x000000008c000000, 0x000000008c000000, 0x000000008c100000|  0%| F|  |TAMS 0x000000008c000000, 0x000000008c000000| Untracked 
| 157|0x000000008c100000, 0x000000008c100000, 0x000000008c200000|  0%| F|  |TAMS 0x000000008c100000, 0x000000008c100000| Untracked 

Card table byte_map: [0x00000200172a0000,0x0000020017690000] _byte_map_base: 0x0000020016e8e000

Marking Bits (Prev, Next): (CMBitMap*) 0x000002000219c9a0, (CMBitMap*) 0x000002000219c968
 Prev Bits: [0x00000200199f0000, 0x000002001b960000)
 Next Bits: [0x0000020017a80000, 0x00000200199f0000)

Polling page: 0x0000020002030000

Metaspace:

Usage:
  Non-class:     56.29 MB capacity,    55.92 MB (>99%) used,   279.28 KB ( <1%) free+waste,   106.75 KB ( <1%) overhead. 
      Class:      7.42 MB capacity,     7.14 MB ( 96%) used,   242.12 KB (  3%) free+waste,    47.44 KB ( <1%) overhead. 
       Both:     63.72 MB capacity,    63.06 MB ( 99%) used,   521.40 KB ( <1%) free+waste,   154.19 KB ( <1%) overhead. 

Virtual space:
  Non-class space:       58.00 MB reserved,      56.50 MB ( 97%) committed 
      Class space:        1.00 GB reserved,       7.55 MB ( <1%) committed 
             Both:        1.06 GB reserved,      64.05 MB (  6%) committed 

Chunk freelists:
   Non-Class:  19.00 KB
       Class:  14.00 KB
        Both:  33.00 KB

MaxMetaspaceSize: 17179869184.00 GB
CompressedClassSpaceSize: 1.00 GB
Initial GC threshold: 20.80 MB
Current GC threshold: 98.41 MB
CDS: off

CodeHeap 'non-profiled nmethods': size=120000Kb used=4417Kb max_used=4417Kb free=115582Kb
 bounds [0x000002000ef20000, 0x000002000f380000, 0x0000020016450000]
CodeHeap 'profiled nmethods': size=120000Kb used=23446Kb max_used=23446Kb free=96553Kb
 bounds [0x00000200079f0000, 0x00000200090e0000, 0x000002000ef20000]
CodeHeap 'non-nmethods': size=5760Kb used=1333Kb max_used=1395Kb free=4426Kb
 bounds [0x0000020007450000, 0x00000200076c0000, 0x00000200079f0000]
 total_blobs=9232 nmethods=8639 adapters=499
 compilation: enabled
              stopped_count=0, restarted_count=0
 full_count=0

Compilation events (20 events):
Event: 5.323 Thread 0x000002001ecd1800 nmethod 8642 0x00000200090d2690 code [0x00000200090d2860, 0x00000200090d2b48]
Event: 5.323 Thread 0x000002001ecd1800 8643       3       org.jetbrains.kotlin.diagnostics.rendering.DiagnosticWithParameters1Renderer::<init> (17 bytes)
Event: 5.324 Thread 0x000002001ecd1800 nmethod 8643 0x00000200090d2c90 code [0x00000200090d2f60, 0x00000200090d3bc8]
Event: 5.328 Thread 0x000002001ee3d000 nmethod 8644 0x000002000f36e390 code [0x000002000f36e580, 0x000002000f36ea30]
Event: 5.328 Thread 0x000002001ee3d000 8645       4       jdk.internal.reflect.UnsafeQualifiedStaticObjectFieldAccessorImpl::get (15 bytes)
Event: 5.329 Thread 0x000002001ee3b800 nmethod 8620 0x000002000f36ef10 code [0x000002000f36f100, 0x000002000f36f708]
Event: 5.329 Thread 0x000002001ee3d000 nmethod 8645 0x000002000f36fb90 code [0x000002000f36fd20, 0x000002000f36fdb8]
Event: 5.329 Thread 0x000002001ecd1800 8646       3       java.lang.String::equals (65 bytes)
Event: 5.330 Thread 0x000002001ecd1800 nmethod 8646 0x00000200090d4010 code [0x00000200090d4220, 0x00000200090d4878]
Event: 5.332 Thread 0x000002001ecd1800 8647       3       org.jetbrains.kotlin.com.intellij.openapi.util.text.LineTokenizer::advance (180 bytes)
Event: 5.333 Thread 0x000002001ecd1800 nmethod 8647 0x00000200090d4a10 code [0x00000200090d4c20, 0x00000200090d53d8]
Event: 5.333 Thread 0x000002001ecd1800 8648       1       org.jetbrains.kotlin.com.intellij.openapi.util.text.LineTokenizer::atEnd (5 bytes)
Event: 5.333 Thread 0x000002001ecd1800 nmethod 8648 0x000002000f36fe90 code [0x000002000f370040, 0x000002000f3700f8]
Event: 5.333 Thread 0x000002001ecd1800 8649       1       org.jetbrains.kotlin.com.intellij.openapi.util.text.LineTokenizer::getOffset (5 bytes)
Event: 5.333 Thread 0x000002001ecd1800 nmethod 8649 0x000002000f370190 code [0x000002000f370340, 0x000002000f3703f8]
Event: 5.333 Thread 0x000002001ecd1800 8650       1       org.jetbrains.kotlin.com.intellij.openapi.util.text.LineTokenizer::getLineSeparatorLength (5 bytes)
Event: 5.333 Thread 0x000002001ecd1800 nmethod 8650 0x000002000f370490 code [0x000002000f370640, 0x000002000f3706f8]
Event: 5.335 Thread 0x000002001ecd1800 8651       3       java.lang.Math::min (12 bytes)
Event: 5.336 Thread 0x000002001ecd1800 nmethod 8651 0x00000200090d5590 code [0x00000200090d5740, 0x00000200090d5878]
Event: 5.336 Thread 0x000002001ecd1800 8652       3       jdk.internal.reflect.UnsafeQualifiedObjectFieldAccessorImpl::get (17 bytes)

GC Heap History (17 events):
Event: 0.405 GC heap before
{Heap before GC invocations=0 (full 0):
 garbage-first heap   total 129024K, used 27648K [0x0000000082400000, 0x0000000100000000)
  region size 1024K, 24 young (24576K), 0 survivors (0K)
 Metaspace       used 12420K, capacity 12561K, committed 12800K, reserved 1060864K
  class space    used 1135K, capacity 1182K, committed 1280K, reserved 1048576K
}
Event: 0.409 GC heap after
{Heap after GC invocations=1 (full 0):
 garbage-first heap   total 129024K, used 6279K [0x0000000082400000, 0x0000000100000000)
  region size 1024K, 3 young (3072K), 3 survivors (3072K)
 Metaspace       used 12420K, capacity 12561K, committed 12800K, reserved 1060864K
  class space    used 1135K, capacity 1182K, committed 1280K, reserved 1048576K
}
Event: 0.836 GC heap before
{Heap before GC invocations=1 (full 0):
 garbage-first heap   total 129024K, used 43143K [0x0000000082400000, 0x0000000100000000)
  region size 1024K, 40 young (40960K), 3 survivors (3072K)
 Metaspace       used 20971K, capacity 21199K, committed 21296K, reserved 1069056K
  class space    used 2228K, capacity 2305K, committed 2352K, reserved 1048576K
}
Event: 0.845 GC heap after
{Heap after GC invocations=2 (full 0):
 garbage-first heap   total 129024K, used 9772K [0x0000000082400000, 0x0000000100000000)
  region size 1024K, 7 young (7168K), 7 survivors (7168K)
 Metaspace       used 20971K, capacity 21199K, committed 21296K, reserved 1069056K
  class space    used 2228K, capacity 2305K, committed 2352K, reserved 1048576K
}
Event: 1.485 GC heap before
{Heap before GC invocations=3 (full 0):
 garbage-first heap   total 129024K, used 66092K [0x0000000082400000, 0x0000000100000000)
  region size 1024K, 57 young (58368K), 7 survivors (7168K)
 Metaspace       used 32091K, capacity 32543K, committed 32688K, reserved 1077248K
  class space    used 4022K, capacity 4210K, committed 4272K, reserved 1048576K
}
Event: 1.501 GC heap after
{Heap after GC invocations=4 (full 0):
 garbage-first heap   total 129024K, used 21414K [0x0000000082400000, 0x0000000100000000)
  region size 1024K, 8 young (8192K), 8 survivors (8192K)
 Metaspace       used 32091K, capacity 32543K, committed 32688K, reserved 1077248K
  class space    used 4022K, capacity 4210K, committed 4272K, reserved 1048576K
}
Event: 1.690 GC heap before
{Heap before GC invocations=4 (full 0):
 garbage-first heap   total 129024K, used 38822K [0x0000000082400000, 0x0000000100000000)
  region size 1024K, 26 young (26624K), 8 survivors (8192K)
 Metaspace       used 35380K, capacity 35791K, committed 35888K, reserved 1081344K
  class space    used 4387K, capacity 4568K, committed 4656K, reserved 1048576K
}
Event: 1.699 GC heap after
{Heap after GC invocations=5 (full 0):
 garbage-first heap   total 129024K, used 22402K [0x0000000082400000, 0x0000000100000000)
  region size 1024K, 3 young (3072K), 3 survivors (3072K)
 Metaspace       used 35380K, capacity 35791K, committed 35888K, reserved 1081344K
  class space    used 4387K, capacity 4568K, committed 4656K, reserved 1048576K
}
Event: 2.283 GC heap before
{Heap before GC invocations=6 (full 0):
 garbage-first heap   total 129024K, used 69506K [0x0000000082400000, 0x0000000100000000)
  region size 1024K, 49 young (50176K), 3 survivors (3072K)
 Metaspace       used 45950K, capacity 46435K, committed 46768K, reserved 1089536K
  class space    used 5473K, capacity 5678K, committed 5808K, reserved 1048576K
}
Event: 2.291 GC heap after
{Heap after GC invocations=7 (full 0):
 garbage-first heap   total 161792K, used 25772K [0x0000000082400000, 0x0000000100000000)
  region size 1024K, 7 young (7168K), 7 survivors (7168K)
 Metaspace       used 45950K, capacity 46435K, committed 46768K, reserved 1089536K
  class space    used 5473K, capacity 5678K, committed 5808K, reserved 1048576K
}
Event: 2.966 GC heap before
{Heap before GC invocations=7 (full 0):
 garbage-first heap   total 161792K, used 91308K [0x0000000082400000, 0x0000000100000000)
  region size 1024K, 68 young (69632K), 7 survivors (7168K)
 Metaspace       used 53588K, capacity 54224K, committed 54576K, reserved 1097728K
  class space    used 6331K, capacity 6603K, committed 6704K, reserved 1048576K
}
Event: 2.982 GC heap after
{Heap after GC invocations=8 (full 0):
 garbage-first heap   total 161792K, used 34331K [0x0000000082400000, 0x0000000100000000)
  region size 1024K, 9 young (9216K), 9 survivors (9216K)
 Metaspace       used 53588K, capacity 54224K, committed 54576K, reserved 1097728K
  class space    used 6331K, capacity 6603K, committed 6704K, reserved 1048576K
}
Event: 3.905 GC heap before
{Heap before GC invocations=8 (full 0):
 garbage-first heap   total 161792K, used 100891K [0x0000000082400000, 0x0000000100000000)
  region size 1024K, 74 young (75776K), 9 survivors (9216K)
 Metaspace       used 57132K, capacity 57790K, committed 57904K, reserved 1099776K
  class space    used 6573K, capacity 6848K, committed 6960K, reserved 1048576K
}
Event: 3.929 GC heap after
{Heap after GC invocations=9 (full 0):
 garbage-first heap   total 161792K, used 44973K [0x0000000082400000, 0x0000000100000000)
  region size 1024K, 10 young (10240K), 10 survivors (10240K)
 Metaspace       used 57132K, capacity 57790K, committed 57904K, reserved 1099776K
  class space    used 6573K, capacity 6848K, committed 6960K, reserved 1048576K
}
Event: 4.261 GC heap before
{Heap before GC invocations=9 (full 0):
 garbage-first heap   total 161792K, used 69549K [0x0000000082400000, 0x0000000100000000)
  region size 1024K, 35 young (35840K), 10 survivors (10240K)
 Metaspace       used 59473K, capacity 60089K, committed 60208K, reserved 1101824K
  class space    used 6836K, capacity 7124K, committed 7216K, reserved 1048576K
}
Event: 4.279 GC heap after
{Heap after GC invocations=10 (full 0):
 garbage-first heap   total 161792K, used 48113K [0x0000000082400000, 0x0000000100000000)
  region size 1024K, 3 young (3072K), 3 survivors (3072K)
 Metaspace       used 59473K, capacity 60089K, committed 60208K, reserved 1101824K
  class space    used 6836K, capacity 7124K, committed 7216K, reserved 1048576K
}
Event: 5.336 GC heap before
{Heap before GC invocations=11 (full 0):
 garbage-first heap   total 161792K, used 100337K [0x0000000082400000, 0x0000000100000000)
  region size 1024K, 53 young (54272K), 3 survivors (3072K)
 Metaspace       used 64571K, capacity 65247K, committed 65584K, reserved 1107968K
  class space    used 7312K, capacity 7602K, committed 7728K, reserved 1048576K
}

Deoptimization events (20 events):
Event: 5.254 Thread 0x000002000215c800 Uncommon trap: trap_request=0xffffffde fr.pc=0x000002000f1e9ef8 relative=0x0000000000000438
Event: 5.254 Thread 0x000002000215c800 Uncommon trap: reason=class_check action=maybe_recompile pc=0x000002000f1e9ef8 method=org.jetbrains.kotlin.com.intellij.psi.impl.source.tree.CompositeElement.getPsi()Lorg/jetbrains/kotlin/com/intellij/psi/PsiElement; @ 15 c2
Event: 5.254 Thread 0x000002000215c800 DEOPT PACKING pc=0x000002000f1e9ef8 sp=0x000000365defd3c0
Event: 5.254 Thread 0x000002000215c800 DEOPT UNPACKING pc=0x000002000749a1af sp=0x000000365defd3a8 mode 2
Event: 5.255 Thread 0x000002000215c800 Uncommon trap: trap_request=0xffffffde fr.pc=0x000002000f1e9ef8 relative=0x0000000000000438
Event: 5.255 Thread 0x000002000215c800 Uncommon trap: reason=class_check action=maybe_recompile pc=0x000002000f1e9ef8 method=org.jetbrains.kotlin.com.intellij.psi.impl.source.tree.CompositeElement.getPsi()Lorg/jetbrains/kotlin/com/intellij/psi/PsiElement; @ 15 c2
Event: 5.255 Thread 0x000002000215c800 DEOPT PACKING pc=0x000002000f1e9ef8 sp=0x000000365defd680
Event: 5.255 Thread 0x000002000215c800 DEOPT UNPACKING pc=0x000002000749a1af sp=0x000000365defd668 mode 2
Event: 5.257 Thread 0x000002000215c800 Uncommon trap: trap_request=0xffffffc6 fr.pc=0x000002000f2db630 relative=0x0000000000000270
Event: 5.257 Thread 0x000002000215c800 Uncommon trap: reason=bimorphic_or_optimized_type_check action=maybe_recompile pc=0x000002000f2db630 method=org.jetbrains.kotlin.com.intellij.psi.impl.source.tree.CompositeElement.countChildren(Lorg/jetbrains/kotlin/com/intellij/psi/tree/TokenSet;)I @ 3 c
Event: 5.257 Thread 0x000002000215c800 DEOPT PACKING pc=0x000002000f2db630 sp=0x000000365defd5e0
Event: 5.257 Thread 0x000002000215c800 DEOPT UNPACKING pc=0x000002000749a1af sp=0x000000365defd590 mode 2
Event: 5.316 Thread 0x000002000215c800 Uncommon trap: trap_request=0xffffff4d fr.pc=0x000002000ef44aa4 relative=0x0000000000000184
Event: 5.316 Thread 0x000002000215c800 Uncommon trap: reason=unstable_if action=reinterpret pc=0x000002000ef44aa4 method=java.lang.String.equals(Ljava/lang/Object;)Z @ 27 c2
Event: 5.316 Thread 0x000002000215c800 DEOPT PACKING pc=0x000002000ef44aa4 sp=0x000000365defdad0
Event: 5.316 Thread 0x000002000215c800 DEOPT UNPACKING pc=0x000002000749a1af sp=0x000000365defda70 mode 2
Event: 5.331 Thread 0x000002000215c800 Uncommon trap: trap_request=0xffffff4d fr.pc=0x000002000f103b5c relative=0x000000000000057c
Event: 5.331 Thread 0x000002000215c800 Uncommon trap: reason=unstable_if action=reinterpret pc=0x000002000f103b5c method=java.lang.String.replace(CC)Ljava/lang/String; @ 2 c2
Event: 5.331 Thread 0x000002000215c800 DEOPT PACKING pc=0x000002000f103b5c sp=0x000000365defe720
Event: 5.331 Thread 0x000002000215c800 DEOPT UNPACKING pc=0x000002000749a1af sp=0x000000365defe6d0 mode 2

Classes redefined (0 events):
No events

Internal exceptions (20 events):
Event: 3.056 Thread 0x000002000215c800 Implicit null exception at 0x000002000efc56f5 to 0x000002000efc58c8
Event: 3.092 Thread 0x000002000215c800 Implicit null exception at 0x000002000f0676cc to 0x000002000f0677a8
Event: 3.291 Thread 0x000002000215c800 Exception <a 'java/lang/NoSuchMethodError'{0x000000008ae99a10}: 'java.lang.Object java.lang.invoke.DirectMethodHandle$Holder.invokeStaticInit(java.lang.Object, java.lang.Object, java.lang.Object)'> (0x000000008ae99a10) thrown at [./src/hotspot/share/interpreter/linkResolver.cpp, line 773]
Event: 3.811 Thread 0x000002000215c800 Exception <a 'java/lang/NoSuchMethodError'{0x0000000088b21f70}: 'java.lang.Object java.lang.invoke.DirectMethodHandle$Holder.invokeStatic(java.lang.Object, int, java.lang.Object, java.lang.Object)'> (0x0000000088b21f70) thrown at [./src/hotspot/share/interpreter/linkResolver.cpp, line 773]
Event: 3.812 Thread 0x000002000215c800 Exception <a 'java/lang/NoSuchMethodError'{0x0000000088b2c458}: 'int java.lang.invoke.DirectMethodHandle$Holder.invokeInterface(java.lang.Object, java.lang.Object)'> (0x0000000088b2c458) thrown at [./src/hotspot/share/interpreter/linkResolver.cpp, line 773]
Event: 4.069 Thread 0x000002000215c800 Implicit null exception at 0x000002000f1ed739 to 0x000002000f1edd1b
Event: 4.088 Thread 0x000002000215c800 Exception <a 'java/lang/NoSuchMethodError'{0x000000008b2cd6e0}: 'int java.lang.invoke.DirectMethodHandle$Holder.invokeStaticInit(java.lang.Object, int)'> (0x000000008b2cd6e0) thrown at [./src/hotspot/share/interpreter/linkResolver.cpp, line 773]
Event: 4.128 Thread 0x000002000215c800 Implicit null exception at 0x000002000ef7d95e to 0x000002000ef7e0ca
Event: 4.128 Thread 0x000002000215c800 Implicit null exception at 0x000002000ef739af to 0x000002000ef73a1d
Event: 4.189 Thread 0x000002000215c800 Implicit null exception at 0x000002000f1d0dfc to 0x000002000f1d1728
Event: 4.222 Thread 0x000002000215c800 Implicit null exception at 0x000002000ef3dcf7 to 0x000002000ef3e1ec
Event: 4.231 Thread 0x000002000215c800 Exception <a 'java/lang/NoSuchMethodError'{0x000000008ab7bdc0}: 'java.lang.Object java.lang.invoke.DirectMethodHandle$Holder.invokeInterface(java.lang.Object, java.lang.Object, java.lang.Object)'> (0x000000008ab7bdc0) thrown at [./src/hotspot/share/interpreter/linkResolver.cpp, line 773]
Event: 4.231 Thread 0x000002000215c800 Exception <a 'java/lang/IncompatibleClassChangeError'{0x000000008ab7eff0}: Found class java.lang.Object, but interface was expected> (0x000000008ab7eff0) thrown at [./src/hotspot/share/interpreter/linkResolver.cpp, line 839]
Event: 4.235 Thread 0x000002000215c800 Implicit null exception at 0x000002000ef3bbf4 to 0x000002000ef3c124
Event: 4.419 Thread 0x000002000215c800 Exception <a 'java/lang/NoSuchMethodError'{0x000000008bbaa750}: 'java.lang.Object java.lang.invoke.Invokers$Holder.linkToTargetMethod(java.lang.Object, java.lang.Object, java.lang.Object, int, int, java.lang.Object)'> (0x000000008bbaa750) thrown at [./src/hotspot/share/interpreter/linkResolver.cpp, line 773]
Event: 4.583 Thread 0x000002000215c800 Exception <a 'java/lang/NoSuchMethodError'{0x000000008ae94500}: 'java.lang.Object java.lang.invoke.Invokers$Holder.linkToTargetMethod(java.lang.Object, java.lang.Object, java.lang.Object, java.lang.Object, java.lang.Object, java.lang.Object, java.lang.Object)'> (0x000000008ae94500) thrown at [./src/hotspot/share/interpreter/linkResolver.cpp, line 773]
Event: 4.778 Thread 0x000002000215c800 Implicit null exception at 0x000002000f2eac4f to 0x000002000f2ead04
Event: 5.087 Thread 0x000002000215c800 Implicit null exception at 0x000002000ef84c75 to 0x000002000ef84e3c
Event: 5.176 Thread 0x000002000215c800 Implicit null exception at 0x000002000f1bfcf9 to 0x000002000f1bffdc
Event: 5.311 Thread 0x000002000215c800 Exception <a 'java/lang/NoSuchMethodError'{0x0000000088ea4bf8}: 'java.lang.Object java.lang.invoke.DirectMethodHandle$Holder.invokeStaticInit(java.lang.Object, java.lang.Object, java.lang.Object, java.lang.Object)'> (0x0000000088ea4bf8) thrown at [./src/hotspot/share/interpreter/linkResolver.cpp, line 773]

Events (20 events):
Event: 5.331 loading class org/jetbrains/kotlin/cli/common/messages/CompilerMessageLocationWithRange done
Event: 5.332 loading class org/jetbrains/kotlin/cli/common/messages/CompilerMessageLocationWithRange$Companion
Event: 5.332 loading class org/jetbrains/kotlin/cli/common/messages/CompilerMessageLocationWithRange$Companion done
Event: 5.332 loading class org/jetbrains/kotlin/cli/common/messages/GroupingMessageCollector$Message
Event: 5.332 loading class org/jetbrains/kotlin/cli/common/messages/GroupingMessageCollector$Message done
Event: 5.332 loading class org/jetbrains/kotlin/diagnostics/rendering/SmartTypeRenderer$render$adaptiveRenderer$1
Event: 5.332 loading class org/jetbrains/kotlin/diagnostics/rendering/SmartTypeRenderer$render$adaptiveRenderer$1 done
Event: 5.333 loading class org/jetbrains/kotlin/diagnostics/rendering/AdaptiveClassifierNamePolicyKt
Event: 5.333 loading class org/jetbrains/kotlin/diagnostics/rendering/AdaptiveClassifierNamePolicyKt done
Event: 5.333 loading class org/jetbrains/kotlin/diagnostics/rendering/AdaptiveClassifierNamePolicyKt$ADAPTIVE_CLASSIFIER_POLICY_KEY$1
Event: 5.333 loading class org/jetbrains/kotlin/diagnostics/rendering/AdaptiveClassifierNamePolicyKt$ADAPTIVE_CLASSIFIER_POLICY_KEY$1 done
Event: 5.333 loading class org/jetbrains/kotlin/diagnostics/rendering/RenderingContext$Key
Event: 5.333 loading class org/jetbrains/kotlin/diagnostics/rendering/RenderingContext$Key done
Event: 5.334 loading class org/jetbrains/kotlin/diagnostics/rendering/AdaptiveClassifierNamePolicyKt$collectMentionedClassifiersFqNames$1$1
Event: 5.334 loading class org/jetbrains/kotlin/diagnostics/rendering/AdaptiveClassifierNamePolicyKt$collectMentionedClassifiersFqNames$1$1 done
Event: 5.334 loading class org/jetbrains/kotlin/diagnostics/rendering/AdaptiveClassifierNamePolicy
Event: 5.334 loading class org/jetbrains/kotlin/diagnostics/rendering/AdaptiveClassifierNamePolicy done
Event: 5.334 loading class org/jetbrains/kotlin/descriptors/PossiblyInnerType
Event: 5.334 loading class org/jetbrains/kotlin/descriptors/PossiblyInnerType done
Event: 5.336 Executing VM operation: G1CollectForAllocation


Dynamic libraries:
0x00007ff665000000 - 0x00007ff66500a000 	C:\Program Files\Android\Android Studio1\jre\bin\java.exe
0x00007ffef7310000 - 0x00007ffef7508000 	C:\WINDOWS\SYSTEM32\ntdll.dll
0x00007ffef7210000 - 0x00007ffef72cf000 	C:\WINDOWS\System32\KERNEL32.DLL
0x00007ffef4dc0000 - 0x00007ffef5092000 	C:\WINDOWS\System32\KERNELBASE.dll
0x00007ffef50a0000 - 0x00007ffef51a0000 	C:\WINDOWS\System32\ucrtbase.dll
0x00007ffeef8a0000 - 0x00007ffeef8b7000 	C:\Program Files\Android\Android Studio1\jre\bin\VCRUNTIME140.dll
0x00007ffeedb10000 - 0x00007ffeedb29000 	C:\Program Files\Android\Android Studio1\jre\bin\jli.dll
0x00007ffef5640000 - 0x00007ffef57e1000 	C:\WINDOWS\System32\USER32.dll
0x00007ffef4a00000 - 0x00007ffef4a22000 	C:\WINDOWS\System32\win32u.dll
0x00007ffee1290000 - 0x00007ffee152a000 	C:\WINDOWS\WinSxS\amd64_microsoft.windows.common-controls_6595b64144ccf1df_6.0.19041.1110_none_60b5254171f9507e\COMCTL32.dll
0x00007ffef5460000 - 0x00007ffef548b000 	C:\WINDOWS\System32\GDI32.dll
0x00007ffef5540000 - 0x00007ffef55de000 	C:\WINDOWS\System32\msvcrt.dll
0x00007ffef51a0000 - 0x00007ffef52af000 	C:\WINDOWS\System32\gdi32full.dll
0x00007ffef52b0000 - 0x00007ffef534d000 	C:\WINDOWS\System32\msvcp_win.dll
0x00007ffef67b0000 - 0x00007ffef67e2000 	C:\WINDOWS\System32\IMM32.DLL
0x00007ffee0f40000 - 0x00007ffee0fdd000 	C:\Program Files\Android\Android Studio1\jre\bin\msvcp140.dll
0x00007ffeb5be0000 - 0x00007ffeb66c5000 	C:\Program Files\Android\Android Studio1\jre\bin\server\jvm.dll
0x00007ffef6060000 - 0x00007ffef610e000 	C:\WINDOWS\System32\ADVAPI32.dll
0x00007ffef67f0000 - 0x00007ffef688c000 	C:\WINDOWS\System32\sechost.dll
0x00007ffef59a0000 - 0x00007ffef5ac5000 	C:\WINDOWS\System32\RPCRT4.dll
0x00007ffef7200000 - 0x00007ffef7208000 	C:\WINDOWS\System32\PSAPI.DLL
0x00007ffee1f30000 - 0x00007ffee1f57000 	C:\WINDOWS\SYSTEM32\WINMM.dll
0x00007ffeedad0000 - 0x00007ffeedad9000 	C:\WINDOWS\SYSTEM32\WSOCK32.dll
0x00007ffeee710000 - 0x00007ffeee71a000 	C:\WINDOWS\SYSTEM32\VERSION.dll
0x00007ffef66e0000 - 0x00007ffef674b000 	C:\WINDOWS\System32\WS2_32.dll
0x00007ffef3250000 - 0x00007ffef3262000 	C:\WINDOWS\SYSTEM32\kernel.appcore.dll
0x00007ffeed480000 - 0x00007ffeed491000 	C:\Program Files\Android\Android Studio1\jre\bin\verify.dll
0x00007ffef2650000 - 0x00007ffef2834000 	C:\WINDOWS\SYSTEM32\DBGHELP.DLL
0x00007ffeeba90000 - 0x00007ffeebac5000 	C:\WINDOWS\SYSTEM32\dbgcore.DLL
0x00007ffef4cb0000 - 0x00007ffef4d32000 	C:\WINDOWS\System32\bcryptPrimitives.dll
0x00007ffee9720000 - 0x00007ffee9749000 	C:\Program Files\Android\Android Studio1\jre\bin\java.dll
0x00007ffeeda50000 - 0x00007ffeeda5b000 	C:\Program Files\Android\Android Studio1\jre\bin\jimage.dll
0x00007ffed8ab0000 - 0x00007ffed8ac8000 	C:\Program Files\Android\Android Studio1\jre\bin\zip.dll
0x00007ffef68b0000 - 0x00007ffef6ff4000 	C:\WINDOWS\System32\SHELL32.dll
0x00007ffef2aa0000 - 0x00007ffef3232000 	C:\WINDOWS\SYSTEM32\windows.storage.dll
0x00007ffef5d00000 - 0x00007ffef6055000 	C:\WINDOWS\System32\combase.dll
0x00007ffef4460000 - 0x00007ffef4490000 	C:\WINDOWS\SYSTEM32\Wldp.dll
0x00007ffef5350000 - 0x00007ffef53fd000 	C:\WINDOWS\System32\SHCORE.dll
0x00007ffef6750000 - 0x00007ffef67a5000 	C:\WINDOWS\System32\shlwapi.dll
0x00007ffef4940000 - 0x00007ffef495f000 	C:\WINDOWS\SYSTEM32\profapi.dll
0x00007ffed8a90000 - 0x00007ffed8aaa000 	C:\Program Files\Android\Android Studio1\jre\bin\net.dll
0x00007ffeea6d0000 - 0x00007ffeea7dc000 	C:\WINDOWS\SYSTEM32\WINHTTP.dll
0x00007ffef41c0000 - 0x00007ffef422a000 	C:\WINDOWS\system32\mswsock.dll
0x00007ffec5060000 - 0x00007ffec5074000 	C:\Program Files\Android\Android Studio1\jre\bin\nio.dll

dbghelp: loaded successfully - version: 4.0.5 - missing functions: none
symbol engine: initialized successfully - sym options: 0x614 - pdb path: .;C:\Program Files\Android\Android Studio1\jre\bin;C:\WINDOWS\SYSTEM32;C:\WINDOWS\WinSxS\amd64_microsoft.windows.common-controls_6595b64144ccf1df_6.0.19041.1110_none_60b5254171f9507e;C:\Program Files\Android\Android Studio1\jre\bin\server

VM Arguments:
java_command: org.jetbrains.kotlin.cli.jvm.K2JVMCompiler @C:\Users\Horvath\AndroidStudioProjects\Android-11.eloadas\app\build\20221219_4851110057698904890.compiler.options
java_class_path (initial): C:\Users\Horvath\.gradle\caches\modules-2\files-2.1\org.jetbrains.kotlin\kotlin-compiler-embeddable\1.7.10\909803167c98606fcf22b4c848647c68e351d48d\kotlin-compiler-embeddable-1.7.10.jar;C:\Users\Horvath\.gradle\caches\modules-2\files-2.1\org.jetbrains.kotlin\kotlin-reflect\1.7.10\165e600dfea6185cf5efa700756294cc4904dbeb\kotlin-reflect-1.7.10.jar;C:\Users\Horvath\.gradle\caches\modules-2\files-2.1\org.jetbrains.kotlin\kotlin-stdlib\1.7.10\d2abf9e77736acc4450dc4a3f707fa2c10f5099d\kotlin-stdlib-1.7.10.jar;C:\Users\Horvath\.gradle\caches\modules-2\files-2.1\org.jetbrains.kotlin\kotlin-script-runtime\1.7.10\c99c87a6988d8fd8d5142e9ed5c9f34a7cf561ee\kotlin-script-runtime-1.7.10.jar;C:\Users\Horvath\.gradle\caches\modules-2\files-2.1\org.jetbrains.kotlin\kotlin-daemon-embeddable\1.7.10\3a9f7aef7080d3ae63126cbba4f827ed664f32fa\kotlin-daemon-embeddable-1.7.10.jar;C:\Users\Horvath\.gradle\caches\modules-2\files-2.1\org.jetbrains.intellij.deps\trove4j\1.0.20200330\3afb14d5f9ceb459d724e907a21145e8ff394f02\trove4j-1.0.20200330.jar;C:\Users\Horvath\.gradle\caches\modules-2\files-2.1\net.java.dev.jna\jna\5.6.0\330f2244e9030119ab3030fc3fededc86713d9cc\jna-5.6.0.jar;C:\Users\Horvath\.gradle\caches\modules-2\files-2.1\org.jetbrains.kotlin\kotlin-stdlib-common\1.7.10\bac80c520d0a9e3f3673bc2658c6ed02ef45a76a\kotlin-stdlib-common-1.7.10.jar;C:\Users\Horvath\.gradle\caches\modules-2\files-2.1\org.jetbrains\annotations\13.0\919f0dfe192fb4e063e7dacadee7f8bb9a2672a9\annotations-13.0.jar
Launcher Type: SUN_STANDARD

[Global flags]
     intx CICompilerCount                          = 4                                         {product} {ergonomic}
     uint ConcGCThreads                            = 2                                         {product} {ergonomic}
     uint G1ConcRefinementThreads                  = 8                                         {product} {ergonomic}
   size_t G1HeapRegionSize                         = 1048576                                   {product} {ergonomic}
    uintx GCDrainStackTargetSize                   = 64                                        {product} {ergonomic}
   size_t InitialHeapSize                          = 132120576                                 {product} {ergonomic}
   size_t MarkStackSize                            = 4194304                                   {product} {ergonomic}
   size_t MaxHeapSize                              = 2109734912                                {product} {ergonomic}
   size_t MaxNewSize                               = 1265631232                                {product} {ergonomic}
   size_t MinHeapDeltaBytes                        = 1048576                                   {product} {ergonomic}
    uintx NonNMethodCodeHeapSize                   = 5836300                                {pd product} {ergonomic}
    uintx NonProfiledCodeHeapSize                  = 122910970                              {pd product} {ergonomic}
    uintx ProfiledCodeHeapSize                     = 122910970                              {pd product} {ergonomic}
    uintx ReservedCodeCacheSize                    = 251658240                              {pd product} {ergonomic}
     bool SegmentedCodeCache                       = true                                      {product} {ergonomic}
     bool UseCompressedClassPointers               = true                                 {lp64_product} {ergonomic}
     bool UseCompressedOops                        = true                                 {lp64_product} {ergonomic}
     bool UseG1GC                                  = true                                      {product} {ergonomic}
     bool UseLargePagesIndividualAllocation        = false                                  {pd product} {ergonomic}

Logging:
Log output configuration:
 #0: stdout all=warning uptime,level,tags
 #1: stderr all=off uptime,level,tags

Environment Variables:
PATH=C:\Program Files\Common Files\Oracle\Java\javapath;C:\Program Files (x86)\Common Files\Oracle\Java\javapath;C:\WINDOWS\system32;C:\WINDOWS;C:\WINDOWS\System32\Wbem;C:\WINDOWS\System32\WindowsPowerShell\v1.0\;C:\WINDOWS\System32\OpenSSH\;C:\TDM-GCC-64\bin;C:\Users\Horvath\AppData\Roaming\Microsoft\Windows\Start Menu\Programs\Python 3.8;C:\Users\Horvath\AppData\Local\Programs\Python\Python38-32;C:\Program Files\dotnet\;C:\Program Files\Microsoft SQL Server\130\Tools\Binn\;C:\Program Files\Microsoft SQL Server\Client SDK\ODBC\170\Tools\Binn\;C:\TDM-GCC-64;C:\Program Files\swipl\bin;C:\ProgramData\chocolatey\bin;C:\Program Files\Git\cmd;C:\Program Files\MATLAB\R2022b\bin;C:\Program Files\nodejs\;C:\Program Files\MySQL\MySQL Shell 8.0\bin\;C:\Users\Horvath\AppData\Local\Microsoft\WindowsApps;C:\Users\Horvath\.dotnet\tools;C:\Program Files\JetBrains\CLion 2020.3.2\bin;C:\Users\Horvath\AppData\Local\atom\bin;C:\Users\Horvath\AppData\Local\GitHubDesktop\bin;D:\Microsoft VS Code\bin;C:\Users\Horvath\AppData\Roaming\cabal\bin;C:\tools\ghc-9.2.1\bin;C:\tools\msys64;C:\Users\Horvath\AppData\Roaming\local\bin;C:\Users\Horvath\.dotnet\tools;D:\mongoShell\mongosh-1.5.0-win32-x64\bin;C:\src\flutter\flutter\bin;C:\Users\Horvath\AppData\Roaming\npm
USERNAME=Horvath
OS=Windows_NT
PROCESSOR_IDENTIFIER=Intel64 Family 6 Model 158 Stepping 10, GenuineIntel



---------------  S Y S T E M  ---------------

OS: Windows 10 , 64 bit Build 19041 (10.0.19041.2364)
OS uptime: 0 days 7:49 hours

CPU:total 8 (initial active 8) (4 cores per cpu, 2 threads per core) family 6 model 158 stepping 10 microcode 0xca, cmov, cx8, fxsr, mmx, sse, sse2, sse3, ssse3, sse4.1, sse4.2, popcnt, avx, avx2, aes, clmul, erms, 3dnowpref, lzcnt, ht, tsc, tscinvbit, bmi1, bmi2, adx, fma

Memory: 4k page, system-wide physical 8044M (560M free)
TotalPageFile size 12140M (AvailPageFile size 4M)
current process WorkingSet (physical memory assigned to process): 332M, peak: 369M
current process commit charge ("private bytes"): 434M, peak: 434M

vm_info: OpenJDK 64-Bit Server VM (11.0.12+7-b1504.28-7817840) for windows-amd64 JRE (11.0.12+7-b1504.28-7817840), built on Oct 13 2021 22:12:33 by "builder" with MS VC++ 14.0 (VS2015)

END.
