#
# There is insufficient memory for the Java Runtime Environment to continue.
# Native memory allocation (malloc) failed to allocate 166096 bytes for Chunk::new
# Possible reasons:
#   The system is out of physical RAM or swap space
#   The process is running with CompressedOops enabled, and the Java Heap may be blocking the growth of the native heap
# Possible solutions:
#   Reduce memory load on the system
#   Increase physical memory or swap space
#   Check if swap backing store is full
#   Decrease Java heap size (-Xmx/-Xms)
#   Decrease number of Java threads
#   Decrease Java thread stack sizes (-Xss)
#   Set larger code cache with -XX:ReservedCodeCacheSize=
#   JVM is running with Unscaled Compressed Oops mode in which the Java heap is
#     placed in the first 4GB address space. The Java Heap base address is the
#     maximum limit for the native heap growth. Please use -XX:HeapBaseMinAddress
#     to set the Java Heap base and to place the Java Heap above 4GB virtual address.
# This output file may be truncated or incomplete.
#
#  Out of Memory Error (./src/hotspot/share/memory/arena.cpp:197), pid=1768, tid=14412
#
# JRE version: OpenJDK Runtime Environment (11.0.12+7) (build 11.0.12+7-b1504.28-7817840)
# Java VM: OpenJDK 64-Bit Server VM (11.0.12+7-b1504.28-7817840, mixed mode, tiered, compressed oops, g1 gc, windows-amd64)
# No core dump will be written. Minidumps are not enabled by default on client versions of Windows
#

---------------  S U M M A R Y ------------

Command Line: org.jetbrains.kotlin.cli.jvm.K2JVMCompiler @C:\Users\Horvath\AndroidStudioProjects\Android-11.eloadas\app\build\20221219_13836220465961022041.compiler.options

Host: Intel(R) Core(TM) i5-9300H CPU @ 2.40GHz, 8 cores, 7G,  Windows 10 , 64 bit Build 19041 (10.0.19041.2364)
Time: Mon Dec 19 20:04:17 2022 2. orosz idõzóna, téli idõ elapsed time: 1.831896 seconds (0d 0h 0m 1s)

---------------  T H R E A D  ---------------

Current thread (0x000001c429c32800):  JavaThread "C2 CompilerThread0" daemon [_thread_in_native, id=14412, stack(0x000000a3f4700000,0x000000a3f4800000)]


Current CompileTask:
C2:   1831 2686       4       java.lang.reflect.ProxyGenerator$ConstantPool::getUtf8 (18 bytes)

Stack: [0x000000a3f4700000,0x000000a3f4800000]
Native frames: (J=compiled Java code, j=interpreted, Vv=VM code, C=native code)
V  [jvm.dll+0x5fbcea]
V  [jvm.dll+0x731905]
V  [jvm.dll+0x732f1d]
V  [jvm.dll+0x7335d3]
V  [jvm.dll+0x247bf8]
V  [jvm.dll+0xc018c]
V  [jvm.dll+0xc06cc]
V  [jvm.dll+0x35b2db]
V  [jvm.dll+0x19cebc]
V  [jvm.dll+0x20070e]
V  [jvm.dll+0x1ff794]
V  [jvm.dll+0x18868c]
V  [jvm.dll+0x20e0d7]
V  [jvm.dll+0x20c901]
V  [jvm.dll+0x6f9b7f]
V  [jvm.dll+0x6f26a5]
V  [jvm.dll+0x5fabf6]
C  [ucrtbase.dll+0x21bb2]
C  [KERNEL32.DLL+0x17614]
C  [ntdll.dll+0x526a1]


---------------  P R O C E S S  ---------------

Threads class SMR info:
_java_thread_list=0x000001c429d91bf0, length=12, elements={
0x000001c40ef5d800, 0x000001c42929e800, 0x000001c4292a7000, 0x000001c429c2a000,
0x000001c429c2b000, 0x000001c429c2d800, 0x000001c429c32800, 0x000001c4292b4800,
0x000001c4292b5800, 0x000001c429d98000, 0x000001c429d97000, 0x000001c429d96000
}

Java Threads: ( => current thread )
  0x000001c40ef5d800 JavaThread "main" [_thread_in_Java, id=5344, stack(0x000000a3f3b00000,0x000000a3f3c00000)]
  0x000001c42929e800 JavaThread "Reference Handler" daemon [_thread_blocked, id=5056, stack(0x000000a3f4200000,0x000000a3f4300000)]
  0x000001c4292a7000 JavaThread "Finalizer" daemon [_thread_blocked, id=9076, stack(0x000000a3f4300000,0x000000a3f4400000)]
  0x000001c429c2a000 JavaThread "Signal Dispatcher" daemon [_thread_blocked, id=8128, stack(0x000000a3f4400000,0x000000a3f4500000)]
  0x000001c429c2b000 JavaThread "Attach Listener" daemon [_thread_blocked, id=12836, stack(0x000000a3f4500000,0x000000a3f4600000)]
  0x000001c429c2d800 JavaThread "Service Thread" daemon [_thread_blocked, id=12272, stack(0x000000a3f4600000,0x000000a3f4700000)]
=>0x000001c429c32800 JavaThread "C2 CompilerThread0" daemon [_thread_in_native, id=14412, stack(0x000000a3f4700000,0x000000a3f4800000)]
  0x000001c4292b4800 JavaThread "C1 CompilerThread0" daemon [_thread_blocked, id=14388, stack(0x000000a3f4800000,0x000000a3f4900000)]
  0x000001c4292b5800 JavaThread "Sweeper thread" daemon [_thread_blocked, id=1224, stack(0x000000a3f4900000,0x000000a3f4a00000)]
  0x000001c429d98000 JavaThread "Common-Cleaner" daemon [_thread_blocked, id=6600, stack(0x000000a3f4b00000,0x000000a3f4c00000)]
  0x000001c429d97000 JavaThread "C2 CompilerThread1" daemon [_thread_in_native, id=3956, stack(0x000000a3f4c00000,0x000000a3f4d00000)]
  0x000001c429d96000 JavaThread "C2 CompilerThread2" daemon [_thread_in_native, id=2176, stack(0x000000a3f4d00000,0x000000a3f4e00000)]

Other Threads:
  0x000001c42927b000 VMThread "VM Thread" [stack: 0x000000a3f4100000,0x000000a3f4200000] [id=11004]
  0x000001c429d93000 WatcherThread [stack: 0x000000a3f4a00000,0x000000a3f4b00000] [id=1080]
  0x000001c40ef74800 GCTaskThread "GC Thread#0" [stack: 0x000000a3f3c00000,0x000000a3f3d00000] [id=8716]
  0x000001c42a587800 GCTaskThread "GC Thread#1" [stack: 0x000000a3f4e00000,0x000000a3f4f00000] [id=10156]
  0x000001c42a39a000 GCTaskThread "GC Thread#2" [stack: 0x000000a3f4f00000,0x000000a3f5000000] [id=3352]
  0x000001c40efa7000 ConcurrentGCThread "G1 Main Marker" [stack: 0x000000a3f3d00000,0x000000a3f3e00000] [id=8500]
  0x000001c40efaa000 ConcurrentGCThread "G1 Conc#0" [stack: 0x000000a3f3e00000,0x000000a3f3f00000] [id=7484]
  0x000001c42ae76000 ConcurrentGCThread "G1 Conc#1" [stack: 0x000000a3f5000000,0x000000a3f5100000] [id=14640]
  0x000001c4290e0800 ConcurrentGCThread "G1 Refine#0" [stack: 0x000000a3f3f00000,0x000000a3f4000000] [id=10548]
  0x000001c42ed7d800 ConcurrentGCThread "G1 Refine#1" [stack: 0x000000a3f5100000,0x000000a3f5200000] [id=9544]
  0x000001c42cdde800 ConcurrentGCThread "G1 Refine#2" [stack: 0x000000a3f5200000,0x000000a3f5300000] [id=4528]
  0x000001c42e7a4800 ConcurrentGCThread "G1 Refine#3" [stack: 0x000000a3f5300000,0x000000a3f5400000] [id=12404]
  0x000001c4290e1800 ConcurrentGCThread "G1 Young RemSet Sampling" [stack: 0x000000a3f4000000,0x000000a3f4100000] [id=8868]

Threads with active compile tasks:
C2 CompilerThread0   1849 2686       4       java.lang.reflect.ProxyGenerator$ConstantPool::getUtf8 (18 bytes)
C1 CompilerThread0   1849 2716       3       sun.reflect.annotation.AnnotationParser::parseSig (61 bytes)
C2 CompilerThread1   1849 2713       4       java.lang.PublicMethods$MethodList::merge (192 bytes)
C2 CompilerThread2   1849 2708   !   4       java.lang.reflect.Executable::declaredAnnotations (85 bytes)

VM state:not at safepoint (normal execution)

VM Mutex/Monitor currently owned by a thread: None

Heap address: 0x0000000082400000, size: 2012 MB, Compressed Oops mode: 32-bit
Narrow klass base: 0x0000000000000000, Narrow klass shift: 3
Compressed class space size: 1073741824 Address: 0x0000000100000000

Heap:
 garbage-first heap   total 129024K, used 34109K [0x0000000082400000, 0x0000000100000000)
  region size 1024K, 16 young (16384K), 3 survivors (3072K)
 Metaspace       used 37845K, capacity 38317K, committed 38448K, reserved 1083392K
  class space    used 4654K, capacity 4831K, committed 4912K, reserved 1048576K
Heap Regions: E=young(eden), S=young(survivor), O=old, HS=humongous(starts), HC=humongous(continues), CS=collection set, F=free, A=archive, TAMS=top-at-mark-start (previous, next)
|   0|0x0000000082400000, 0x0000000082500000, 0x0000000082500000|100%|HS|  |TAMS 0x0000000082500000, 0x0000000082400000| Complete 
|   1|0x0000000082500000, 0x0000000082600000, 0x0000000082600000|100%|HC|  |TAMS 0x0000000082600000, 0x0000000082500000| Complete 
|   2|0x0000000082600000, 0x0000000082700000, 0x0000000082700000|100%|HC|  |TAMS 0x0000000082700000, 0x0000000082600000| Complete 
|   3|0x0000000082700000, 0x0000000082800000, 0x0000000082800000|100%| O|  |TAMS 0x0000000082800000, 0x0000000082700000| Untracked 
|   4|0x0000000082800000, 0x0000000082900000, 0x0000000082900000|100%| O|  |TAMS 0x0000000082900000, 0x0000000082800000| Untracked 
|   5|0x0000000082900000, 0x0000000082a00000, 0x0000000082a00000|100%|HS|  |TAMS 0x0000000082a00000, 0x0000000082900000| Complete 
|   6|0x0000000082a00000, 0x0000000082b00000, 0x0000000082b00000|100%|HC|  |TAMS 0x0000000082b00000, 0x0000000082a00000| Complete 
|   7|0x0000000082b00000, 0x0000000082c00000, 0x0000000082c00000|100%|HC|  |TAMS 0x0000000082c00000, 0x0000000082b00000| Complete 
|   8|0x0000000082c00000, 0x0000000082c00000, 0x0000000082d00000|  0%| F|  |TAMS 0x0000000082c00000, 0x0000000082c00000| Untracked 
|   9|0x0000000082d00000, 0x0000000082d00000, 0x0000000082e00000|  0%| F|  |TAMS 0x0000000082d00000, 0x0000000082d00000| Untracked 
|  10|0x0000000082e00000, 0x0000000082f00000, 0x0000000082f00000|100%| O|  |TAMS 0x0000000082f00000, 0x0000000082e00000| Untracked 
|  11|0x0000000082f00000, 0x0000000083000000, 0x0000000083000000|100%| O|  |TAMS 0x0000000083000000, 0x0000000082f00000| Untracked 
|  12|0x0000000083000000, 0x0000000083100000, 0x0000000083100000|100%| O|  |TAMS 0x0000000083100000, 0x0000000083000000| Untracked 
|  13|0x0000000083100000, 0x0000000083200000, 0x0000000083200000|100%| O|  |TAMS 0x0000000083200000, 0x0000000083100000| Untracked 
|  14|0x0000000083200000, 0x0000000083300000, 0x0000000083300000|100%| O|  |TAMS 0x0000000083300000, 0x0000000083200000| Untracked 
|  15|0x0000000083300000, 0x0000000083400000, 0x0000000083400000|100%| O|  |TAMS 0x0000000083400000, 0x0000000083300000| Untracked 
|  16|0x0000000083400000, 0x0000000083500000, 0x0000000083500000|100%| O|  |TAMS 0x0000000083500000, 0x0000000083400000| Untracked 
|  17|0x0000000083500000, 0x0000000083600000, 0x0000000083600000|100%| O|  |TAMS 0x0000000083600000, 0x0000000083500000| Untracked 
|  18|0x0000000083600000, 0x0000000083700000, 0x0000000083700000|100%| O|  |TAMS 0x0000000083700000, 0x0000000083600000| Untracked 
|  19|0x0000000083700000, 0x0000000083800000, 0x0000000083800000|100%| O|  |TAMS 0x0000000083800000, 0x0000000083700000| Untracked 
|  20|0x0000000083800000, 0x00000000838e3c00, 0x0000000083900000| 88%| O|  |TAMS 0x00000000838e3c00, 0x0000000083800000| Untracked 
|  21|0x0000000083900000, 0x0000000083900000, 0x0000000083a00000|  0%| F|  |TAMS 0x0000000083900000, 0x0000000083900000| Untracked 
|  22|0x0000000083a00000, 0x0000000083a00000, 0x0000000083b00000|  0%| F|  |TAMS 0x0000000083a00000, 0x0000000083a00000| Untracked 
|  23|0x0000000083b00000, 0x0000000083b00000, 0x0000000083c00000|  0%| F|  |TAMS 0x0000000083b00000, 0x0000000083b00000| Untracked 
|  24|0x0000000083c00000, 0x0000000083c00000, 0x0000000083d00000|  0%| F|  |TAMS 0x0000000083c00000, 0x0000000083c00000| Untracked 
|  25|0x0000000083d00000, 0x0000000083d00000, 0x0000000083e00000|  0%| F|  |TAMS 0x0000000083d00000, 0x0000000083d00000| Untracked 
|  26|0x0000000083e00000, 0x0000000083e00000, 0x0000000083f00000|  0%| F|  |TAMS 0x0000000083e00000, 0x0000000083e00000| Untracked 
|  27|0x0000000083f00000, 0x0000000083f00000, 0x0000000084000000|  0%| F|  |TAMS 0x0000000083f00000, 0x0000000083f00000| Untracked 
|  28|0x0000000084000000, 0x0000000084000000, 0x0000000084100000|  0%| F|  |TAMS 0x0000000084000000, 0x0000000084000000| Untracked 
|  29|0x0000000084100000, 0x0000000084100000, 0x0000000084200000|  0%| F|  |TAMS 0x0000000084100000, 0x0000000084100000| Untracked 
|  30|0x0000000084200000, 0x0000000084200000, 0x0000000084300000|  0%| F|  |TAMS 0x0000000084200000, 0x0000000084200000| Untracked 
|  31|0x0000000084300000, 0x0000000084300000, 0x0000000084400000|  0%| F|  |TAMS 0x0000000084300000, 0x0000000084300000| Untracked 
|  32|0x0000000084400000, 0x0000000084400000, 0x0000000084500000|  0%| F|  |TAMS 0x0000000084400000, 0x0000000084400000| Untracked 
|  33|0x0000000084500000, 0x0000000084500000, 0x0000000084600000|  0%| F|  |TAMS 0x0000000084500000, 0x0000000084500000| Untracked 
|  34|0x0000000084600000, 0x0000000084600000, 0x0000000084700000|  0%| F|  |TAMS 0x0000000084600000, 0x0000000084600000| Untracked 
|  35|0x0000000084700000, 0x0000000084700000, 0x0000000084800000|  0%| F|  |TAMS 0x0000000084700000, 0x0000000084700000| Untracked 
|  36|0x0000000084800000, 0x0000000084800000, 0x0000000084900000|  0%| F|  |TAMS 0x0000000084800000, 0x0000000084800000| Untracked 
|  37|0x0000000084900000, 0x0000000084900000, 0x0000000084a00000|  0%| F|  |TAMS 0x0000000084900000, 0x0000000084900000| Untracked 
|  38|0x0000000084a00000, 0x0000000084a00000, 0x0000000084b00000|  0%| F|  |TAMS 0x0000000084a00000, 0x0000000084a00000| Untracked 
|  39|0x0000000084b00000, 0x0000000084b00000, 0x0000000084c00000|  0%| F|  |TAMS 0x0000000084b00000, 0x0000000084b00000| Untracked 
|  40|0x0000000084c00000, 0x0000000084c00000, 0x0000000084d00000|  0%| F|  |TAMS 0x0000000084c00000, 0x0000000084c00000| Untracked 
|  41|0x0000000084d00000, 0x0000000084d00000, 0x0000000084e00000|  0%| F|  |TAMS 0x0000000084d00000, 0x0000000084d00000| Untracked 
|  42|0x0000000084e00000, 0x0000000084e00000, 0x0000000084f00000|  0%| F|  |TAMS 0x0000000084e00000, 0x0000000084e00000| Untracked 
|  43|0x0000000084f00000, 0x0000000084f00000, 0x0000000085000000|  0%| F|  |TAMS 0x0000000084f00000, 0x0000000084f00000| Untracked 
|  44|0x0000000085000000, 0x0000000085000000, 0x0000000085100000|  0%| F|  |TAMS 0x0000000085000000, 0x0000000085000000| Untracked 
|  45|0x0000000085100000, 0x0000000085100000, 0x0000000085200000|  0%| F|  |TAMS 0x0000000085100000, 0x0000000085100000| Untracked 
|  46|0x0000000085200000, 0x0000000085200000, 0x0000000085300000|  0%| F|  |TAMS 0x0000000085200000, 0x0000000085200000| Untracked 
|  47|0x0000000085300000, 0x0000000085300000, 0x0000000085400000|  0%| F|  |TAMS 0x0000000085300000, 0x0000000085300000| Untracked 
|  48|0x0000000085400000, 0x0000000085400000, 0x0000000085500000|  0%| F|  |TAMS 0x0000000085400000, 0x0000000085400000| Untracked 
|  49|0x0000000085500000, 0x0000000085500000, 0x0000000085600000|  0%| F|  |TAMS 0x0000000085500000, 0x0000000085500000| Untracked 
|  50|0x0000000085600000, 0x0000000085600000, 0x0000000085700000|  0%| F|  |TAMS 0x0000000085600000, 0x0000000085600000| Untracked 
|  51|0x0000000085700000, 0x0000000085700000, 0x0000000085800000|  0%| F|  |TAMS 0x0000000085700000, 0x0000000085700000| Untracked 
|  52|0x0000000085800000, 0x0000000085800000, 0x0000000085900000|  0%| F|  |TAMS 0x0000000085800000, 0x0000000085800000| Untracked 
|  53|0x0000000085900000, 0x0000000085900000, 0x0000000085a00000|  0%| F|  |TAMS 0x0000000085900000, 0x0000000085900000| Untracked 
|  54|0x0000000085a00000, 0x0000000085a00000, 0x0000000085b00000|  0%| F|  |TAMS 0x0000000085a00000, 0x0000000085a00000| Untracked 
|  55|0x0000000085b00000, 0x0000000085b00000, 0x0000000085c00000|  0%| F|  |TAMS 0x0000000085b00000, 0x0000000085b00000| Untracked 
|  56|0x0000000085c00000, 0x0000000085c00000, 0x0000000085d00000|  0%| F|  |TAMS 0x0000000085c00000, 0x0000000085c00000| Untracked 
|  57|0x0000000085d00000, 0x0000000085d00000, 0x0000000085e00000|  0%| F|  |TAMS 0x0000000085d00000, 0x0000000085d00000| Untracked 
|  58|0x0000000085e00000, 0x0000000085e00000, 0x0000000085f00000|  0%| F|  |TAMS 0x0000000085e00000, 0x0000000085e00000| Untracked 
|  59|0x0000000085f00000, 0x0000000085f00000, 0x0000000086000000|  0%| F|  |TAMS 0x0000000085f00000, 0x0000000085f00000| Untracked 
|  60|0x0000000086000000, 0x0000000086000000, 0x0000000086100000|  0%| F|  |TAMS 0x0000000086000000, 0x0000000086000000| Untracked 
|  61|0x0000000086100000, 0x0000000086100000, 0x0000000086200000|  0%| F|  |TAMS 0x0000000086100000, 0x0000000086100000| Untracked 
|  62|0x0000000086200000, 0x0000000086200000, 0x0000000086300000|  0%| F|  |TAMS 0x0000000086200000, 0x0000000086200000| Untracked 
|  63|0x0000000086300000, 0x0000000086300000, 0x0000000086400000|  0%| F|  |TAMS 0x0000000086300000, 0x0000000086300000| Untracked 
|  64|0x0000000086400000, 0x0000000086400000, 0x0000000086500000|  0%| F|  |TAMS 0x0000000086400000, 0x0000000086400000| Untracked 
|  65|0x0000000086500000, 0x0000000086500000, 0x0000000086600000|  0%| F|  |TAMS 0x0000000086500000, 0x0000000086500000| Untracked 
|  66|0x0000000086600000, 0x0000000086600000, 0x0000000086700000|  0%| F|  |TAMS 0x0000000086600000, 0x0000000086600000| Untracked 
|  67|0x0000000086700000, 0x0000000086700000, 0x0000000086800000|  0%| F|  |TAMS 0x0000000086700000, 0x0000000086700000| Untracked 
|  68|0x0000000086800000, 0x0000000086800000, 0x0000000086900000|  0%| F|  |TAMS 0x0000000086800000, 0x0000000086800000| Untracked 
|  69|0x0000000086900000, 0x0000000086900000, 0x0000000086a00000|  0%| F|  |TAMS 0x0000000086900000, 0x0000000086900000| Untracked 
|  70|0x0000000086a00000, 0x0000000086a00000, 0x0000000086b00000|  0%| F|  |TAMS 0x0000000086a00000, 0x0000000086a00000| Untracked 
|  71|0x0000000086b00000, 0x0000000086b00000, 0x0000000086c00000|  0%| F|  |TAMS 0x0000000086b00000, 0x0000000086b00000| Untracked 
|  72|0x0000000086c00000, 0x0000000086c00000, 0x0000000086d00000|  0%| F|  |TAMS 0x0000000086c00000, 0x0000000086c00000| Untracked 
|  73|0x0000000086d00000, 0x0000000086d00000, 0x0000000086e00000|  0%| F|  |TAMS 0x0000000086d00000, 0x0000000086d00000| Untracked 
|  74|0x0000000086e00000, 0x0000000086e00000, 0x0000000086f00000|  0%| F|  |TAMS 0x0000000086e00000, 0x0000000086e00000| Untracked 
|  75|0x0000000086f00000, 0x0000000086f00000, 0x0000000087000000|  0%| F|  |TAMS 0x0000000086f00000, 0x0000000086f00000| Untracked 
|  76|0x0000000087000000, 0x0000000087000000, 0x0000000087100000|  0%| F|  |TAMS 0x0000000087000000, 0x0000000087000000| Untracked 
|  77|0x0000000087100000, 0x0000000087100000, 0x0000000087200000|  0%| F|  |TAMS 0x0000000087100000, 0x0000000087100000| Untracked 
|  78|0x0000000087200000, 0x0000000087200000, 0x0000000087300000|  0%| F|  |TAMS 0x0000000087200000, 0x0000000087200000| Untracked 
|  79|0x0000000087300000, 0x0000000087300000, 0x0000000087400000|  0%| F|  |TAMS 0x0000000087300000, 0x0000000087300000| Untracked 
|  80|0x0000000087400000, 0x0000000087400000, 0x0000000087500000|  0%| F|  |TAMS 0x0000000087400000, 0x0000000087400000| Untracked 
|  81|0x0000000087500000, 0x0000000087500000, 0x0000000087600000|  0%| F|  |TAMS 0x0000000087500000, 0x0000000087500000| Untracked 
|  82|0x0000000087600000, 0x0000000087600000, 0x0000000087700000|  0%| F|  |TAMS 0x0000000087600000, 0x0000000087600000| Untracked 
|  83|0x0000000087700000, 0x0000000087700000, 0x0000000087800000|  0%| F|  |TAMS 0x0000000087700000, 0x0000000087700000| Untracked 
|  84|0x0000000087800000, 0x0000000087800000, 0x0000000087900000|  0%| F|  |TAMS 0x0000000087800000, 0x0000000087800000| Untracked 
|  85|0x0000000087900000, 0x0000000087900000, 0x0000000087a00000|  0%| F|  |TAMS 0x0000000087900000, 0x0000000087900000| Untracked 
|  86|0x0000000087a00000, 0x0000000087a00000, 0x0000000087b00000|  0%| F|  |TAMS 0x0000000087a00000, 0x0000000087a00000| Untracked 
|  87|0x0000000087b00000, 0x0000000087b00000, 0x0000000087c00000|  0%| F|  |TAMS 0x0000000087b00000, 0x0000000087b00000| Untracked 
|  88|0x0000000087c00000, 0x0000000087c00000, 0x0000000087d00000|  0%| F|  |TAMS 0x0000000087c00000, 0x0000000087c00000| Untracked 
|  89|0x0000000087d00000, 0x0000000087d00000, 0x0000000087e00000|  0%| F|  |TAMS 0x0000000087d00000, 0x0000000087d00000| Untracked 
|  90|0x0000000087e00000, 0x0000000087e00000, 0x0000000087f00000|  0%| F|  |TAMS 0x0000000087e00000, 0x0000000087e00000| Untracked 
|  91|0x0000000087f00000, 0x0000000087f00000, 0x0000000088000000|  0%| F|  |TAMS 0x0000000087f00000, 0x0000000087f00000| Untracked 
|  92|0x0000000088000000, 0x0000000088000000, 0x0000000088100000|  0%| F|  |TAMS 0x0000000088000000, 0x0000000088000000| Untracked 
|  93|0x0000000088100000, 0x0000000088100000, 0x0000000088200000|  0%| F|  |TAMS 0x0000000088100000, 0x0000000088100000| Untracked 
|  94|0x0000000088200000, 0x0000000088200000, 0x0000000088300000|  0%| F|  |TAMS 0x0000000088200000, 0x0000000088200000| Untracked 
|  95|0x0000000088300000, 0x0000000088300000, 0x0000000088400000|  0%| F|  |TAMS 0x0000000088300000, 0x0000000088300000| Untracked 
|  96|0x0000000088400000, 0x0000000088400000, 0x0000000088500000|  0%| F|  |TAMS 0x0000000088400000, 0x0000000088400000| Untracked 
|  97|0x0000000088500000, 0x0000000088500000, 0x0000000088600000|  0%| F|  |TAMS 0x0000000088500000, 0x0000000088500000| Untracked 
|  98|0x0000000088600000, 0x0000000088600000, 0x0000000088700000|  0%| F|  |TAMS 0x0000000088600000, 0x0000000088600000| Untracked 
|  99|0x0000000088700000, 0x0000000088700000, 0x0000000088800000|  0%| F|  |TAMS 0x0000000088700000, 0x0000000088700000| Untracked 
| 100|0x0000000088800000, 0x0000000088800000, 0x0000000088900000|  0%| F|  |TAMS 0x0000000088800000, 0x0000000088800000| Untracked 
| 101|0x0000000088900000, 0x0000000088900000, 0x0000000088a00000|  0%| F|  |TAMS 0x0000000088900000, 0x0000000088900000| Untracked 
| 102|0x0000000088a00000, 0x0000000088a00000, 0x0000000088b00000|  0%| F|  |TAMS 0x0000000088a00000, 0x0000000088a00000| Untracked 
| 103|0x0000000088b00000, 0x0000000088b00000, 0x0000000088c00000|  0%| F|  |TAMS 0x0000000088b00000, 0x0000000088b00000| Untracked 
| 104|0x0000000088c00000, 0x0000000088c00000, 0x0000000088d00000|  0%| F|  |TAMS 0x0000000088c00000, 0x0000000088c00000| Untracked 
| 105|0x0000000088d00000, 0x0000000088d6b820, 0x0000000088e00000| 41%| S|CS|TAMS 0x0000000088d00000, 0x0000000088d00000| Complete 
| 106|0x0000000088e00000, 0x0000000088f00000, 0x0000000088f00000|100%| S|CS|TAMS 0x0000000088e00000, 0x0000000088e00000| Complete 
| 107|0x0000000088f00000, 0x0000000089000000, 0x0000000089000000|100%| S|CS|TAMS 0x0000000088f00000, 0x0000000088f00000| Complete 
| 108|0x0000000089000000, 0x0000000089000000, 0x0000000089100000|  0%| F|  |TAMS 0x0000000089000000, 0x0000000089000000| Untracked 
| 109|0x0000000089100000, 0x0000000089100000, 0x0000000089200000|  0%| F|  |TAMS 0x0000000089100000, 0x0000000089100000| Untracked 
| 110|0x0000000089200000, 0x0000000089200000, 0x0000000089300000|  0%| F|  |TAMS 0x0000000089200000, 0x0000000089200000| Untracked 
| 111|0x0000000089300000, 0x0000000089300000, 0x0000000089400000|  0%| F|  |TAMS 0x0000000089300000, 0x0000000089300000| Untracked 
| 112|0x0000000089400000, 0x0000000089400000, 0x0000000089500000|  0%| F|  |TAMS 0x0000000089400000, 0x0000000089400000| Untracked 
| 113|0x0000000089500000, 0x0000000089600000, 0x0000000089600000|100%| E|  |TAMS 0x0000000089500000, 0x0000000089500000| Complete 
| 114|0x0000000089600000, 0x0000000089700000, 0x0000000089700000|100%| E|CS|TAMS 0x0000000089600000, 0x0000000089600000| Complete 
| 115|0x0000000089700000, 0x0000000089800000, 0x0000000089800000|100%| E|CS|TAMS 0x0000000089700000, 0x0000000089700000| Complete 
| 116|0x0000000089800000, 0x0000000089900000, 0x0000000089900000|100%| E|CS|TAMS 0x0000000089800000, 0x0000000089800000| Complete 
| 117|0x0000000089900000, 0x0000000089a00000, 0x0000000089a00000|100%| E|CS|TAMS 0x0000000089900000, 0x0000000089900000| Complete 
| 118|0x0000000089a00000, 0x0000000089b00000, 0x0000000089b00000|100%| E|CS|TAMS 0x0000000089a00000, 0x0000000089a00000| Complete 
| 119|0x0000000089b00000, 0x0000000089c00000, 0x0000000089c00000|100%| E|CS|TAMS 0x0000000089b00000, 0x0000000089b00000| Complete 
| 120|0x0000000089c00000, 0x0000000089d00000, 0x0000000089d00000|100%| E|CS|TAMS 0x0000000089c00000, 0x0000000089c00000| Complete 
| 121|0x0000000089d00000, 0x0000000089e00000, 0x0000000089e00000|100%| E|CS|TAMS 0x0000000089d00000, 0x0000000089d00000| Complete 
| 122|0x0000000089e00000, 0x0000000089f00000, 0x0000000089f00000|100%| E|CS|TAMS 0x0000000089e00000, 0x0000000089e00000| Complete 
| 123|0x0000000089f00000, 0x000000008a000000, 0x000000008a000000|100%| E|CS|TAMS 0x0000000089f00000, 0x0000000089f00000| Complete 
| 124|0x000000008a000000, 0x000000008a100000, 0x000000008a100000|100%| E|CS|TAMS 0x000000008a000000, 0x000000008a000000| Complete 
| 125|0x000000008a100000, 0x000000008a200000, 0x000000008a200000|100%| E|CS|TAMS 0x000000008a100000, 0x000000008a100000| Complete 

Card table byte_map: [0x000001c422190000,0x000001c422580000] _byte_map_base: 0x000001c421d7e000

Marking Bits (Prev, Next): (CMBitMap*) 0x000001c40ef9c228, (CMBitMap*) 0x000001c40ef9c260
 Prev Bits: [0x000001c422970000, 0x000001c4248e0000)
 Next Bits: [0x000001c4248e0000, 0x000001c426850000)

Polling page: 0x000001c40ce70000

Metaspace:

Usage:
  Non-class:     32.70 MB capacity,    32.44 MB (>99%) used,   211.55 KB ( <1%) free+waste,    54.75 KB ( <1%) overhead. 
      Class:      4.72 MB capacity,     4.55 MB ( 96%) used,   146.39 KB (  3%) free+waste,    25.38 KB ( <1%) overhead. 
       Both:     37.42 MB capacity,    36.99 MB ( 99%) used,   357.94 KB ( <1%) free+waste,    80.13 KB ( <1%) overhead. 

Virtual space:
  Non-class space:       34.00 MB reserved,      32.75 MB ( 96%) committed 
      Class space:        1.00 GB reserved,       4.80 MB ( <1%) committed 
             Both:        1.03 GB reserved,      37.55 MB (  4%) committed 

Chunk freelists:
   Non-Class:  50.00 KB
       Class:  1.00 KB
        Both:  51.00 KB

MaxMetaspaceSize: 17179869184.00 GB
CompressedClassSpaceSize: 1.00 GB
Initial GC threshold: 20.80 MB
Current GC threshold: 58.83 MB
CDS: off

CodeHeap 'non-profiled nmethods': size=120000Kb used=1190Kb max_used=1190Kb free=118809Kb
 bounds [0x000001c41a540000, 0x000001c41a7b0000, 0x000001c421a70000]
CodeHeap 'profiled nmethods': size=120000Kb used=5331Kb max_used=5331Kb free=114669Kb
 bounds [0x000001c413010000, 0x000001c413550000, 0x000001c41a540000]
CodeHeap 'non-nmethods': size=5760Kb used=1269Kb max_used=1317Kb free=4490Kb
 bounds [0x000001c412a70000, 0x000001c412ce0000, 0x000001c413010000]
 total_blobs=3246 nmethods=2715 adapters=441
 compilation: enabled
              stopped_count=0, restarted_count=0
 full_count=0

Compilation events (20 events):
Event: 1.822 Thread 0x000001c429d96000 nmethod 2691 0x000001c41a667e90 code [0x000001c41a668040, 0x000001c41a668218]
Event: 1.822 Thread 0x000001c4292b4800 nmethod 2699 0x000001c413531c10 code [0x000001c413531dc0, 0x000001c413531ee8]
Event: 1.822 Thread 0x000001c4292b4800 2700       3       sun.reflect.generics.parser.SignatureParser::parseFieldTypeSignature (73 bytes)
Event: 1.822 Thread 0x000001c4292b4800 nmethod 2700 0x000001c413531f90 code [0x000001c4135321e0, 0x000001c413532698]
Event: 1.822 Thread 0x000001c4292b4800 2696       3       java.lang.reflect.Proxy::getProxyConstructor (92 bytes)
Event: 1.823 Thread 0x000001c4292b4800 nmethod 2696 0x000001c413532890 code [0x000001c413532ba0, 0x000001c413534148]
Event: 1.823 Thread 0x000001c4292b4800 2697   !   3       java.lang.reflect.Proxy::newProxyInstance (75 bytes)
Event: 1.824 Thread 0x000001c4292b4800 nmethod 2697 0x000001c413534710 code [0x000001c4135349c0, 0x000001c413535738]
Event: 1.824 Thread 0x000001c4292b4800 2698       3       java.lang.reflect.Proxy::<init> (15 bytes)
Event: 1.824 Thread 0x000001c4292b4800 nmethod 2698 0x000001c413535e10 code [0x000001c413535fe0, 0x000001c4135362e8]
Event: 1.824 Thread 0x000001c4292b4800 2701       3       jdk.internal.reflect.Reflection::filter (217 bytes)
Event: 1.824 Thread 0x000001c4292b4800 nmethod 2701 0x000001c413536410 code [0x000001c413536660, 0x000001c4135371e8]
Event: 1.824 Thread 0x000001c4292b4800 2702       3       java.lang.Class::copyConstructors (38 bytes)
Event: 1.825 Thread 0x000001c4292b4800 nmethod 2702 0x000001c413537690 code [0x000001c413537900, 0x000001c413538388]
Event: 1.828 Thread 0x000001c4292b4800 2703       3       org.jetbrains.kotlin.com.intellij.util.containers.MultiMap::putValue (27 bytes)
Event: 1.828 Thread 0x000001c4292b4800 nmethod 2703 0x000001c413538710 code [0x000001c413538940, 0x000001c4135390f8]
Event: 1.828 Thread 0x000001c4292b4800 2704       3       org.jetbrains.kotlin.com.intellij.util.containers.MultiMap$$Lambda$140/0x0000000100321040::get$Lambda (9 bytes)
Event: 1.828 Thread 0x000001c4292b4800 nmethod 2704 0x000001c413539390 code [0x000001c413539560, 0x000001c4135397b8]
Event: 1.828 Thread 0x000001c4292b4800 2705       3       org.jetbrains.kotlin.com.intellij.util.containers.MultiMap$$Lambda$140/0x0000000100321040::<init> (10 bytes)
Event: 1.828 Thread 0x000001c4292b4800 nmethod 2705 0x000001c413539890 code [0x000001c413539a40, 0x000001c413539bf8]

GC Heap History (8 events):
Event: 0.408 GC heap before
{Heap before GC invocations=0 (full 0):
 garbage-first heap   total 129024K, used 27648K [0x0000000082400000, 0x0000000100000000)
  region size 1024K, 24 young (24576K), 0 survivors (0K)
 Metaspace       used 12420K, capacity 12561K, committed 12800K, reserved 1060864K
  class space    used 1135K, capacity 1182K, committed 1280K, reserved 1048576K
}
Event: 0.411 GC heap after
{Heap after GC invocations=1 (full 0):
 garbage-first heap   total 129024K, used 6276K [0x0000000082400000, 0x0000000100000000)
  region size 1024K, 3 young (3072K), 3 survivors (3072K)
 Metaspace       used 12420K, capacity 12561K, committed 12800K, reserved 1060864K
  class space    used 1135K, capacity 1182K, committed 1280K, reserved 1048576K
}
Event: 0.843 GC heap before
{Heap before GC invocations=1 (full 0):
 garbage-first heap   total 129024K, used 43140K [0x0000000082400000, 0x0000000100000000)
  region size 1024K, 40 young (40960K), 3 survivors (3072K)
 Metaspace       used 20991K, capacity 21199K, committed 21296K, reserved 1069056K
  class space    used 2228K, capacity 2305K, committed 2352K, reserved 1048576K
}
Event: 0.853 GC heap after
{Heap after GC invocations=2 (full 0):
 garbage-first heap   total 129024K, used 10047K [0x0000000082400000, 0x0000000100000000)
  region size 1024K, 7 young (7168K), 7 survivors (7168K)
 Metaspace       used 20991K, capacity 21199K, committed 21296K, reserved 1069056K
  class space    used 2228K, capacity 2305K, committed 2352K, reserved 1048576K
}
Event: 1.466 GC heap before
{Heap before GC invocations=3 (full 0):
 garbage-first heap   total 129024K, used 65343K [0x0000000082400000, 0x0000000100000000)
  region size 1024K, 56 young (57344K), 7 survivors (7168K)
 Metaspace       used 31909K, capacity 32319K, committed 32432K, reserved 1077248K
  class space    used 3994K, capacity 4178K, committed 4272K, reserved 1048576K
}
Event: 1.480 GC heap after
{Heap after GC invocations=4 (full 0):
 garbage-first heap   total 129024K, used 21317K [0x0000000082400000, 0x0000000100000000)
  region size 1024K, 7 young (7168K), 7 survivors (7168K)
 Metaspace       used 31909K, capacity 32319K, committed 32432K, reserved 1077248K
  class space    used 3994K, capacity 4178K, committed 4272K, reserved 1048576K
}
Event: 1.709 GC heap before
{Heap before GC invocations=4 (full 0):
 garbage-first heap   total 129024K, used 38725K [0x0000000082400000, 0x0000000100000000)
  region size 1024K, 25 young (25600K), 7 survivors (7168K)
 Metaspace       used 35378K, capacity 35791K, committed 35888K, reserved 1081344K
  class space    used 4383K, capacity 4568K, committed 4656K, reserved 1048576K
}
Event: 1.719 GC heap after
{Heap after GC invocations=5 (full 0):
 garbage-first heap   total 129024K, used 21821K [0x0000000082400000, 0x0000000100000000)
  region size 1024K, 3 young (3072K), 3 survivors (3072K)
 Metaspace       used 35378K, capacity 35791K, committed 35888K, reserved 1081344K
  class space    used 4383K, capacity 4568K, committed 4656K, reserved 1048576K
}

Deoptimization events (20 events):
Event: 1.685 Thread 0x000001c40ef5d800 Uncommon trap: trap_request=0xffffffde fr.pc=0x000001c41a610e94 relative=0x00000000000000d4
Event: 1.685 Thread 0x000001c40ef5d800 Uncommon trap: reason=class_check action=maybe_recompile pc=0x000001c41a610e94 method=java.util.AbstractList$Itr.next()Ljava/lang/Object; @ 14 c2
Event: 1.685 Thread 0x000001c40ef5d800 DEOPT PACKING pc=0x000001c41a610e94 sp=0x000000a3f3bfdf60
Event: 1.685 Thread 0x000001c40ef5d800 DEOPT UNPACKING pc=0x000001c412aba1af sp=0x000000a3f3bfdef8 mode 2
Event: 1.685 Thread 0x000001c40ef5d800 Uncommon trap: trap_request=0xffffffde fr.pc=0x000001c41a610e94 relative=0x00000000000000d4
Event: 1.685 Thread 0x000001c40ef5d800 Uncommon trap: reason=class_check action=maybe_recompile pc=0x000001c41a610e94 method=java.util.AbstractList$Itr.next()Ljava/lang/Object; @ 14 c2
Event: 1.685 Thread 0x000001c40ef5d800 DEOPT PACKING pc=0x000001c41a610e94 sp=0x000000a3f3bfdf60
Event: 1.685 Thread 0x000001c40ef5d800 DEOPT UNPACKING pc=0x000001c412aba1af sp=0x000000a3f3bfdef8 mode 2
Event: 1.686 Thread 0x000001c40ef5d800 Uncommon trap: trap_request=0xffffffde fr.pc=0x000001c41a610e94 relative=0x00000000000000d4
Event: 1.686 Thread 0x000001c40ef5d800 Uncommon trap: reason=class_check action=maybe_recompile pc=0x000001c41a610e94 method=java.util.AbstractList$Itr.next()Ljava/lang/Object; @ 14 c2
Event: 1.686 Thread 0x000001c40ef5d800 DEOPT PACKING pc=0x000001c41a610e94 sp=0x000000a3f3bfdf60
Event: 1.686 Thread 0x000001c40ef5d800 DEOPT UNPACKING pc=0x000001c412aba1af sp=0x000000a3f3bfdef8 mode 2
Event: 1.695 Thread 0x000001c40ef5d800 DEOPT PACKING pc=0x000001c413493ee8 sp=0x000000a3f3bfdb90
Event: 1.695 Thread 0x000001c40ef5d800 DEOPT UNPACKING pc=0x000001c412aba95e sp=0x000000a3f3bfd098 mode 0
Event: 1.701 Thread 0x000001c40ef5d800 DEOPT PACKING pc=0x000001c41336385b sp=0x000000a3f3bfd680
Event: 1.701 Thread 0x000001c40ef5d800 DEOPT UNPACKING pc=0x000001c412aba95e sp=0x000000a3f3bfcaf8 mode 0
Event: 1.764 Thread 0x000001c40ef5d800 Uncommon trap: trap_request=0xffffff4d fr.pc=0x000001c41a574f7c relative=0x00000000000003bc
Event: 1.764 Thread 0x000001c40ef5d800 Uncommon trap: reason=unstable_if action=reinterpret pc=0x000001c41a574f7c method=java.util.concurrent.ConcurrentHashMap.get(Ljava/lang/Object;)Ljava/lang/Object; @ 76 c2
Event: 1.764 Thread 0x000001c40ef5d800 DEOPT PACKING pc=0x000001c41a574f7c sp=0x000000a3f3bfa200
Event: 1.764 Thread 0x000001c40ef5d800 DEOPT UNPACKING pc=0x000001c412aba1af sp=0x000000a3f3bfa188 mode 2

Classes redefined (0 events):
No events

Internal exceptions (20 events):
Event: 0.685 Thread 0x000001c40ef5d800 Exception <a 'java/lang/NoSuchMethodError'{0x0000000088612f00}: 'long java.lang.invoke.DelegatingMethodHandle$Holder.reinvoke_L(java.lang.Object, java.lang.Object, java.lang.Object)'> (0x0000000088612f00) thrown at [./src/hotspot/share/interpreter/linkResolver.cpp, line 773]
Event: 0.686 Thread 0x000001c40ef5d800 Exception <a 'java/lang/NoSuchMethodError'{0x000000008861cbc0}: 'int java.lang.invoke.DirectMethodHandle$Holder.invokeSpecial(java.lang.Object, java.lang.Object, java.lang.Object, java.lang.Object)'> (0x000000008861cbc0) thrown at [./src/hotspot/share/interpreter/linkResolver.cpp, line 773]
Event: 0.687 Thread 0x000001c40ef5d800 Exception <a 'java/lang/NoSuchMethodError'{0x000000008862b9a0}: 'int java.lang.invoke.DelegatingMethodHandle$Holder.reinvoke_L(java.lang.Object, java.lang.Object, java.lang.Object, long, int)'> (0x000000008862b9a0) thrown at [./src/hotspot/share/interpreter/linkResolver.cpp, line 773]
Event: 0.759 Thread 0x000001c40ef5d800 Exception <a 'java/lang/NoSuchMethodError'{0x000000008827ca20}: 'int java.lang.invoke.DirectMethodHandle$Holder.invokeSpecialIFC(java.lang.Object, java.lang.Object, int)'> (0x000000008827ca20) thrown at [./src/hotspot/share/interpreter/linkResolver.cpp, line 773]
Event: 0.836 Thread 0x000001c40ef5d800 Exception <a 'java/lang/NoSuchMethodError'{0x0000000087bcad28}: 'java.lang.Object java.lang.invoke.DirectMethodHandle$Holder.invokeStaticInit(java.lang.Object, int)'> (0x0000000087bcad28) thrown at [./src/hotspot/share/interpreter/linkResolver.cpp, line 773]
Event: 0.868 Thread 0x000001c40ef5d800 Exception <a 'java/lang/NoSuchMethodError'{0x000000008a01fd18}: 'long java.lang.invoke.DirectMethodHandle$Holder.invokeStatic(java.lang.Object)'> (0x000000008a01fd18) thrown at [./src/hotspot/share/interpreter/linkResolver.cpp, line 773]
Event: 0.868 Thread 0x000001c40ef5d800 Exception <a 'java/lang/NoSuchMethodError'{0x000000008a022b70}: 'long java.lang.invoke.DirectMethodHandle$Holder.invokeStaticInit(java.lang.Object)'> (0x000000008a022b70) thrown at [./src/hotspot/share/interpreter/linkResolver.cpp, line 773]
Event: 0.901 Thread 0x000001c40ef5d800 Exception <a 'java/lang/NoSuchMethodError'{0x0000000089c1e778}: 'int java.lang.invoke.DirectMethodHandle$Holder.invokeStaticInit(java.lang.Object, java.lang.Object, java.lang.Object)'> (0x0000000089c1e778) thrown at [./src/hotspot/share/interpreter/linkResolver.cpp, line 773]
Event: 0.903 Thread 0x000001c40ef5d800 Exception <a 'java/lang/NoSuchMethodError'{0x0000000089c49ee8}: 'int java.lang.invoke.DirectMethodHandle$Holder.invokeStaticInit(java.lang.Object, java.lang.Object)'> (0x0000000089c49ee8) thrown at [./src/hotspot/share/interpreter/linkResolver.cpp, line 773]
Event: 0.933 Thread 0x000001c40ef5d800 Exception <a 'java/lang/NoSuchMethodError'{0x0000000089a5c268}: 'void java.lang.invoke.DirectMethodHandle$Holder.invokeSpecial(java.lang.Object, java.lang.Object)'> (0x0000000089a5c268) thrown at [./src/hotspot/share/interpreter/linkResolver.cpp, line 773]
Event: 1.036 Thread 0x000001c40ef5d800 Exception <a 'java/lang/NoSuchMethodError'{0x00000000892c3060}: 'java.lang.Object java.lang.invoke.DirectMethodHandle$Holder.invokeStatic(java.lang.Object, java.lang.Object, java.lang.Object, java.lang.Object, java.lang.Object, java.lang.Object, java.lang.Object, java.lang.Object, java.lang.Object, java.lang.Object, java.lang.Object, java.lang.Object, java.lang.Object, java.lang.Object, java.lang.Object)'> (0x00000000892c3060) thrown at [./src/hotspot/share/interpreter/linkResolver.cpp, line 773]
Event: 1.037 Thread 0x000001c40ef5d800 Exception <a 'java/lang/NoSuchMethodError'{0x00000000892d1068}: 'java.lang.Object java.lang.invoke.DirectMethodHandle$Holder.invokeStatic(java.lang.Object, java.lang.Object, java.lang.Object, java.lang.Object, java.lang.Object, java.lang.Object, java.lang.Object, java.lang.Object, java.lang.Object, java.lang.Object, java.lang.Object, java.lang.Object, java.lang.Object, java.lang.Object, java.lang.Object, java.lang.Object)'> (0x00000000892d1068) thrown at [./src/hotspot/share/interpreter/linkResolver.cpp, l
Event: 1.038 Thread 0x000001c40ef5d800 Exception <a 'java/lang/NoSuchMethodError'{0x00000000892def80}: 'java.lang.Object java.lang.invoke.DirectMethodHandle$Holder.invokeSpecial(java.lang.Object, java.lang.Object, int, int, java.lang.Object, java.lang.Object, java.lang.Object)'> (0x00000000892def80) thrown at [./src/hotspot/share/interpreter/linkResolver.cpp, line 773]
Event: 1.038 Thread 0x000001c40ef5d800 Exception <a 'java/lang/NoSuchMethodError'{0x00000000892e27b8}: 'java.lang.Object java.lang.invoke.DelegatingMethodHandle$Holder.reinvoke_L(java.lang.Object, int, int, java.lang.Object, java.lang.Object, java.lang.Object)'> (0x00000000892e27b8) thrown at [./src/hotspot/share/interpreter/linkResolver.cpp, line 773]
Event: 1.038 Thread 0x000001c40ef5d800 Exception <a 'java/lang/NoSuchMethodError'{0x00000000892e6b40}: 'java.lang.Object java.lang.invoke.DirectMethodHandle$Holder.invokeStatic(java.lang.Object, java.lang.Object, java.lang.Object, java.lang.Object, int)'> (0x00000000892e6b40) thrown at [./src/hotspot/share/interpreter/linkResolver.cpp, line 773]
Event: 1.063 Thread 0x000001c40ef5d800 Exception <a 'java/lang/NoSuchMethodError'{0x000000008900ddc0}: 'void java.lang.invoke.DirectMethodHandle$Holder.invokeStatic(java.lang.Object, java.lang.Object, java.lang.Object, java.lang.Object)'> (0x000000008900ddc0) thrown at [./src/hotspot/share/interpreter/linkResolver.cpp, line 773]
Event: 1.107 Thread 0x000001c40ef5d800 Exception <a 'java/lang/NoSuchMethodError'{0x0000000088df0f08}: 'void java.lang.invoke.DirectMethodHandle$Holder.invokeStaticInit(java.lang.Object, java.lang.Object)'> (0x0000000088df0f08) thrown at [./src/hotspot/share/interpreter/linkResolver.cpp, line 773]
Event: 1.153 Thread 0x000001c40ef5d800 Exception <a 'java/lang/NoSuchMethodError'{0x000000008881ce60}: 'void java.lang.invoke.DirectMethodHandle$Holder.invokeVirtual(java.lang.Object, java.lang.Object)'> (0x000000008881ce60) thrown at [./src/hotspot/share/interpreter/linkResolver.cpp, line 773]
Event: 1.159 Thread 0x000001c40ef5d800 Exception <a 'java/lang/NoSuchMethodError'{0x00000000888a52d8}: 'int java.lang.invoke.DirectMethodHandle$Holder.invokeVirtual(java.lang.Object, java.lang.Object)'> (0x00000000888a52d8) thrown at [./src/hotspot/share/interpreter/linkResolver.cpp, line 773]
Event: 1.675 Thread 0x000001c40ef5d800 Exception <a 'java/lang/NoSuchMethodError'{0x0000000089217150}: 'java.lang.Object java.lang.invoke.DirectMethodHandle$Holder.invokeVirtual(java.lang.Object, java.lang.Object, java.lang.Object)'> (0x0000000089217150) thrown at [./src/hotspot/share/interpreter/linkResolver.cpp, line 773]

Events (20 events):
Event: 1.829 loading class org/jetbrains/kotlin/types/model/CapturedTypeMarker
Event: 1.829 loading class org/jetbrains/kotlin/types/model/CapturedTypeMarker done
Event: 1.829 loading class org/jetbrains/kotlin/types/model/TypeVariance
Event: 1.829 loading class org/jetbrains/kotlin/types/model/TypeVariance done
Event: 1.829 loading class org/jetbrains/kotlin/types/model/TypeVariableMarker
Event: 1.829 loading class org/jetbrains/kotlin/types/model/TypeVariableMarker done
Event: 1.829 loading class org/jetbrains/kotlin/types/model/CapturedTypeConstructorMarker
Event: 1.829 loading class org/jetbrains/kotlin/types/model/CapturedTypeConstructorMarker done
Event: 1.829 loading class org/jetbrains/kotlin/types/model/StubTypeMarker
Event: 1.829 loading class org/jetbrains/kotlin/types/model/StubTypeMarker done
Event: 1.829 loading class org/jetbrains/kotlin/types/model/TypeVariableTypeConstructorMarker
Event: 1.829 loading class org/jetbrains/kotlin/types/model/TypeVariableTypeConstructorMarker done
Event: 1.829 loading class org/jetbrains/kotlin/types/model/RawTypeMarker
Event: 1.829 loading class org/jetbrains/kotlin/types/model/RawTypeMarker done
Event: 1.829 loading class org/jetbrains/kotlin/types/model/DynamicTypeMarker
Event: 1.829 loading class org/jetbrains/kotlin/types/model/DynamicTypeMarker done
Event: 1.829 loading class org/jetbrains/kotlin/types/model/CaptureStatus
Event: 1.829 loading class org/jetbrains/kotlin/types/model/CaptureStatus done
Event: 1.829 loading class org/jetbrains/kotlin/types/TypeCheckerState$SupertypesPolicy
Event: 1.829 loading class org/jetbrains/kotlin/types/TypeCheckerState$SupertypesPolicy done


Dynamic libraries:
0x00007ff665000000 - 0x00007ff66500a000 	C:\Program Files\Android\Android Studio1\jre\bin\java.exe
0x00007ffef7310000 - 0x00007ffef7508000 	C:\WINDOWS\SYSTEM32\ntdll.dll
0x00007ffef7210000 - 0x00007ffef72cf000 	C:\WINDOWS\System32\KERNEL32.DLL
0x00007ffef4dc0000 - 0x00007ffef5092000 	C:\WINDOWS\System32\KERNELBASE.dll
0x00007ffef50a0000 - 0x00007ffef51a0000 	C:\WINDOWS\System32\ucrtbase.dll
0x00007ffec0e60000 - 0x00007ffec0e79000 	C:\Program Files\Android\Android Studio1\jre\bin\jli.dll
0x00007ffec2fa0000 - 0x00007ffec2fb7000 	C:\Program Files\Android\Android Studio1\jre\bin\VCRUNTIME140.dll
0x00007ffef5640000 - 0x00007ffef57e1000 	C:\WINDOWS\System32\USER32.dll
0x00007ffef4a00000 - 0x00007ffef4a22000 	C:\WINDOWS\System32\win32u.dll
0x00007ffee1290000 - 0x00007ffee152a000 	C:\WINDOWS\WinSxS\amd64_microsoft.windows.common-controls_6595b64144ccf1df_6.0.19041.1110_none_60b5254171f9507e\COMCTL32.dll
0x00007ffef5460000 - 0x00007ffef548b000 	C:\WINDOWS\System32\GDI32.dll
0x00007ffef5540000 - 0x00007ffef55de000 	C:\WINDOWS\System32\msvcrt.dll
0x00007ffef51a0000 - 0x00007ffef52af000 	C:\WINDOWS\System32\gdi32full.dll
0x00007ffef52b0000 - 0x00007ffef534d000 	C:\WINDOWS\System32\msvcp_win.dll
0x00007ffef67b0000 - 0x00007ffef67e2000 	C:\WINDOWS\System32\IMM32.DLL
0x00007ffeaee20000 - 0x00007ffeaeebd000 	C:\Program Files\Android\Android Studio1\jre\bin\msvcp140.dll
0x00007ffeb5be0000 - 0x00007ffeb66c5000 	C:\Program Files\Android\Android Studio1\jre\bin\server\jvm.dll
0x00007ffef6060000 - 0x00007ffef610e000 	C:\WINDOWS\System32\ADVAPI32.dll
0x00007ffef67f0000 - 0x00007ffef688c000 	C:\WINDOWS\System32\sechost.dll
0x00007ffef59a0000 - 0x00007ffef5ac5000 	C:\WINDOWS\System32\RPCRT4.dll
0x00007ffef7200000 - 0x00007ffef7208000 	C:\WINDOWS\System32\PSAPI.DLL
0x00007ffeedad0000 - 0x00007ffeedad9000 	C:\WINDOWS\SYSTEM32\WSOCK32.dll
0x00007ffeee710000 - 0x00007ffeee71a000 	C:\WINDOWS\SYSTEM32\VERSION.dll
0x00007ffee1f30000 - 0x00007ffee1f57000 	C:\WINDOWS\SYSTEM32\WINMM.dll
0x00007ffef66e0000 - 0x00007ffef674b000 	C:\WINDOWS\System32\WS2_32.dll
0x00007ffef3250000 - 0x00007ffef3262000 	C:\WINDOWS\SYSTEM32\kernel.appcore.dll
0x00007ffeed480000 - 0x00007ffeed491000 	C:\Program Files\Android\Android Studio1\jre\bin\verify.dll
0x00007ffef2650000 - 0x00007ffef2834000 	C:\WINDOWS\SYSTEM32\DBGHELP.DLL
0x00007ffeeba90000 - 0x00007ffeebac5000 	C:\WINDOWS\SYSTEM32\dbgcore.DLL
0x00007ffef4cb0000 - 0x00007ffef4d32000 	C:\WINDOWS\System32\bcryptPrimitives.dll
0x00007ffee9720000 - 0x00007ffee9749000 	C:\Program Files\Android\Android Studio1\jre\bin\java.dll
0x00007ffeeda50000 - 0x00007ffeeda5b000 	C:\Program Files\Android\Android Studio1\jre\bin\jimage.dll
0x00007ffed8ab0000 - 0x00007ffed8ac8000 	C:\Program Files\Android\Android Studio1\jre\bin\zip.dll
0x00007ffef68b0000 - 0x00007ffef6ff4000 	C:\WINDOWS\System32\SHELL32.dll
0x00007ffef2aa0000 - 0x00007ffef3232000 	C:\WINDOWS\SYSTEM32\windows.storage.dll
0x00007ffef5d00000 - 0x00007ffef6055000 	C:\WINDOWS\System32\combase.dll
0x00007ffef4460000 - 0x00007ffef4490000 	C:\WINDOWS\SYSTEM32\Wldp.dll
0x00007ffef5350000 - 0x00007ffef53fd000 	C:\WINDOWS\System32\SHCORE.dll
0x00007ffef6750000 - 0x00007ffef67a5000 	C:\WINDOWS\System32\shlwapi.dll
0x00007ffef4940000 - 0x00007ffef495f000 	C:\WINDOWS\SYSTEM32\profapi.dll
0x00007ffed8a90000 - 0x00007ffed8aaa000 	C:\Program Files\Android\Android Studio1\jre\bin\net.dll
0x00007ffeea6d0000 - 0x00007ffeea7dc000 	C:\WINDOWS\SYSTEM32\WINHTTP.dll
0x00007ffef41c0000 - 0x00007ffef422a000 	C:\WINDOWS\system32\mswsock.dll
0x00007ffec5060000 - 0x00007ffec5074000 	C:\Program Files\Android\Android Studio1\jre\bin\nio.dll

dbghelp: loaded successfully - version: 4.0.5 - missing functions: none
symbol engine: initialized successfully - sym options: 0x614 - pdb path: .;C:\Program Files\Android\Android Studio1\jre\bin;C:\WINDOWS\SYSTEM32;C:\WINDOWS\WinSxS\amd64_microsoft.windows.common-controls_6595b64144ccf1df_6.0.19041.1110_none_60b5254171f9507e;C:\Program Files\Android\Android Studio1\jre\bin\server

VM Arguments:
java_command: org.jetbrains.kotlin.cli.jvm.K2JVMCompiler @C:\Users\Horvath\AndroidStudioProjects\Android-11.eloadas\app\build\20221219_13836220465961022041.compiler.options
java_class_path (initial): C:\Users\Horvath\.gradle\caches\modules-2\files-2.1\org.jetbrains.kotlin\kotlin-compiler-embeddable\1.7.10\909803167c98606fcf22b4c848647c68e351d48d\kotlin-compiler-embeddable-1.7.10.jar;C:\Users\Horvath\.gradle\caches\modules-2\files-2.1\org.jetbrains.kotlin\kotlin-reflect\1.7.10\165e600dfea6185cf5efa700756294cc4904dbeb\kotlin-reflect-1.7.10.jar;C:\Users\Horvath\.gradle\caches\modules-2\files-2.1\org.jetbrains.kotlin\kotlin-stdlib\1.7.10\d2abf9e77736acc4450dc4a3f707fa2c10f5099d\kotlin-stdlib-1.7.10.jar;C:\Users\Horvath\.gradle\caches\modules-2\files-2.1\org.jetbrains.kotlin\kotlin-script-runtime\1.7.10\c99c87a6988d8fd8d5142e9ed5c9f34a7cf561ee\kotlin-script-runtime-1.7.10.jar;C:\Users\Horvath\.gradle\caches\modules-2\files-2.1\org.jetbrains.kotlin\kotlin-daemon-embeddable\1.7.10\3a9f7aef7080d3ae63126cbba4f827ed664f32fa\kotlin-daemon-embeddable-1.7.10.jar;C:\Users\Horvath\.gradle\caches\modules-2\files-2.1\org.jetbrains.intellij.deps\trove4j\1.0.20200330\3afb14d5f9ceb459d724e907a21145e8ff394f02\trove4j-1.0.20200330.jar;C:\Users\Horvath\.gradle\caches\modules-2\files-2.1\net.java.dev.jna\jna\5.6.0\330f2244e9030119ab3030fc3fededc86713d9cc\jna-5.6.0.jar;C:\Users\Horvath\.gradle\caches\modules-2\files-2.1\org.jetbrains.kotlin\kotlin-stdlib-common\1.7.10\bac80c520d0a9e3f3673bc2658c6ed02ef45a76a\kotlin-stdlib-common-1.7.10.jar;C:\Users\Horvath\.gradle\caches\modules-2\files-2.1\org.jetbrains\annotations\13.0\919f0dfe192fb4e063e7dacadee7f8bb9a2672a9\annotations-13.0.jar
Launcher Type: SUN_STANDARD

[Global flags]
     intx CICompilerCount                          = 4                                         {product} {ergonomic}
     uint ConcGCThreads                            = 2                                         {product} {ergonomic}
     uint G1ConcRefinementThreads                  = 8                                         {product} {ergonomic}
   size_t G1HeapRegionSize                         = 1048576                                   {product} {ergonomic}
    uintx GCDrainStackTargetSize                   = 64                                        {product} {ergonomic}
   size_t InitialHeapSize                          = 132120576                                 {product} {ergonomic}
   size_t MarkStackSize                            = 4194304                                   {product} {ergonomic}
   size_t MaxHeapSize                              = 2109734912                                {product} {ergonomic}
   size_t MaxNewSize                               = 1265631232                                {product} {ergonomic}
   size_t MinHeapDeltaBytes                        = 1048576                                   {product} {ergonomic}
    uintx NonNMethodCodeHeapSize                   = 5836300                                {pd product} {ergonomic}
    uintx NonProfiledCodeHeapSize                  = 122910970                              {pd product} {ergonomic}
    uintx ProfiledCodeHeapSize                     = 122910970                              {pd product} {ergonomic}
    uintx ReservedCodeCacheSize                    = 251658240                              {pd product} {ergonomic}
     bool SegmentedCodeCache                       = true                                      {product} {ergonomic}
     bool UseCompressedClassPointers               = true                                 {lp64_product} {ergonomic}
     bool UseCompressedOops                        = true                                 {lp64_product} {ergonomic}
     bool UseG1GC                                  = true                                      {product} {ergonomic}
     bool UseLargePagesIndividualAllocation        = false                                  {pd product} {ergonomic}

Logging:
Log output configuration:
 #0: stdout all=warning uptime,level,tags
 #1: stderr all=off uptime,level,tags

Environment Variables:
PATH=C:\Program Files\Common Files\Oracle\Java\javapath;C:\Program Files (x86)\Common Files\Oracle\Java\javapath;C:\WINDOWS\system32;C:\WINDOWS;C:\WINDOWS\System32\Wbem;C:\WINDOWS\System32\WindowsPowerShell\v1.0\;C:\WINDOWS\System32\OpenSSH\;C:\TDM-GCC-64\bin;C:\Users\Horvath\AppData\Roaming\Microsoft\Windows\Start Menu\Programs\Python 3.8;C:\Users\Horvath\AppData\Local\Programs\Python\Python38-32;C:\Program Files\dotnet\;C:\Program Files\Microsoft SQL Server\130\Tools\Binn\;C:\Program Files\Microsoft SQL Server\Client SDK\ODBC\170\Tools\Binn\;C:\TDM-GCC-64;C:\Program Files\swipl\bin;C:\ProgramData\chocolatey\bin;C:\Program Files\Git\cmd;C:\Program Files\MATLAB\R2022b\bin;C:\Program Files\nodejs\;C:\Program Files\MySQL\MySQL Shell 8.0\bin\;C:\Users\Horvath\AppData\Local\Microsoft\WindowsApps;C:\Users\Horvath\.dotnet\tools;C:\Program Files\JetBrains\CLion 2020.3.2\bin;C:\Users\Horvath\AppData\Local\atom\bin;C:\Users\Horvath\AppData\Local\GitHubDesktop\bin;D:\Microsoft VS Code\bin;C:\Users\Horvath\AppData\Roaming\cabal\bin;C:\tools\ghc-9.2.1\bin;C:\tools\msys64;C:\Users\Horvath\AppData\Roaming\local\bin;C:\Users\Horvath\.dotnet\tools;D:\mongoShell\mongosh-1.5.0-win32-x64\bin;C:\src\flutter\flutter\bin;C:\Users\Horvath\AppData\Roaming\npm
USERNAME=Horvath
OS=Windows_NT
PROCESSOR_IDENTIFIER=Intel64 Family 6 Model 158 Stepping 10, GenuineIntel



---------------  S Y S T E M  ---------------

OS: Windows 10 , 64 bit Build 19041 (10.0.19041.2364)
OS uptime: 0 days 6:21 hours

CPU:total 8 (initial active 8) (4 cores per cpu, 2 threads per core) family 6 model 158 stepping 10 microcode 0xca, cmov, cx8, fxsr, mmx, sse, sse2, sse3, ssse3, sse4.1, sse4.2, popcnt, avx, avx2, aes, clmul, erms, 3dnowpref, lzcnt, ht, tsc, tscinvbit, bmi1, bmi2, adx, fma

Memory: 4k page, system-wide physical 8044M (554M free)
TotalPageFile size 12140M (AvailPageFile size 4M)
current process WorkingSet (physical memory assigned to process): 212M, peak: 212M
current process commit charge ("private bytes"): 293M, peak: 293M

vm_info: OpenJDK 64-Bit Server VM (11.0.12+7-b1504.28-7817840) for windows-amd64 JRE (11.0.12+7-b1504.28-7817840), built on Oct 13 2021 22:12:33 by "builder" with MS VC++ 14.0 (VS2015)

END.
