#
# There is insufficient memory for the Java Runtime Environment to continue.
# Native memory allocation (mmap) failed to map 41943040 bytes for Failed to commit area from 0x000000008bc00000 to 0x000000008e400000 of length 41943040.
# Possible reasons:
#   The system is out of physical RAM or swap space
#   The process is running with CompressedOops enabled, and the Java Heap may be blocking the growth of the native heap
# Possible solutions:
#   Reduce memory load on the system
#   Increase physical memory or swap space
#   Check if swap backing store is full
#   Decrease Java heap size (-Xmx/-Xms)
#   Decrease number of Java threads
#   Decrease Java thread stack sizes (-Xss)
#   Set larger code cache with -XX:ReservedCodeCacheSize=
#   JVM is running with Unscaled Compressed Oops mode in which the Java heap is
#     placed in the first 4GB address space. The Java Heap base address is the
#     maximum limit for the native heap growth. Please use -XX:HeapBaseMinAddress
#     to set the Java Heap base and to place the Java Heap above 4GB virtual address.
# This output file may be truncated or incomplete.
#
#  Out of Memory Error (./src/hotspot/os/windows/os_windows.cpp:3521), pid=6660, tid=8240
#
# JRE version: OpenJDK Runtime Environment (11.0.12+7) (build 11.0.12+7-b1504.28-7817840)
# Java VM: OpenJDK 64-Bit Server VM (11.0.12+7-b1504.28-7817840, mixed mode, tiered, compressed oops, g1 gc, windows-amd64)
# No core dump will be written. Minidumps are not enabled by default on client versions of Windows
#

---------------  S U M M A R Y ------------

Command Line: org.jetbrains.kotlin.cli.jvm.K2JVMCompiler @C:\Users\Horvath\AndroidStudioProjects\Android-11.eloadas\app\build\20221219_5702680383053151045.compiler.options

Host: Intel(R) Core(TM) i5-9300H CPU @ 2.40GHz, 8 cores, 7G,  Windows 10 , 64 bit Build 19041 (10.0.19041.2364)
Time: Mon Dec 19 21:34:51 2022 2. orosz idõzóna, téli idõ elapsed time: 7.258377 seconds (0d 0h 0m 7s)

---------------  T H R E A D  ---------------

Current thread (0x00000194eb179800):  VMThread "VM Thread" [stack: 0x00000049a8500000,0x00000049a8600000] [id=8240]

Stack: [0x00000049a8500000,0x00000049a8600000]
[error occurred during error reporting (printing stack bounds), id 0xc0000005, EXCEPTION_ACCESS_VIOLATION (0xc0000005) at pc=0x00000194d41b112d]

Native frames: (J=compiled Java code, j=interpreted, Vv=VM code, C=native code)
V  [jvm.dll+0x5fbcea]
V  [jvm.dll+0x731905]
V  [jvm.dll+0x732f1d]
V  [jvm.dll+0x733535]
V  [jvm.dll+0x7334eb]
V  [jvm.dll+0x5fb080]
V  [jvm.dll+0x5fb818]
C  [ntdll.dll+0xa241f]
C  [ntdll.dll+0x514a4]
C  [ntdll.dll+0xa0f4e]
C  0x00000194d41b112d

VM_Operation (0x00000049a7ffd2c0): G1CollectForAllocation, mode: safepoint, requested by thread 0x00000194cee7d000


---------------  P R O C E S S  ---------------

Threads class SMR info:
_java_thread_list=0x00000194ed997610, length=12, elements={
0x00000194cee7d000, 0x00000194eb17b800, 0x00000194eb1aa800, 0x00000194ebb2a000,
0x00000194ebb2b000, 0x00000194ebb2c000, 0x00000194ebb32800, 0x00000194eb1be800,
0x00000194eb1c7800, 0x00000194ebc94800, 0x00000194ebc92800, 0x00000194eea73000
}

Java Threads: ( => current thread )
  0x00000194cee7d000 JavaThread "main" [_thread_blocked, id=9080, stack(0x00000049a7f00000,0x00000049a8000000)]
  0x00000194eb17b800 JavaThread "Reference Handler" daemon [_thread_blocked, id=9088, stack(0x00000049a8600000,0x00000049a8700000)]
  0x00000194eb1aa800 JavaThread "Finalizer" daemon [_thread_blocked, id=13348, stack(0x00000049a8700000,0x00000049a8800000)]
  0x00000194ebb2a000 JavaThread "Signal Dispatcher" daemon [_thread_blocked, id=2860, stack(0x00000049a8800000,0x00000049a8900000)]
  0x00000194ebb2b000 JavaThread "Attach Listener" daemon [_thread_blocked, id=4836, stack(0x00000049a8900000,0x00000049a8a00000)]
  0x00000194ebb2c000 JavaThread "Service Thread" daemon [_thread_blocked, id=13316, stack(0x00000049a8a00000,0x00000049a8b00000)]
  0x00000194ebb32800 JavaThread "C2 CompilerThread0" daemon [_thread_in_native, id=14152, stack(0x00000049a8b00000,0x00000049a8c00000)]
  0x00000194eb1be800 JavaThread "C1 CompilerThread0" daemon [_thread_blocked, id=664, stack(0x00000049a8c00000,0x00000049a8d00000)]
  0x00000194eb1c7800 JavaThread "Sweeper thread" daemon [_thread_blocked, id=4272, stack(0x00000049a8d00000,0x00000049a8e00000)]
  0x00000194ebc94800 JavaThread "Common-Cleaner" daemon [_thread_blocked, id=9688, stack(0x00000049a8f00000,0x00000049a9000000)]
  0x00000194ebc92800 JavaThread "C2 CompilerThread1" daemon [_thread_blocked, id=132, stack(0x00000049a9000000,0x00000049a9100000)]
  0x00000194eea73000 JavaThread "C2 CompilerThread2" daemon [_thread_blocked, id=13592, stack(0x00000049a9400000,0x00000049a9500000)]

Other Threads:
=>0x00000194eb179800 VMThread "VM Thread" [stack: 0x00000049a8500000,0x00000049a8600000] [id=8240]
  0x00000194ebc90000 WatcherThread [stack: 0x00000049a8e00000,0x00000049a8f00000] [id=13540]
  0x00000194cee94800 GCTaskThread "GC Thread#0" [stack: 0x00000049a8000000,0x00000049a8100000] [id=14316]
  0x00000194ec38a000 GCTaskThread "GC Thread#1" [stack: 0x00000049a9100000,0x00000049a9200000] [id=5708]
  0x00000194ec3c9800 GCTaskThread "GC Thread#2" [stack: 0x00000049a9200000,0x00000049a9300000] [id=9736]
  0x00000194ceec4800 ConcurrentGCThread "G1 Main Marker" [stack: 0x00000049a8100000,0x00000049a8200000] [id=12020]
  0x00000194ceec6000 ConcurrentGCThread "G1 Conc#0" [stack: 0x00000049a8200000,0x00000049a8300000] [id=1196]
  0x00000194ed441000 ConcurrentGCThread "G1 Conc#1" [stack: 0x00000049a9300000,0x00000049a9400000] [id=7788]
  0x00000194eafe0800 ConcurrentGCThread "G1 Refine#0" [stack: 0x00000049a8300000,0x00000049a8400000] [id=3784]
  0x00000194f0a18800 ConcurrentGCThread "G1 Refine#1" [stack: 0x00000049a9500000,0x00000049a9600000] [id=12560]
  0x00000194edc63000 ConcurrentGCThread "G1 Refine#2" [stack: 0x00000049a9600000,0x00000049a9700000] [id=10312]
  0x00000194ef902800 ConcurrentGCThread "G1 Refine#3" [stack: 0x00000049a9700000,0x00000049a9800000] [id=14216]
  0x00000194eafe1800 ConcurrentGCThread "G1 Young RemSet Sampling" [stack: 0x00000049a8400000,0x00000049a8500000] [id=10288]

Threads with active compile tasks:
C2 CompilerThread0   7268 8531       4       org.jetbrains.kotlin.com.intellij.lang.impl.PsiBuilderImpl::insertLeaves (88 bytes)
C2 CompilerThread1   7268 8648       4       org.jetbrains.kotlin.protobuf.GeneratedMessageLite::parseUnknownField (518 bytes)

VM state:at safepoint (normal execution)

VM Mutex/Monitor currently owned by a thread:  ([mutex/lock_event])
[0x00000194cee78ee0] Threads_lock - owner thread: 0x00000194eb179800
[0x00000194cee7a5f0] Heap_lock - owner thread: 0x00000194cee7d000

Heap address: 0x0000000082400000, size: 2012 MB, Compressed Oops mode: 32-bit
Narrow klass base: 0x0000000000000000, Narrow klass shift: 3
Compressed class space size: 1073741824 Address: 0x0000000100000000

Heap:
 garbage-first heap   total 196608K, used 54272K [0x0000000082400000, 0x0000000100000000)
  region size 1024K, 8 young (8192K), 8 survivors (8192K)
 Metaspace       used 65865K, capacity 66612K, committed 66864K, reserved 1107968K
  class space    used 7411K, capacity 7696K, committed 7728K, reserved 1048576K
Heap Regions: E=young(eden), S=young(survivor), O=old, HS=humongous(starts), HC=humongous(continues), CS=collection set, F=free, A=archive, TAMS=top-at-mark-start (previous, next)
|   0|0x0000000082400000, 0x0000000082500000, 0x0000000082500000|100%|HS|  |TAMS 0x0000000082500000, 0x0000000082400000| Complete 
|   1|0x0000000082500000, 0x0000000082600000, 0x0000000082600000|100%|HC|  |TAMS 0x0000000082600000, 0x0000000082500000| Complete 
|   2|0x0000000082600000, 0x0000000082700000, 0x0000000082700000|100%|HC|  |TAMS 0x0000000082700000, 0x0000000082600000| Complete 
|   3|0x0000000082700000, 0x0000000082800000, 0x0000000082800000|100%| O|  |TAMS 0x0000000082800000, 0x0000000082700000| Untracked 
|   4|0x0000000082800000, 0x0000000082900000, 0x0000000082900000|100%| O|  |TAMS 0x0000000082900000, 0x0000000082800000| Untracked 
|   5|0x0000000082900000, 0x0000000082a00000, 0x0000000082a00000|100%|HS|  |TAMS 0x0000000082a00000, 0x0000000082900000| Complete 
|   6|0x0000000082a00000, 0x0000000082b00000, 0x0000000082b00000|100%|HC|  |TAMS 0x0000000082b00000, 0x0000000082a00000| Complete 
|   7|0x0000000082b00000, 0x0000000082c00000, 0x0000000082c00000|100%|HC|  |TAMS 0x0000000082c00000, 0x0000000082b00000| Complete 
|   8|0x0000000082c00000, 0x0000000082d00000, 0x0000000082d00000|100%|HS|  |TAMS 0x0000000082d00000, 0x0000000082c00000| Complete 
|   9|0x0000000082d00000, 0x0000000082e00000, 0x0000000082e00000|100%|HC|  |TAMS 0x0000000082e00000, 0x0000000082d00000| Complete 
|  10|0x0000000082e00000, 0x0000000082f00000, 0x0000000082f00000|100%| O|  |TAMS 0x0000000082f00000, 0x0000000082e00000| Untracked 
|  11|0x0000000082f00000, 0x0000000083000000, 0x0000000083000000|100%| O|  |TAMS 0x0000000083000000, 0x0000000082f00000| Untracked 
|  12|0x0000000083000000, 0x0000000083100000, 0x0000000083100000|100%| O|  |TAMS 0x0000000083100000, 0x0000000083000000| Untracked 
|  13|0x0000000083100000, 0x0000000083200000, 0x0000000083200000|100%| O|  |TAMS 0x0000000083200000, 0x0000000083100000| Untracked 
|  14|0x0000000083200000, 0x0000000083300000, 0x0000000083300000|100%| O|  |TAMS 0x0000000083300000, 0x0000000083200000| Untracked 
|  15|0x0000000083300000, 0x0000000083400000, 0x0000000083400000|100%| O|  |TAMS 0x0000000083400000, 0x0000000083300000| Untracked 
|  16|0x0000000083400000, 0x0000000083500000, 0x0000000083500000|100%| O|  |TAMS 0x0000000083500000, 0x0000000083400000| Untracked 
|  17|0x0000000083500000, 0x0000000083600000, 0x0000000083600000|100%| O|  |TAMS 0x0000000083600000, 0x0000000083500000| Untracked 
|  18|0x0000000083600000, 0x0000000083700000, 0x0000000083700000|100%| O|  |TAMS 0x0000000083700000, 0x0000000083600000| Untracked 
|  19|0x0000000083700000, 0x0000000083800000, 0x0000000083800000|100%| O|  |TAMS 0x0000000083800000, 0x0000000083700000| Untracked 
|  20|0x0000000083800000, 0x0000000083900000, 0x0000000083900000|100%| O|  |TAMS 0x0000000083900000, 0x0000000083800000| Untracked 
|  21|0x0000000083900000, 0x0000000083a00000, 0x0000000083a00000|100%| O|  |TAMS 0x0000000083a00000, 0x0000000083900000| Untracked 
|  22|0x0000000083a00000, 0x0000000083b00000, 0x0000000083b00000|100%| O|  |TAMS 0x0000000083b00000, 0x0000000083a00000| Untracked 
|  23|0x0000000083b00000, 0x0000000083c00000, 0x0000000083c00000|100%| O|  |TAMS 0x0000000083c00000, 0x0000000083b00000| Untracked 
|  24|0x0000000083c00000, 0x0000000083d00000, 0x0000000083d00000|100%| O|  |TAMS 0x0000000083d00000, 0x0000000083c00000| Untracked 
|  25|0x0000000083d00000, 0x0000000083e00000, 0x0000000083e00000|100%| O|  |TAMS 0x0000000083e00000, 0x0000000083d00000| Untracked 
|  26|0x0000000083e00000, 0x0000000083f00000, 0x0000000083f00000|100%| O|  |TAMS 0x0000000083f00000, 0x0000000083e00000| Untracked 
|  27|0x0000000083f00000, 0x0000000084000000, 0x0000000084000000|100%| O|  |TAMS 0x0000000084000000, 0x0000000083f00000| Untracked 
|  28|0x0000000084000000, 0x0000000084100000, 0x0000000084100000|100%| O|  |TAMS 0x0000000084100000, 0x0000000084000000| Untracked 
|  29|0x0000000084100000, 0x0000000084200000, 0x0000000084200000|100%| O|  |TAMS 0x0000000084200000, 0x0000000084100000| Untracked 
|  30|0x0000000084200000, 0x0000000084300000, 0x0000000084300000|100%| O|  |TAMS 0x0000000084300000, 0x0000000084200000| Untracked 
|  31|0x0000000084300000, 0x0000000084400000, 0x0000000084400000|100%| O|  |TAMS 0x0000000084400000, 0x0000000084300000| Untracked 
|  32|0x0000000084400000, 0x0000000084500000, 0x0000000084500000|100%| O|  |TAMS 0x0000000084500000, 0x0000000084400000| Untracked 
|  33|0x0000000084500000, 0x0000000084600000, 0x0000000084600000|100%| O|  |TAMS 0x0000000084600000, 0x0000000084500000| Untracked 
|  34|0x0000000084600000, 0x0000000084700000, 0x0000000084700000|100%| O|  |TAMS 0x0000000084700000, 0x0000000084600000| Untracked 
|  35|0x0000000084700000, 0x0000000084800000, 0x0000000084800000|100%| O|  |TAMS 0x0000000084800000, 0x0000000084700000| Untracked 
|  36|0x0000000084800000, 0x0000000084900000, 0x0000000084900000|100%| O|  |TAMS 0x0000000084900000, 0x0000000084800000| Untracked 
|  37|0x0000000084900000, 0x0000000084a00000, 0x0000000084a00000|100%| O|  |TAMS 0x0000000084a00000, 0x0000000084900000| Untracked 
|  38|0x0000000084a00000, 0x0000000084b00000, 0x0000000084b00000|100%| O|  |TAMS 0x0000000084b00000, 0x0000000084a00000| Untracked 
|  39|0x0000000084b00000, 0x0000000084c00000, 0x0000000084c00000|100%| O|  |TAMS 0x0000000084c00000, 0x0000000084b00000| Untracked 
|  40|0x0000000084c00000, 0x0000000084d00000, 0x0000000084d00000|100%| O|  |TAMS 0x0000000084d00000, 0x0000000084c00000| Untracked 
|  41|0x0000000084d00000, 0x0000000084e00000, 0x0000000084e00000|100%| O|  |TAMS 0x0000000084e00000, 0x0000000084d00000| Untracked 
|  42|0x0000000084e00000, 0x0000000084f00000, 0x0000000084f00000|100%| O|  |TAMS 0x0000000084e75c00, 0x0000000084e00000| Untracked 
|  43|0x0000000084f00000, 0x0000000084f00000, 0x0000000085000000|  0%| F|  |TAMS 0x0000000084f00000, 0x0000000084f00000| Untracked 
|  44|0x0000000085000000, 0x0000000085100000, 0x0000000085100000|100%| O|  |TAMS 0x0000000085000000, 0x0000000085000000| Untracked 
|  45|0x0000000085100000, 0x0000000085200000, 0x0000000085200000|100%| O|  |TAMS 0x0000000085100000, 0x0000000085100000| Untracked 
|  46|0x0000000085200000, 0x0000000085200000, 0x0000000085300000|  0%| F|  |TAMS 0x0000000085200000, 0x0000000085200000| Untracked 
|  47|0x0000000085300000, 0x0000000085300000, 0x0000000085400000|  0%| F|  |TAMS 0x0000000085300000, 0x0000000085300000| Untracked 
|  48|0x0000000085400000, 0x0000000085400000, 0x0000000085500000|  0%| F|  |TAMS 0x0000000085400000, 0x0000000085400000| Untracked 
|  49|0x0000000085500000, 0x0000000085500000, 0x0000000085600000|  0%| F|  |TAMS 0x0000000085500000, 0x0000000085500000| Untracked 
|  50|0x0000000085600000, 0x0000000085600000, 0x0000000085700000|  0%| F|  |TAMS 0x0000000085600000, 0x0000000085600000| Untracked 
|  51|0x0000000085700000, 0x0000000085700000, 0x0000000085800000|  0%| F|  |TAMS 0x0000000085700000, 0x0000000085700000| Untracked 
|  52|0x0000000085800000, 0x0000000085800000, 0x0000000085900000|  0%| F|  |TAMS 0x0000000085800000, 0x0000000085800000| Untracked 
|  53|0x0000000085900000, 0x0000000085900000, 0x0000000085a00000|  0%| F|  |TAMS 0x0000000085900000, 0x0000000085900000| Untracked 
|  54|0x0000000085a00000, 0x0000000085a00000, 0x0000000085b00000|  0%| F|  |TAMS 0x0000000085a00000, 0x0000000085a00000| Untracked 
|  55|0x0000000085b00000, 0x0000000085b00000, 0x0000000085c00000|  0%| F|  |TAMS 0x0000000085b00000, 0x0000000085b00000| Untracked 
|  56|0x0000000085c00000, 0x0000000085c00000, 0x0000000085d00000|  0%| F|  |TAMS 0x0000000085c00000, 0x0000000085c00000| Untracked 
|  57|0x0000000085d00000, 0x0000000085d00000, 0x0000000085e00000|  0%| F|  |TAMS 0x0000000085d00000, 0x0000000085d00000| Untracked 
|  58|0x0000000085e00000, 0x0000000085e00000, 0x0000000085f00000|  0%| F|  |TAMS 0x0000000085e00000, 0x0000000085e00000| Untracked 
|  59|0x0000000085f00000, 0x0000000085f00000, 0x0000000086000000|  0%| F|  |TAMS 0x0000000085f00000, 0x0000000085f00000| Untracked 
|  60|0x0000000086000000, 0x0000000086000000, 0x0000000086100000|  0%| F|  |TAMS 0x0000000086000000, 0x0000000086000000| Untracked 
|  61|0x0000000086100000, 0x0000000086100000, 0x0000000086200000|  0%| F|  |TAMS 0x0000000086100000, 0x0000000086100000| Untracked 
|  62|0x0000000086200000, 0x0000000086200000, 0x0000000086300000|  0%| F|  |TAMS 0x0000000086200000, 0x0000000086200000| Untracked 
|  63|0x0000000086300000, 0x0000000086300000, 0x0000000086400000|  0%| F|  |TAMS 0x0000000086300000, 0x0000000086300000| Untracked 
|  64|0x0000000086400000, 0x0000000086400000, 0x0000000086500000|  0%| F|  |TAMS 0x0000000086400000, 0x0000000086400000| Untracked 
|  65|0x0000000086500000, 0x0000000086500000, 0x0000000086600000|  0%| F|  |TAMS 0x0000000086500000, 0x0000000086500000| Untracked 
|  66|0x0000000086600000, 0x0000000086600000, 0x0000000086700000|  0%| F|  |TAMS 0x0000000086600000, 0x0000000086600000| Untracked 
|  67|0x0000000086700000, 0x0000000086700000, 0x0000000086800000|  0%| F|  |TAMS 0x0000000086700000, 0x0000000086700000| Untracked 
|  68|0x0000000086800000, 0x0000000086800000, 0x0000000086900000|  0%| F|  |TAMS 0x0000000086800000, 0x0000000086800000| Untracked 
|  69|0x0000000086900000, 0x0000000086900000, 0x0000000086a00000|  0%| F|  |TAMS 0x0000000086900000, 0x0000000086900000| Untracked 
|  70|0x0000000086a00000, 0x0000000086a00000, 0x0000000086b00000|  0%| F|  |TAMS 0x0000000086a00000, 0x0000000086a00000| Untracked 
|  71|0x0000000086b00000, 0x0000000086b00000, 0x0000000086c00000|  0%| F|  |TAMS 0x0000000086b00000, 0x0000000086b00000| Untracked 
|  72|0x0000000086c00000, 0x0000000086c00000, 0x0000000086d00000|  0%| F|  |TAMS 0x0000000086c00000, 0x0000000086c00000| Untracked 
|  73|0x0000000086d00000, 0x0000000086d00000, 0x0000000086e00000|  0%| F|  |TAMS 0x0000000086d00000, 0x0000000086d00000| Untracked 
|  74|0x0000000086e00000, 0x0000000086e00000, 0x0000000086f00000|  0%| F|  |TAMS 0x0000000086e00000, 0x0000000086e00000| Untracked 
|  75|0x0000000086f00000, 0x0000000086f00000, 0x0000000087000000|  0%| F|  |TAMS 0x0000000086f00000, 0x0000000086f00000| Untracked 
|  76|0x0000000087000000, 0x0000000087000000, 0x0000000087100000|  0%| F|  |TAMS 0x0000000087000000, 0x0000000087000000| Untracked 
|  77|0x0000000087100000, 0x0000000087100000, 0x0000000087200000|  0%| F|  |TAMS 0x0000000087100000, 0x0000000087100000| Untracked 
|  78|0x0000000087200000, 0x0000000087200000, 0x0000000087300000|  0%| F|  |TAMS 0x0000000087200000, 0x0000000087200000| Untracked 
|  79|0x0000000087300000, 0x0000000087300000, 0x0000000087400000|  0%| F|  |TAMS 0x0000000087300000, 0x0000000087300000| Untracked 
|  80|0x0000000087400000, 0x0000000087400000, 0x0000000087500000|  0%| F|  |TAMS 0x0000000087400000, 0x0000000087400000| Untracked 
|  81|0x0000000087500000, 0x0000000087500000, 0x0000000087600000|  0%| F|  |TAMS 0x0000000087500000, 0x0000000087500000| Untracked 
|  82|0x0000000087600000, 0x0000000087600000, 0x0000000087700000|  0%| F|  |TAMS 0x0000000087600000, 0x0000000087600000| Untracked 
|  83|0x0000000087700000, 0x0000000087700000, 0x0000000087800000|  0%| F|  |TAMS 0x0000000087700000, 0x0000000087700000| Untracked 
|  84|0x0000000087800000, 0x0000000087800000, 0x0000000087900000|  0%| F|  |TAMS 0x0000000087800000, 0x0000000087800000| Untracked 
|  85|0x0000000087900000, 0x0000000087900000, 0x0000000087a00000|  0%| F|  |TAMS 0x0000000087900000, 0x0000000087900000| Untracked 
|  86|0x0000000087a00000, 0x0000000087a00000, 0x0000000087b00000|  0%| F|  |TAMS 0x0000000087a00000, 0x0000000087a00000| Untracked 
|  87|0x0000000087b00000, 0x0000000087c00000, 0x0000000087c00000|100%| S|CS|TAMS 0x0000000087b00000, 0x0000000087b00000| Complete 
|  88|0x0000000087c00000, 0x0000000087d00000, 0x0000000087d00000|100%| S|CS|TAMS 0x0000000087c00000, 0x0000000087c00000| Complete 
|  89|0x0000000087d00000, 0x0000000087e00000, 0x0000000087e00000|100%| S|CS|TAMS 0x0000000087d00000, 0x0000000087d00000| Complete 
|  90|0x0000000087e00000, 0x0000000087f00000, 0x0000000087f00000|100%| S|CS|TAMS 0x0000000087e00000, 0x0000000087e00000| Complete 
|  91|0x0000000087f00000, 0x0000000088000000, 0x0000000088000000|100%| S|CS|TAMS 0x0000000087f00000, 0x0000000087f00000| Complete 
|  92|0x0000000088000000, 0x0000000088100000, 0x0000000088100000|100%| S|CS|TAMS 0x0000000088000000, 0x0000000088000000| Complete 
|  93|0x0000000088100000, 0x0000000088200000, 0x0000000088200000|100%| S|CS|TAMS 0x0000000088100000, 0x0000000088100000| Complete 
|  94|0x0000000088200000, 0x0000000088300000, 0x0000000088300000|100%| S|CS|TAMS 0x0000000088200000, 0x0000000088200000| Complete 
|  95|0x0000000088300000, 0x0000000088300000, 0x0000000088400000|  0%| F|  |TAMS 0x0000000088300000, 0x0000000088300000| Untracked 
|  96|0x0000000088400000, 0x0000000088400000, 0x0000000088500000|  0%| F|  |TAMS 0x0000000088400000, 0x0000000088400000| Untracked 
|  97|0x0000000088500000, 0x0000000088500000, 0x0000000088600000|  0%| F|  |TAMS 0x0000000088500000, 0x0000000088500000| Untracked 
|  98|0x0000000088600000, 0x0000000088600000, 0x0000000088700000|  0%| F|  |TAMS 0x0000000088600000, 0x0000000088600000| Untracked 
|  99|0x0000000088700000, 0x0000000088700000, 0x0000000088800000|  0%| F|  |TAMS 0x0000000088700000, 0x0000000088700000| Untracked 
| 100|0x0000000088800000, 0x0000000088800000, 0x0000000088900000|  0%| F|  |TAMS 0x0000000088800000, 0x0000000088800000| Untracked 
| 101|0x0000000088900000, 0x0000000088900000, 0x0000000088a00000|  0%| F|  |TAMS 0x0000000088900000, 0x0000000088900000| Untracked 
| 102|0x0000000088a00000, 0x0000000088a00000, 0x0000000088b00000|  0%| F|  |TAMS 0x0000000088a00000, 0x0000000088a00000| Untracked 
| 103|0x0000000088b00000, 0x0000000088b00000, 0x0000000088c00000|  0%| F|  |TAMS 0x0000000088b00000, 0x0000000088b00000| Untracked 
| 104|0x0000000088c00000, 0x0000000088c00000, 0x0000000088d00000|  0%| F|  |TAMS 0x0000000088c00000, 0x0000000088c00000| Untracked 
| 105|0x0000000088d00000, 0x0000000088d00000, 0x0000000088e00000|  0%| F|  |TAMS 0x0000000088d00000, 0x0000000088d00000| Untracked 
| 106|0x0000000088e00000, 0x0000000088e00000, 0x0000000088f00000|  0%| F|  |TAMS 0x0000000088e00000, 0x0000000088e00000| Untracked 
| 107|0x0000000088f00000, 0x0000000088f00000, 0x0000000089000000|  0%| F|  |TAMS 0x0000000088f00000, 0x0000000088f00000| Untracked 
| 108|0x0000000089000000, 0x0000000089000000, 0x0000000089100000|  0%| F|  |TAMS 0x0000000089000000, 0x0000000089000000| Untracked 
| 109|0x0000000089100000, 0x0000000089100000, 0x0000000089200000|  0%| F|  |TAMS 0x0000000089100000, 0x0000000089100000| Untracked 
| 110|0x0000000089200000, 0x0000000089200000, 0x0000000089300000|  0%| F|  |TAMS 0x0000000089200000, 0x0000000089200000| Untracked 
| 111|0x0000000089300000, 0x0000000089300000, 0x0000000089400000|  0%| F|  |TAMS 0x0000000089300000, 0x0000000089300000| Untracked 
| 112|0x0000000089400000, 0x0000000089400000, 0x0000000089500000|  0%| F|  |TAMS 0x0000000089400000, 0x0000000089400000| Untracked 
| 113|0x0000000089500000, 0x0000000089500000, 0x0000000089600000|  0%| F|  |TAMS 0x0000000089500000, 0x0000000089500000| Untracked 
| 114|0x0000000089600000, 0x0000000089600000, 0x0000000089700000|  0%| F|  |TAMS 0x0000000089600000, 0x0000000089600000| Untracked 
| 115|0x0000000089700000, 0x0000000089700000, 0x0000000089800000|  0%| F|  |TAMS 0x0000000089700000, 0x0000000089700000| Untracked 
| 116|0x0000000089800000, 0x0000000089800000, 0x0000000089900000|  0%| F|  |TAMS 0x0000000089800000, 0x0000000089800000| Untracked 
| 117|0x0000000089900000, 0x0000000089900000, 0x0000000089a00000|  0%| F|  |TAMS 0x0000000089900000, 0x0000000089900000| Untracked 
| 118|0x0000000089a00000, 0x0000000089a00000, 0x0000000089b00000|  0%| F|  |TAMS 0x0000000089a00000, 0x0000000089a00000| Untracked 
| 119|0x0000000089b00000, 0x0000000089b00000, 0x0000000089c00000|  0%| F|  |TAMS 0x0000000089b00000, 0x0000000089b00000| Untracked 
| 120|0x0000000089c00000, 0x0000000089c00000, 0x0000000089d00000|  0%| F|  |TAMS 0x0000000089c00000, 0x0000000089c00000| Untracked 
| 121|0x0000000089d00000, 0x0000000089d00000, 0x0000000089e00000|  0%| F|  |TAMS 0x0000000089d00000, 0x0000000089d00000| Untracked 
| 122|0x0000000089e00000, 0x0000000089e00000, 0x0000000089f00000|  0%| F|  |TAMS 0x0000000089e00000, 0x0000000089e00000| Untracked 
| 123|0x0000000089f00000, 0x0000000089f00000, 0x000000008a000000|  0%| F|  |TAMS 0x0000000089f00000, 0x0000000089f00000| Untracked 
| 124|0x000000008a000000, 0x000000008a000000, 0x000000008a100000|  0%| F|  |TAMS 0x000000008a000000, 0x000000008a000000| Untracked 
| 125|0x000000008a100000, 0x000000008a100000, 0x000000008a200000|  0%| F|  |TAMS 0x000000008a100000, 0x000000008a100000| Untracked 
| 126|0x000000008a200000, 0x000000008a200000, 0x000000008a300000|  0%| F|  |TAMS 0x000000008a200000, 0x000000008a200000| Untracked 
| 127|0x000000008a300000, 0x000000008a300000, 0x000000008a400000|  0%| F|  |TAMS 0x000000008a300000, 0x000000008a300000| Untracked 
| 128|0x000000008a400000, 0x000000008a400000, 0x000000008a500000|  0%| F|  |TAMS 0x000000008a400000, 0x000000008a400000| Untracked 
| 129|0x000000008a500000, 0x000000008a500000, 0x000000008a600000|  0%| F|  |TAMS 0x000000008a500000, 0x000000008a500000| Untracked 
| 130|0x000000008a600000, 0x000000008a600000, 0x000000008a700000|  0%| F|  |TAMS 0x000000008a600000, 0x000000008a600000| Untracked 
| 131|0x000000008a700000, 0x000000008a700000, 0x000000008a800000|  0%| F|  |TAMS 0x000000008a700000, 0x000000008a700000| Untracked 
| 132|0x000000008a800000, 0x000000008a800000, 0x000000008a900000|  0%| F|  |TAMS 0x000000008a800000, 0x000000008a800000| Untracked 
| 133|0x000000008a900000, 0x000000008a900000, 0x000000008aa00000|  0%| F|  |TAMS 0x000000008a900000, 0x000000008a900000| Untracked 
| 134|0x000000008aa00000, 0x000000008aa00000, 0x000000008ab00000|  0%| F|  |TAMS 0x000000008aa00000, 0x000000008aa00000| Untracked 
| 135|0x000000008ab00000, 0x000000008ab00000, 0x000000008ac00000|  0%| F|  |TAMS 0x000000008ab00000, 0x000000008ab00000| Untracked 
| 136|0x000000008ac00000, 0x000000008ac00000, 0x000000008ad00000|  0%| F|  |TAMS 0x000000008ac00000, 0x000000008ac00000| Untracked 
| 137|0x000000008ad00000, 0x000000008ad00000, 0x000000008ae00000|  0%| F|  |TAMS 0x000000008ad00000, 0x000000008ad00000| Untracked 
| 138|0x000000008ae00000, 0x000000008ae00000, 0x000000008af00000|  0%| F|  |TAMS 0x000000008ae00000, 0x000000008ae00000| Untracked 
| 139|0x000000008af00000, 0x000000008af00000, 0x000000008b000000|  0%| F|  |TAMS 0x000000008af00000, 0x000000008af00000| Untracked 
| 140|0x000000008b000000, 0x000000008b000000, 0x000000008b100000|  0%| F|  |TAMS 0x000000008b000000, 0x000000008b000000| Untracked 
| 141|0x000000008b100000, 0x000000008b100000, 0x000000008b200000|  0%| F|  |TAMS 0x000000008b100000, 0x000000008b100000| Untracked 
| 142|0x000000008b200000, 0x000000008b200000, 0x000000008b300000|  0%| F|  |TAMS 0x000000008b200000, 0x000000008b200000| Untracked 
| 143|0x000000008b300000, 0x000000008b300000, 0x000000008b400000|  0%| F|  |TAMS 0x000000008b300000, 0x000000008b300000| Untracked 
| 144|0x000000008b400000, 0x000000008b400000, 0x000000008b500000|  0%| F|  |TAMS 0x000000008b400000, 0x000000008b400000| Untracked 
| 145|0x000000008b500000, 0x000000008b500000, 0x000000008b600000|  0%| F|  |TAMS 0x000000008b500000, 0x000000008b500000| Untracked 
| 146|0x000000008b600000, 0x000000008b600000, 0x000000008b700000|  0%| F|  |TAMS 0x000000008b600000, 0x000000008b600000| Untracked 
| 147|0x000000008b700000, 0x000000008b700000, 0x000000008b800000|  0%| F|  |TAMS 0x000000008b700000, 0x000000008b700000| Untracked 
| 148|0x000000008b800000, 0x000000008b800000, 0x000000008b900000|  0%| F|  |TAMS 0x000000008b800000, 0x000000008b800000| Untracked 
| 149|0x000000008b900000, 0x000000008b900000, 0x000000008ba00000|  0%| F|  |TAMS 0x000000008b900000, 0x000000008b900000| Untracked 
| 150|0x000000008ba00000, 0x000000008ba00000, 0x000000008bb00000|  0%| F|  |TAMS 0x000000008ba00000, 0x000000008ba00000| Untracked 
| 151|0x000000008bb00000, 0x000000008bb00000, 0x000000008bc00000|  0%| F|  |TAMS 0x000000008bb00000, 0x000000008bb00000| Untracked 

Card table byte_map: [0x00000194e4000000,0x00000194e43f0000] _byte_map_base: 0x00000194e3bee000

Marking Bits (Prev, Next): (CMBitMap*) 0x00000194ceebc0e0, (CMBitMap*) 0x00000194ceebc0a8
 Prev Bits: [0x00000194e6750000, 0x00000194e86c0000)
 Next Bits: [0x00000194e47e0000, 0x00000194e6750000)

Polling page: 0x00000194cef60000

Metaspace:

Usage:
  Non-class:     57.54 MB capacity,    57.08 MB (>99%) used,   354.26 KB ( <1%) free+waste,   107.81 KB ( <1%) overhead. 
      Class:      7.52 MB capacity,     7.24 MB ( 96%) used,   236.52 KB (  3%) free+waste,    47.50 KB ( <1%) overhead. 
       Both:     65.05 MB capacity,    64.32 MB ( 99%) used,   590.78 KB ( <1%) free+waste,   155.31 KB ( <1%) overhead. 

Virtual space:
  Non-class space:       58.00 MB reserved,      57.75 MB (>99%) committed 
      Class space:        1.00 GB reserved,       7.55 MB ( <1%) committed 
             Both:        1.06 GB reserved,      65.30 MB (  6%) committed 

Chunk freelists:
   Non-Class:  28.00 KB
       Class:  16.00 KB
        Both:  44.00 KB

MaxMetaspaceSize: 17179869184.00 GB
CompressedClassSpaceSize: 1.00 GB
Initial GC threshold: 20.80 MB
Current GC threshold: 98.41 MB
CDS: off

CodeHeap 'non-profiled nmethods': size=120000Kb used=4463Kb max_used=4463Kb free=115536Kb
 bounds [0x00000194dbc80000, 0x00000194dc0e0000, 0x00000194e31b0000]
CodeHeap 'profiled nmethods': size=120000Kb used=23955Kb max_used=23955Kb free=96044Kb
 bounds [0x00000194d4750000, 0x00000194d5ec0000, 0x00000194dbc80000]
CodeHeap 'non-nmethods': size=5760Kb used=1340Kb max_used=1366Kb free=4419Kb
 bounds [0x00000194d41b0000, 0x00000194d4420000, 0x00000194d4750000]
 total_blobs=9276 nmethods=8646 adapters=540
 compilation: enabled
              stopped_count=0, restarted_count=0
 full_count=0

Compilation events (20 events):
Event: 7.226 Thread 0x00000194eb1be800 8650       3       org.jetbrains.kotlin.load.kotlin.KotlinBinaryClassCache$Companion::getKotlinBinaryClassOrClassFileContent (119 bytes)
Event: 7.227 Thread 0x00000194eb1be800 nmethod 8650 0x00000194d5eaf490 code [0x00000194d5eaf8e0, 0x00000194d5eb17b8]
Event: 7.228 Thread 0x00000194eb1be800 8652       3       java.lang.String::replace (42 bytes)
Event: 7.228 Thread 0x00000194eb1be800 nmethod 8652 0x00000194d5eb2110 code [0x00000194d5eb22e0, 0x00000194d5eb25f8]
Event: 7.228 Thread 0x00000194eb1be800 8651       3       org.jetbrains.kotlin.load.kotlin.header.ReadKotlinClassHeaderAnnotationVisitor$KotlinMetadataArgumentVisitor$1::visitEnd (21 bytes)
Event: 7.228 Thread 0x00000194eea73000 8653 %     4       org.jetbrains.org.objectweb.asm.ClassReader::<init> @ 76 (339 bytes)
Event: 7.229 Thread 0x00000194eb1be800 nmethod 8651 0x00000194d5eb2710 code [0x00000194d5eb29e0, 0x00000194d5eb3928]
Event: 7.229 Thread 0x00000194eb1be800 8654       3       java.util.ArrayList::contains (14 bytes)
Event: 7.229 Thread 0x00000194eb1be800 nmethod 8654 0x00000194d5eb3e10 code [0x00000194d5eb3fe0, 0x00000194d5eb42c8]
Event: 7.235 Thread 0x00000194eea73000 nmethod 8653% 0x00000194dc0da790 code [0x00000194dc0da940, 0x00000194dc0dae48]
Event: 7.235 Thread 0x00000194eea73000 8655       4       org.jetbrains.kotlin.metadata.ProtoBuf$Function::getContextReceiverTypeCount (10 bytes)
Event: 7.236 Thread 0x00000194eea73000 nmethod 8655 0x00000194dc0db110 code [0x00000194dc0db2a0, 0x00000194dc0db338]
Event: 7.236 Thread 0x00000194eea73000 8656       4       org.jetbrains.kotlin.metadata.ProtoBuf$Function::hasTypeTable (20 bytes)
Event: 7.236 Thread 0x00000194eea73000 nmethod 8656 0x00000194dc0db410 code [0x00000194dc0db5a0, 0x00000194dc0db618]
Event: 7.238 Thread 0x00000194eb1be800 8657       3       org.jetbrains.kotlin.ir.symbols.impl.IrBindableSymbolBase::isOriginalDescriptor (45 bytes)
Event: 7.238 Thread 0x00000194eea73000 8658       4       kotlin.collections.IndexingIterator::hasNext (10 bytes)
Event: 7.238 Thread 0x00000194eb1be800 nmethod 8657 0x00000194d5eb4390 code [0x00000194d5eb45c0, 0x00000194d5eb4e18]
Event: 7.239 Thread 0x00000194eb1be800 8659       1       org.jetbrains.kotlin.ir.descriptors.IrBuiltinValueParameterDescriptorImpl::getContainingDeclaration (5 bytes)
Event: 7.239 Thread 0x00000194eea73000 nmethod 8658 0x00000194dc0db710 code [0x00000194dc0db8a0, 0x00000194dc0db938]
Event: 7.239 Thread 0x00000194eb1be800 nmethod 8659 0x00000194dc0dba10 code [0x00000194dc0dbbc0, 0x00000194dc0dbc78]

GC Heap History (17 events):
Event: 0.621 GC heap before
{Heap before GC invocations=0 (full 0):
 garbage-first heap   total 129024K, used 27648K [0x0000000082400000, 0x0000000100000000)
  region size 1024K, 24 young (24576K), 0 survivors (0K)
 Metaspace       used 12426K, capacity 12561K, committed 12800K, reserved 1060864K
  class space    used 1135K, capacity 1182K, committed 1280K, reserved 1048576K
}
Event: 0.625 GC heap after
{Heap after GC invocations=1 (full 0):
 garbage-first heap   total 129024K, used 6277K [0x0000000082400000, 0x0000000100000000)
  region size 1024K, 3 young (3072K), 3 survivors (3072K)
 Metaspace       used 12426K, capacity 12561K, committed 12800K, reserved 1060864K
  class space    used 1135K, capacity 1182K, committed 1280K, reserved 1048576K
}
Event: 1.091 GC heap before
{Heap before GC invocations=1 (full 0):
 garbage-first heap   total 129024K, used 43141K [0x0000000082400000, 0x0000000100000000)
  region size 1024K, 40 young (40960K), 3 survivors (3072K)
 Metaspace       used 20994K, capacity 21199K, committed 21296K, reserved 1069056K
  class space    used 2228K, capacity 2305K, committed 2352K, reserved 1048576K
}
Event: 1.100 GC heap after
{Heap after GC invocations=2 (full 0):
 garbage-first heap   total 129024K, used 9770K [0x0000000082400000, 0x0000000100000000)
  region size 1024K, 7 young (7168K), 7 survivors (7168K)
 Metaspace       used 20994K, capacity 21199K, committed 21296K, reserved 1069056K
  class space    used 2228K, capacity 2305K, committed 2352K, reserved 1048576K
}
Event: 1.714 GC heap before
{Heap before GC invocations=3 (full 0):
 garbage-first heap   total 129024K, used 65066K [0x0000000082400000, 0x0000000100000000)
  region size 1024K, 56 young (57344K), 7 survivors (7168K)
 Metaspace       used 31904K, capacity 32319K, committed 32432K, reserved 1077248K
  class space    used 3993K, capacity 4178K, committed 4272K, reserved 1048576K
}
Event: 1.730 GC heap after
{Heap after GC invocations=4 (full 0):
 garbage-first heap   total 129024K, used 21316K [0x0000000082400000, 0x0000000100000000)
  region size 1024K, 7 young (7168K), 7 survivors (7168K)
 Metaspace       used 31904K, capacity 32319K, committed 32432K, reserved 1077248K
  class space    used 3993K, capacity 4178K, committed 4272K, reserved 1048576K
}
Event: 1.935 GC heap before
{Heap before GC invocations=4 (full 0):
 garbage-first heap   total 129024K, used 37700K [0x0000000082400000, 0x0000000100000000)
  region size 1024K, 24 young (24576K), 7 survivors (7168K)
 Metaspace       used 35334K, capacity 35791K, committed 35888K, reserved 1081344K
  class space    used 4382K, capacity 4568K, committed 4656K, reserved 1048576K
}
Event: 1.943 GC heap after
{Heap after GC invocations=5 (full 0):
 garbage-first heap   total 129024K, used 21826K [0x0000000082400000, 0x0000000100000000)
  region size 1024K, 3 young (3072K), 3 survivors (3072K)
 Metaspace       used 35334K, capacity 35791K, committed 35888K, reserved 1081344K
  class space    used 4382K, capacity 4568K, committed 4656K, reserved 1048576K
}
Event: 2.564 GC heap before
{Heap before GC invocations=6 (full 0):
 garbage-first heap   total 129024K, used 67906K [0x0000000082400000, 0x0000000100000000)
  region size 1024K, 48 young (49152K), 3 survivors (3072K)
 Metaspace       used 45357K, capacity 45810K, committed 46128K, reserved 1089536K
  class space    used 5393K, capacity 5574K, committed 5680K, reserved 1048576K
}
Event: 2.574 GC heap after
{Heap after GC invocations=7 (full 0):
 garbage-first heap   total 155648K, used 25486K [0x0000000082400000, 0x0000000100000000)
  region size 1024K, 6 young (6144K), 6 survivors (6144K)
 Metaspace       used 45357K, capacity 45810K, committed 46128K, reserved 1089536K
  class space    used 5393K, capacity 5574K, committed 5680K, reserved 1048576K
}
Event: 3.627 GC heap before
{Heap before GC invocations=7 (full 0):
 garbage-first heap   total 155648K, used 88974K [0x0000000082400000, 0x0000000100000000)
  region size 1024K, 65 young (66560K), 6 survivors (6144K)
 Metaspace       used 52788K, capacity 53402K, committed 53680K, reserved 1095680K
  class space    used 6248K, capacity 6501K, committed 6576K, reserved 1048576K
}
Event: 3.642 GC heap after
{Heap after GC invocations=8 (full 0):
 garbage-first heap   total 155648K, used 33736K [0x0000000082400000, 0x0000000100000000)
  region size 1024K, 9 young (9216K), 9 survivors (9216K)
 Metaspace       used 52788K, capacity 53402K, committed 53680K, reserved 1095680K
  class space    used 6248K, capacity 6501K, committed 6576K, reserved 1048576K
}
Event: 4.579 GC heap before
{Heap before GC invocations=8 (full 0):
 garbage-first heap   total 155648K, used 95176K [0x0000000082400000, 0x0000000100000000)
  region size 1024K, 69 young (70656K), 9 survivors (9216K)
 Metaspace       used 56980K, capacity 57653K, committed 57904K, reserved 1099776K
  class space    used 6562K, capacity 6847K, committed 6960K, reserved 1048576K
}
Event: 4.605 GC heap after
{Heap after GC invocations=9 (full 0):
 garbage-first heap   total 155648K, used 43513K [0x0000000082400000, 0x0000000100000000)
  region size 1024K, 9 young (9216K), 9 survivors (9216K)
 Metaspace       used 56980K, capacity 57653K, committed 57904K, reserved 1099776K
  class space    used 6562K, capacity 6847K, committed 6960K, reserved 1048576K
}
Event: 5.113 GC heap before
{Heap before GC invocations=9 (full 0):
 garbage-first heap   total 155648K, used 76281K [0x0000000082400000, 0x0000000100000000)
  region size 1024K, 42 young (43008K), 9 survivors (9216K)
 Metaspace       used 59475K, capacity 60083K, committed 60208K, reserved 1101824K
  class space    used 6841K, capacity 7124K, committed 7216K, reserved 1048576K
}
Event: 5.130 GC heap after
{Heap after GC invocations=10 (full 0):
 garbage-first heap   total 155648K, used 47575K [0x0000000082400000, 0x0000000100000000)
  region size 1024K, 4 young (4096K), 4 survivors (4096K)
 Metaspace       used 59475K, capacity 60083K, committed 60208K, reserved 1101824K
  class space    used 6841K, capacity 7124K, committed 7216K, reserved 1048576K
}
Event: 7.240 GC heap before
{Heap before GC invocations=11 (full 0):
 garbage-first heap   total 155648K, used 102871K [0x0000000082400000, 0x0000000100000000)
  region size 1024K, 57 young (58368K), 4 survivors (4096K)
 Metaspace       used 65865K, capacity 66612K, committed 66864K, reserved 1107968K
  class space    used 7411K, capacity 7696K, committed 7728K, reserved 1048576K
}

Deoptimization events (20 events):
Event: 7.174 Thread 0x00000194cee7d000 Uncommon trap: trap_request=0xffffffdc fr.pc=0x00000194dc0d9af4 relative=0x0000000000000234
Event: 7.174 Thread 0x00000194cee7d000 Uncommon trap: reason=class_check action=make_not_entrant pc=0x00000194dc0d9af4 method=java.util.ArrayList.toArray([Ljava/lang/Object;)[Ljava/lang/Object; @ 21 c2
Event: 7.174 Thread 0x00000194cee7d000 DEOPT PACKING pc=0x00000194dc0d9af4 sp=0x00000049a7ffe550
Event: 7.174 Thread 0x00000194cee7d000 DEOPT UNPACKING pc=0x00000194d41fa1af sp=0x00000049a7ffe500 mode 2
Event: 7.221 Thread 0x00000194cee7d000 Uncommon trap: trap_request=0xffffffcc fr.pc=0x00000194dc0ca824 relative=0x0000000000006b24
Event: 7.221 Thread 0x00000194cee7d000 Uncommon trap: reason=intrinsic_or_type_checked_inlining action=make_not_entrant pc=0x00000194dc0ca824 method=java.util.ArrayList$SubList.toArray([Ljava/lang/Object;)[Ljava/lang/Object; @ 58 c2
Event: 7.221 Thread 0x00000194cee7d000 DEOPT PACKING pc=0x00000194dc0ca824 sp=0x00000049a7ffdb30
Event: 7.221 Thread 0x00000194cee7d000 DEOPT UNPACKING pc=0x00000194d41fa1af sp=0x00000049a7ffd8d8 mode 2
Event: 7.223 Thread 0x00000194cee7d000 Uncommon trap: trap_request=0xffffff4d fr.pc=0x00000194dbf3ff40 relative=0x0000000000000200
Event: 7.223 Thread 0x00000194cee7d000 Uncommon trap: reason=unstable_if action=reinterpret pc=0x00000194dbf3ff40 method=org.jetbrains.kotlin.name.FqNameUnsafe.toSafe()Lorg/jetbrains/kotlin/name/FqName; @ 4 c2
Event: 7.223 Thread 0x00000194cee7d000 DEOPT PACKING pc=0x00000194dbf3ff40 sp=0x00000049a7ffe6d0
Event: 7.223 Thread 0x00000194cee7d000 DEOPT UNPACKING pc=0x00000194d41fa1af sp=0x00000049a7ffe690 mode 2
Event: 7.239 Thread 0x00000194cee7d000 Uncommon trap: trap_request=0xffffffc6 fr.pc=0x00000194dbf60524 relative=0x0000000000000864
Event: 7.239 Thread 0x00000194cee7d000 Uncommon trap: reason=bimorphic_or_optimized_type_check action=maybe_recompile pc=0x00000194dbf60524 method=org.jetbrains.kotlin.storage.LockBasedStorageManager$LockBasedLazyValue.invoke()Ljava/lang/Object; @ 24 c2
Event: 7.239 Thread 0x00000194cee7d000 DEOPT PACKING pc=0x00000194dbf60524 sp=0x00000049a7ffe5e0
Event: 7.239 Thread 0x00000194cee7d000 DEOPT UNPACKING pc=0x00000194d41fa1af sp=0x00000049a7ffe598 mode 2
Event: 7.239 Thread 0x00000194cee7d000 Uncommon trap: trap_request=0xffffffc6 fr.pc=0x00000194dbf60524 relative=0x0000000000000864
Event: 7.239 Thread 0x00000194cee7d000 Uncommon trap: reason=bimorphic_or_optimized_type_check action=maybe_recompile pc=0x00000194dbf60524 method=org.jetbrains.kotlin.storage.LockBasedStorageManager$LockBasedLazyValue.invoke()Ljava/lang/Object; @ 24 c2
Event: 7.239 Thread 0x00000194cee7d000 DEOPT PACKING pc=0x00000194dbf60524 sp=0x00000049a7ffe240
Event: 7.239 Thread 0x00000194cee7d000 DEOPT UNPACKING pc=0x00000194d41fa1af sp=0x00000049a7ffe1f8 mode 2

Classes redefined (0 events):
No events

Internal exceptions (20 events):
Event: 3.984 Thread 0x00000194cee7d000 Exception <a 'java/lang/NoSuchMethodError'{0x000000008a34c310}: 'java.lang.Object java.lang.invoke.DirectMethodHandle$Holder.invokeStaticInit(java.lang.Object, java.lang.Object, java.lang.Object)'> (0x000000008a34c310) thrown at [./src/hotspot/share/interpreter/linkResolver.cpp, line 773]
Event: 4.550 Thread 0x00000194cee7d000 Exception <a 'java/lang/NoSuchMethodError'{0x00000000881233a8}: 'java.lang.Object java.lang.invoke.DirectMethodHandle$Holder.invokeStatic(java.lang.Object, int, java.lang.Object, java.lang.Object)'> (0x00000000881233a8) thrown at [./src/hotspot/share/interpreter/linkResolver.cpp, line 773]
Event: 4.551 Thread 0x00000194cee7d000 Exception <a 'java/lang/NoSuchMethodError'{0x000000008812d878}: 'int java.lang.invoke.DirectMethodHandle$Holder.invokeInterface(java.lang.Object, java.lang.Object)'> (0x000000008812d878) thrown at [./src/hotspot/share/interpreter/linkResolver.cpp, line 773]
Event: 4.887 Thread 0x00000194cee7d000 Implicit null exception at 0x00000194dbf408b9 to 0x00000194dbf40ea7
Event: 4.906 Thread 0x00000194cee7d000 Exception <a 'java/lang/NoSuchMethodError'{0x000000008a4e3888}: 'int java.lang.invoke.DirectMethodHandle$Holder.invokeStaticInit(java.lang.Object, int)'> (0x000000008a4e3888) thrown at [./src/hotspot/share/interpreter/linkResolver.cpp, line 773]
Event: 4.956 Thread 0x00000194cee7d000 Implicit null exception at 0x00000194dbcdd1de to 0x00000194dbcdd946
Event: 4.956 Thread 0x00000194cee7d000 Implicit null exception at 0x00000194dbceb82f to 0x00000194dbceb89d
Event: 5.017 Thread 0x00000194cee7d000 Implicit null exception at 0x00000194dbf0d15c to 0x00000194dbf0daa0
Event: 5.050 Thread 0x00000194cee7d000 Implicit null exception at 0x00000194dbc9c677 to 0x00000194dbc9cb6c
Event: 5.065 Thread 0x00000194cee7d000 Exception <a 'java/lang/NoSuchMethodError'{0x0000000089d8de38}: 'java.lang.Object java.lang.invoke.DirectMethodHandle$Holder.invokeInterface(java.lang.Object, java.lang.Object, java.lang.Object)'> (0x0000000089d8de38) thrown at [./src/hotspot/share/interpreter/linkResolver.cpp, line 773]
Event: 5.065 Thread 0x00000194cee7d000 Exception <a 'java/lang/IncompatibleClassChangeError'{0x0000000089d91068}: Found class java.lang.Object, but interface was expected> (0x0000000089d91068) thrown at [./src/hotspot/share/interpreter/linkResolver.cpp, line 839]
Event: 5.073 Thread 0x00000194cee7d000 Implicit null exception at 0x00000194dbc9b874 to 0x00000194dbc9bda4
Event: 5.498 Thread 0x00000194cee7d000 Exception <a 'java/lang/NoSuchMethodError'{0x000000008b6d4190}: 'java.lang.Object java.lang.invoke.Invokers$Holder.linkToTargetMethod(java.lang.Object, java.lang.Object, java.lang.Object, int, int, java.lang.Object)'> (0x000000008b6d4190) thrown at [./src/hotspot/share/interpreter/linkResolver.cpp, line 773]
Event: 5.813 Thread 0x00000194cee7d000 Exception <a 'java/lang/NoSuchMethodError'{0x000000008aa474e8}: 'java.lang.Object java.lang.invoke.Invokers$Holder.linkToTargetMethod(java.lang.Object, java.lang.Object, java.lang.Object, java.lang.Object, java.lang.Object, java.lang.Object, java.lang.Object)'> (0x000000008aa474e8) thrown at [./src/hotspot/share/interpreter/linkResolver.cpp, line 773]
Event: 6.136 Thread 0x00000194cee7d000 Implicit null exception at 0x00000194dc032a4f to 0x00000194dc032b04
Event: 6.744 Thread 0x00000194cee7d000 Implicit null exception at 0x00000194dbce31f5 to 0x00000194dbce33bc
Event: 6.887 Thread 0x00000194cee7d000 Implicit null exception at 0x00000194dc01b881 to 0x00000194dc01bb94
Event: 6.888 Thread 0x00000194cee7d000 Implicit null exception at 0x00000194dbf144fb to 0x00000194dbf1479c
Event: 6.996 Thread 0x00000194cee7d000 Implicit null exception at 0x00000194dbf4d35e to 0x00000194dbf4d8a0
Event: 7.148 Thread 0x00000194cee7d000 Exception <a 'java/lang/NoSuchMethodError'{0x00000000889f7528}: 'java.lang.Object java.lang.invoke.DirectMethodHandle$Holder.invokeStaticInit(java.lang.Object, java.lang.Object, java.lang.Object, java.lang.Object)'> (0x00000000889f7528) thrown at [./src/hotspot/share/interpreter/linkResolver.cpp, line 773]

Events (20 events):
Event: 7.232 loading class org/jetbrains/kotlin/ir/descriptors/IrBuiltinValueParameterDescriptorImpl done
Event: 7.232 loading class org/jetbrains/kotlin/ir/descriptors/IrBuiltinValueParameterDescriptor
Event: 7.232 loading class org/jetbrains/kotlin/ir/descriptors/IrBuiltinValueParameterDescriptor done
Event: 7.233 Executing VM operation: Deoptimize
Event: 7.234 Executing VM operation: Deoptimize done
Event: 7.234 loading class org/jetbrains/kotlin/ir/descriptors/IrBuiltInsOverDescriptors$defineOperator$symbol$1
Event: 7.234 loading class org/jetbrains/kotlin/ir/descriptors/IrBuiltInsOverDescriptors$defineOperator$symbol$1 done
Event: 7.235 loading class org/jetbrains/kotlin/ir/symbols/impl/IrSimpleFunctionSymbolImpl
Event: 7.235 loading class org/jetbrains/kotlin/ir/symbols/impl/IrSimpleFunctionSymbolImpl done
Event: 7.235 loading class org/jetbrains/kotlin/ir/symbols/IrSimpleFunctionSymbol
Event: 7.235 loading class org/jetbrains/kotlin/ir/symbols/IrSimpleFunctionSymbol done
Event: 7.235 loading class org/jetbrains/kotlin/ir/declarations/impl/IrFunctionImpl
Event: 7.235 loading class org/jetbrains/kotlin/ir/declarations/impl/IrFunctionImpl done
Event: 7.236 loading class org/jetbrains/kotlin/ir/declarations/impl/IrFunctionCommonImpl
Event: 7.236 loading class org/jetbrains/kotlin/ir/declarations/impl/IrFunctionCommonImpl done
Event: 7.239 loading class org/jetbrains/kotlin/ir/descriptors/IrBuiltInsOverDescriptors$defineCheckNotNullOperator$1
Event: 7.239 loading class org/jetbrains/kotlin/ir/descriptors/IrBuiltInsOverDescriptors$defineCheckNotNullOperator$1 done
Event: 7.240 loading class org/jetbrains/kotlin/ir/util/SymbolTable$declareGlobalTypeParameter$1
Event: 7.240 loading class org/jetbrains/kotlin/ir/util/SymbolTable$declareGlobalTypeParameter$1 done
Event: 7.240 Executing VM operation: G1CollectForAllocation


Dynamic libraries:
0x00007ff665000000 - 0x00007ff66500a000 	C:\Program Files\Android\Android Studio1\jre\bin\java.exe
0x00007ffef7310000 - 0x00007ffef7508000 	C:\WINDOWS\SYSTEM32\ntdll.dll
0x00007ffef7210000 - 0x00007ffef72cf000 	C:\WINDOWS\System32\KERNEL32.DLL
0x00007ffef4dc0000 - 0x00007ffef5092000 	C:\WINDOWS\System32\KERNELBASE.dll
0x00007ffef50a0000 - 0x00007ffef51a0000 	C:\WINDOWS\System32\ucrtbase.dll
0x00007ffeef8a0000 - 0x00007ffeef8b7000 	C:\Program Files\Android\Android Studio1\jre\bin\VCRUNTIME140.dll
0x00007ffeedb10000 - 0x00007ffeedb29000 	C:\Program Files\Android\Android Studio1\jre\bin\jli.dll
0x00007ffef5640000 - 0x00007ffef57e1000 	C:\WINDOWS\System32\USER32.dll
0x00007ffee1290000 - 0x00007ffee152a000 	C:\WINDOWS\WinSxS\amd64_microsoft.windows.common-controls_6595b64144ccf1df_6.0.19041.1110_none_60b5254171f9507e\COMCTL32.dll
0x00007ffef4a00000 - 0x00007ffef4a22000 	C:\WINDOWS\System32\win32u.dll
0x00007ffef5540000 - 0x00007ffef55de000 	C:\WINDOWS\System32\msvcrt.dll
0x00007ffef5460000 - 0x00007ffef548b000 	C:\WINDOWS\System32\GDI32.dll
0x00007ffef51a0000 - 0x00007ffef52af000 	C:\WINDOWS\System32\gdi32full.dll
0x00007ffef52b0000 - 0x00007ffef534d000 	C:\WINDOWS\System32\msvcp_win.dll
0x00007ffef67b0000 - 0x00007ffef67e2000 	C:\WINDOWS\System32\IMM32.DLL
0x00007ffee0f40000 - 0x00007ffee0fdd000 	C:\Program Files\Android\Android Studio1\jre\bin\msvcp140.dll
0x00007ffeb5be0000 - 0x00007ffeb66c5000 	C:\Program Files\Android\Android Studio1\jre\bin\server\jvm.dll
0x00007ffef6060000 - 0x00007ffef610e000 	C:\WINDOWS\System32\ADVAPI32.dll
0x00007ffef67f0000 - 0x00007ffef688c000 	C:\WINDOWS\System32\sechost.dll
0x00007ffef59a0000 - 0x00007ffef5ac5000 	C:\WINDOWS\System32\RPCRT4.dll
0x00007ffef7200000 - 0x00007ffef7208000 	C:\WINDOWS\System32\PSAPI.DLL
0x00007ffeedad0000 - 0x00007ffeedad9000 	C:\WINDOWS\SYSTEM32\WSOCK32.dll
0x00007ffee1f30000 - 0x00007ffee1f57000 	C:\WINDOWS\SYSTEM32\WINMM.dll
0x00007ffef66e0000 - 0x00007ffef674b000 	C:\WINDOWS\System32\WS2_32.dll
0x00007ffeee710000 - 0x00007ffeee71a000 	C:\WINDOWS\SYSTEM32\VERSION.dll
0x00007ffef3250000 - 0x00007ffef3262000 	C:\WINDOWS\SYSTEM32\kernel.appcore.dll
0x00007ffeed480000 - 0x00007ffeed491000 	C:\Program Files\Android\Android Studio1\jre\bin\verify.dll
0x00007ffef2650000 - 0x00007ffef2834000 	C:\WINDOWS\SYSTEM32\DBGHELP.DLL
0x00007ffeeba90000 - 0x00007ffeebac5000 	C:\WINDOWS\SYSTEM32\dbgcore.DLL
0x00007ffef4cb0000 - 0x00007ffef4d32000 	C:\WINDOWS\System32\bcryptPrimitives.dll
0x00007ffee9720000 - 0x00007ffee9749000 	C:\Program Files\Android\Android Studio1\jre\bin\java.dll
0x00007ffeeda50000 - 0x00007ffeeda5b000 	C:\Program Files\Android\Android Studio1\jre\bin\jimage.dll
0x00007ffed8ab0000 - 0x00007ffed8ac8000 	C:\Program Files\Android\Android Studio1\jre\bin\zip.dll
0x00007ffef68b0000 - 0x00007ffef6ff4000 	C:\WINDOWS\System32\SHELL32.dll
0x00007ffef2aa0000 - 0x00007ffef3232000 	C:\WINDOWS\SYSTEM32\windows.storage.dll
0x00007ffef5d00000 - 0x00007ffef6055000 	C:\WINDOWS\System32\combase.dll
0x00007ffef4460000 - 0x00007ffef4490000 	C:\WINDOWS\SYSTEM32\Wldp.dll
0x00007ffef5350000 - 0x00007ffef53fd000 	C:\WINDOWS\System32\SHCORE.dll
0x00007ffef6750000 - 0x00007ffef67a5000 	C:\WINDOWS\System32\shlwapi.dll
0x00007ffef4940000 - 0x00007ffef495f000 	C:\WINDOWS\SYSTEM32\profapi.dll
0x00007ffed8a90000 - 0x00007ffed8aaa000 	C:\Program Files\Android\Android Studio1\jre\bin\net.dll
0x00007ffeea6d0000 - 0x00007ffeea7dc000 	C:\WINDOWS\SYSTEM32\WINHTTP.dll
0x00007ffef41c0000 - 0x00007ffef422a000 	C:\WINDOWS\system32\mswsock.dll
0x00007ffec5060000 - 0x00007ffec5074000 	C:\Program Files\Android\Android Studio1\jre\bin\nio.dll

dbghelp: loaded successfully - version: 4.0.5 - missing functions: none
symbol engine: initialized successfully - sym options: 0x614 - pdb path: .;C:\Program Files\Android\Android Studio1\jre\bin;C:\WINDOWS\SYSTEM32;C:\WINDOWS\WinSxS\amd64_microsoft.windows.common-controls_6595b64144ccf1df_6.0.19041.1110_none_60b5254171f9507e;C:\Program Files\Android\Android Studio1\jre\bin\server

VM Arguments:
java_command: org.jetbrains.kotlin.cli.jvm.K2JVMCompiler @C:\Users\Horvath\AndroidStudioProjects\Android-11.eloadas\app\build\20221219_5702680383053151045.compiler.options
java_class_path (initial): C:\Users\Horvath\.gradle\caches\modules-2\files-2.1\org.jetbrains.kotlin\kotlin-compiler-embeddable\1.7.10\909803167c98606fcf22b4c848647c68e351d48d\kotlin-compiler-embeddable-1.7.10.jar;C:\Users\Horvath\.gradle\caches\modules-2\files-2.1\org.jetbrains.kotlin\kotlin-reflect\1.7.10\165e600dfea6185cf5efa700756294cc4904dbeb\kotlin-reflect-1.7.10.jar;C:\Users\Horvath\.gradle\caches\modules-2\files-2.1\org.jetbrains.kotlin\kotlin-stdlib\1.7.10\d2abf9e77736acc4450dc4a3f707fa2c10f5099d\kotlin-stdlib-1.7.10.jar;C:\Users\Horvath\.gradle\caches\modules-2\files-2.1\org.jetbrains.kotlin\kotlin-script-runtime\1.7.10\c99c87a6988d8fd8d5142e9ed5c9f34a7cf561ee\kotlin-script-runtime-1.7.10.jar;C:\Users\Horvath\.gradle\caches\modules-2\files-2.1\org.jetbrains.kotlin\kotlin-daemon-embeddable\1.7.10\3a9f7aef7080d3ae63126cbba4f827ed664f32fa\kotlin-daemon-embeddable-1.7.10.jar;C:\Users\Horvath\.gradle\caches\modules-2\files-2.1\org.jetbrains.intellij.deps\trove4j\1.0.20200330\3afb14d5f9ceb459d724e907a21145e8ff394f02\trove4j-1.0.20200330.jar;C:\Users\Horvath\.gradle\caches\modules-2\files-2.1\net.java.dev.jna\jna\5.6.0\330f2244e9030119ab3030fc3fededc86713d9cc\jna-5.6.0.jar;C:\Users\Horvath\.gradle\caches\modules-2\files-2.1\org.jetbrains.kotlin\kotlin-stdlib-common\1.7.10\bac80c520d0a9e3f3673bc2658c6ed02ef45a76a\kotlin-stdlib-common-1.7.10.jar;C:\Users\Horvath\.gradle\caches\modules-2\files-2.1\org.jetbrains\annotations\13.0\919f0dfe192fb4e063e7dacadee7f8bb9a2672a9\annotations-13.0.jar
Launcher Type: SUN_STANDARD

[Global flags]
     intx CICompilerCount                          = 4                                         {product} {ergonomic}
     uint ConcGCThreads                            = 2                                         {product} {ergonomic}
     uint G1ConcRefinementThreads                  = 8                                         {product} {ergonomic}
   size_t G1HeapRegionSize                         = 1048576                                   {product} {ergonomic}
    uintx GCDrainStackTargetSize                   = 64                                        {product} {ergonomic}
   size_t InitialHeapSize                          = 132120576                                 {product} {ergonomic}
   size_t MarkStackSize                            = 4194304                                   {product} {ergonomic}
   size_t MaxHeapSize                              = 2109734912                                {product} {ergonomic}
   size_t MaxNewSize                               = 1265631232                                {product} {ergonomic}
   size_t MinHeapDeltaBytes                        = 1048576                                   {product} {ergonomic}
    uintx NonNMethodCodeHeapSize                   = 5836300                                {pd product} {ergonomic}
    uintx NonProfiledCodeHeapSize                  = 122910970                              {pd product} {ergonomic}
    uintx ProfiledCodeHeapSize                     = 122910970                              {pd product} {ergonomic}
    uintx ReservedCodeCacheSize                    = 251658240                              {pd product} {ergonomic}
     bool SegmentedCodeCache                       = true                                      {product} {ergonomic}
     bool UseCompressedClassPointers               = true                                 {lp64_product} {ergonomic}
     bool UseCompressedOops                        = true                                 {lp64_product} {ergonomic}
     bool UseG1GC                                  = true                                      {product} {ergonomic}
     bool UseLargePagesIndividualAllocation        = false                                  {pd product} {ergonomic}

Logging:
Log output configuration:
 #0: stdout all=warning uptime,level,tags
 #1: stderr all=off uptime,level,tags

Environment Variables:
PATH=C:\Program Files\Common Files\Oracle\Java\javapath;C:\Program Files (x86)\Common Files\Oracle\Java\javapath;C:\WINDOWS\system32;C:\WINDOWS;C:\WINDOWS\System32\Wbem;C:\WINDOWS\System32\WindowsPowerShell\v1.0\;C:\WINDOWS\System32\OpenSSH\;C:\TDM-GCC-64\bin;C:\Users\Horvath\AppData\Roaming\Microsoft\Windows\Start Menu\Programs\Python 3.8;C:\Users\Horvath\AppData\Local\Programs\Python\Python38-32;C:\Program Files\dotnet\;C:\Program Files\Microsoft SQL Server\130\Tools\Binn\;C:\Program Files\Microsoft SQL Server\Client SDK\ODBC\170\Tools\Binn\;C:\TDM-GCC-64;C:\Program Files\swipl\bin;C:\ProgramData\chocolatey\bin;C:\Program Files\Git\cmd;C:\Program Files\MATLAB\R2022b\bin;C:\Program Files\nodejs\;C:\Program Files\MySQL\MySQL Shell 8.0\bin\;C:\Users\Horvath\AppData\Local\Microsoft\WindowsApps;C:\Users\Horvath\.dotnet\tools;C:\Program Files\JetBrains\CLion 2020.3.2\bin;C:\Users\Horvath\AppData\Local\atom\bin;C:\Users\Horvath\AppData\Local\GitHubDesktop\bin;D:\Microsoft VS Code\bin;C:\Users\Horvath\AppData\Roaming\cabal\bin;C:\tools\ghc-9.2.1\bin;C:\tools\msys64;C:\Users\Horvath\AppData\Roaming\local\bin;C:\Users\Horvath\.dotnet\tools;D:\mongoShell\mongosh-1.5.0-win32-x64\bin;C:\src\flutter\flutter\bin;C:\Users\Horvath\AppData\Roaming\npm
USERNAME=Horvath
OS=Windows_NT
PROCESSOR_IDENTIFIER=Intel64 Family 6 Model 158 Stepping 10, GenuineIntel



---------------  S Y S T E M  ---------------

OS: Windows 10 , 64 bit Build 19041 (10.0.19041.2364)
OS uptime: 0 days 7:52 hours

CPU:total 8 (initial active 8) (4 cores per cpu, 2 threads per core) family 6 model 158 stepping 10 microcode 0xca, cmov, cx8, fxsr, mmx, sse, sse2, sse3, ssse3, sse4.1, sse4.2, popcnt, avx, avx2, aes, clmul, erms, 3dnowpref, lzcnt, ht, tsc, tscinvbit, bmi1, bmi2, adx, fma

Memory: 4k page, system-wide physical 8044M (467M free)
TotalPageFile size 12140M (AvailPageFile size 31M)
current process WorkingSet (physical memory assigned to process): 335M, peak: 337M
current process commit charge ("private bytes"): 391M, peak: 431M

vm_info: OpenJDK 64-Bit Server VM (11.0.12+7-b1504.28-7817840) for windows-amd64 JRE (11.0.12+7-b1504.28-7817840), built on Oct 13 2021 22:12:33 by "builder" with MS VC++ 14.0 (VS2015)

END.
